Using pre-set license
Built from '2021.3/staging' branch; Version is '2021.3.18f1 (3129e69bc0c7) revision 3221990'; Using compiler version '192829333'; Build Type 'Release'
OS: 'Windows 10  (10.0.19043) 64bit Professional' Language: 'ru' Physical Memory: 15741 MB
BatchMode: 1, IsHumanControllingUs: 0, StartBugReporterOnCrash: 0, Is64bit: 1, IsPro: 1

COMMAND LINE ARGUMENTS:
E:\Unity Editor\2021.3.18f1\Editor\Unity.exe
-adb2
-batchMode
-noUpm
-name
AssetImportWorker1
-projectPath
D:/Unity_Project/lab3
-logFile
Logs/AssetImportWorker1.log
-srvPort
62266
Successfully changed project path to: D:/Unity_Project/lab3
D:/Unity_Project/lab3
[UnityMemory] Configuration Parameters - Can be set up in boot.config
    "memorysetup-bucket-allocator-granularity=16"
    "memorysetup-bucket-allocator-bucket-count=8"
    "memorysetup-bucket-allocator-block-size=33554432"
    "memorysetup-bucket-allocator-block-count=8"
    "memorysetup-main-allocator-block-size=16777216"
    "memorysetup-thread-allocator-block-size=16777216"
    "memorysetup-gfx-main-allocator-block-size=16777216"
    "memorysetup-gfx-thread-allocator-block-size=16777216"
    "memorysetup-cache-allocator-block-size=4194304"
    "memorysetup-typetree-allocator-block-size=2097152"
    "memorysetup-profiler-bucket-allocator-granularity=16"
    "memorysetup-profiler-bucket-allocator-bucket-count=8"
    "memorysetup-profiler-bucket-allocator-block-size=33554432"
    "memorysetup-profiler-bucket-allocator-block-count=8"
    "memorysetup-profiler-allocator-block-size=16777216"
    "memorysetup-profiler-editor-allocator-block-size=1048576"
    "memorysetup-temp-allocator-size-main=16777216"
    "memorysetup-job-temp-allocator-block-size=2097152"
    "memorysetup-job-temp-allocator-block-size-background=1048576"
    "memorysetup-job-temp-allocator-reduction-small-platforms=262144"
    "memorysetup-temp-allocator-size-background-worker=32768"
    "memorysetup-temp-allocator-size-job-worker=262144"
    "memorysetup-temp-allocator-size-preload-manager=33554432"
    "memorysetup-temp-allocator-size-nav-mesh-worker=65536"
    "memorysetup-temp-allocator-size-audio-worker=65536"
    "memorysetup-temp-allocator-size-cloud-worker=32768"
    "memorysetup-temp-allocator-size-gi-baking-worker=262144"
    "memorysetup-temp-allocator-size-gfx=262144"
Player connection [13788] Host "[IP] 192.168.3.108 [Port] 0 [Flags] 2 [Guid] 3714791037 [EditorId] 3714791037 [Version] 1048832 [Id] WindowsEditor(7,DESKTOP-GELIKMQ) [Debug] 1 [PackageName] WindowsEditor [ProjectName] Editor" joined multi-casting on [225.0.0.222:54997]...

Player connection [13788] Host "[IP] 192.168.3.108 [Port] 0 [Flags] 2 [Guid] 3714791037 [EditorId] 3714791037 [Version] 1048832 [Id] WindowsEditor(7,DESKTOP-GELIKMQ) [Debug] 1 [PackageName] WindowsEditor [ProjectName] Editor" joined alternative multi-casting on [225.0.0.222:34997]...

Refreshing native plugins compatible for Editor in 93.01 ms, found 4 plugins.
Preloading 0 native plugins for Editor in 0.00 ms.
Initialize engine version: 2021.3.18f1 (3129e69bc0c7)
[Subsystems] Discovering subsystems at path E:/Unity Editor/2021.3.18f1/Editor/Data/Resources/UnitySubsystems
[Subsystems] Discovering subsystems at path D:/Unity_Project/lab3/Assets
GfxDevice: creating device client; threaded=0; jobified=0
Direct3D:
    Version:  Direct3D 11.0 [level 11.1]
    Renderer: NVIDIA GeForce GTX 1660 Ti (ID=0x2191)
    Vendor:   NVIDIA
    VRAM:     5991 MB
    Driver:   30.0.15.1295
Initialize mono
Mono path[0] = 'E:/Unity Editor/2021.3.18f1/Editor/Data/Managed'
Mono path[1] = 'E:/Unity Editor/2021.3.18f1/Editor/Data/MonoBleedingEdge/lib/mono/unityjit-win32'
Mono config path = 'E:/Unity Editor/2021.3.18f1/Editor/Data/MonoBleedingEdge/etc'
Using monoOptions --debugger-agent=transport=dt_socket,embedding=1,server=y,suspend=n,address=127.0.0.1:56836
Begin MonoManager ReloadAssembly
Registering precompiled unity dll's ...
Register platform support module: E:/Unity Editor/2021.3.18f1/Editor/Data/PlaybackEngines/WebGLSupport/UnityEditor.WebGL.Extensions.dll
Register platform support module: E:/Unity Editor/2021.3.18f1/Editor/Data/PlaybackEngines/WindowsStandaloneSupport/UnityEditor.WindowsStandalone.Extensions.dll
Registered in 0.002340 seconds.
Native extension for WindowsStandalone target not found
Native extension for WebGL target not found
Refreshing native plugins compatible for Editor in 87.86 ms, found 4 plugins.
Preloading 0 native plugins for Editor in 0.00 ms.
Mono: successfully reloaded assembly
- Completed reload, in  0.608 seconds
Domain Reload Profiling:
	ReloadAssembly (609ms)
		BeginReloadAssembly (59ms)
			ExecutionOrderSort (0ms)
			DisableScriptedObjects (0ms)
			BackupInstance (0ms)
			ReleaseScriptingObjects (0ms)
			CreateAndSetChildDomain (1ms)
		EndReloadAssembly (455ms)
			LoadAssemblies (59ms)
			RebuildTransferFunctionScriptingTraits (0ms)
			SetupTypeCache (99ms)
			ReleaseScriptCaches (0ms)
			RebuildScriptCaches (28ms)
			SetupLoadedEditorAssemblies (283ms)
				LogAssemblyErrors (0ms)
				InitializePlatformSupportModulesInManaged (8ms)
				SetLoadedEditorAssemblies (0ms)
				RefreshPlugins (88ms)
				BeforeProcessingInitializeOnLoad (1ms)
				ProcessInitializeOnLoadAttributes (135ms)
				ProcessInitializeOnLoadMethodAttributes (50ms)
				AfterProcessingInitializeOnLoad (0ms)
				EditorAssembliesLoaded (0ms)
			ExecutionOrderSort2 (0ms)
			AwakeInstancesAfterBackupRestoration (0ms)
Platform modules already initialized, skipping
Registering precompiled user dll's ...
Registered in 0.005371 seconds.
Begin MonoManager ReloadAssembly
Symbol file LoadedFromMemory doesn't match image D:\Unity_Project\lab3\Library\PackageCache\com.unity.visualscripting@1.8.0\Editor\VisualScripting.Core\Dependencies\YamlDotNet\Unity.VisualScripting.YamlDotNet.dll
Symbol file LoadedFromMemory doesn't match image D:\Unity_Project\lab3\Library\PackageCache\com.unity.visualscripting@1.8.0\Editor\VisualScripting.Core\Dependencies\DotNetZip\Unity.VisualScripting.IonicZip.dll
Native extension for WindowsStandalone target not found
Native extension for WebGL target not found
Refreshing native plugins compatible for Editor in 101.40 ms, found 4 plugins.
Preloading 0 native plugins for Editor in 0.00 ms.
Mono: successfully reloaded assembly
- Completed reload, in  1.078 seconds
Domain Reload Profiling:
	ReloadAssembly (1079ms)
		BeginReloadAssembly (92ms)
			ExecutionOrderSort (0ms)
			DisableScriptedObjects (5ms)
			BackupInstance (0ms)
			ReleaseScriptingObjects (0ms)
			CreateAndSetChildDomain (19ms)
		EndReloadAssembly (871ms)
			LoadAssemblies (75ms)
			RebuildTransferFunctionScriptingTraits (0ms)
			SetupTypeCache (230ms)
			ReleaseScriptCaches (1ms)
			RebuildScriptCaches (53ms)
			SetupLoadedEditorAssemblies (465ms)
				LogAssemblyErrors (0ms)
				InitializePlatformSupportModulesInManaged (4ms)
				SetLoadedEditorAssemblies (0ms)
				RefreshPlugins (101ms)
				BeforeProcessingInitializeOnLoad (107ms)
				ProcessInitializeOnLoadAttributes (214ms)
				ProcessInitializeOnLoadMethodAttributes (36ms)
				AfterProcessingInitializeOnLoad (2ms)
				EditorAssembliesLoaded (0ms)
			ExecutionOrderSort2 (0ms)
			AwakeInstancesAfterBackupRestoration (6ms)
Platform modules already initialized, skipping
========================================================================
Worker process is ready to serve import requests
Launched and connected shader compiler UnityShaderCompiler.exe after 0.04 seconds
Refreshing native plugins compatible for Editor in 0.61 ms, found 4 plugins.
Preloading 0 native plugins for Editor in 0.00 ms.
Unloading 3733 Unused Serialized files (Serialized files now loaded: 0)
Unloading 41 unused Assets / (229.1 KB). Loaded Objects now: 4186.
Memory consumption went from 142.6 MB to 142.3 MB.
Total: 3.251500 ms (FindLiveObjects: 0.408500 ms CreateObjectMapping: 0.184800 ms MarkObjects: 2.498000 ms  DeleteObjects: 0.158900 ms)

AssetImportParameters requested are different than current active one (requested -> active):
  custom:video-decoder-ogg-theora: a1e56fd34408186e4bbccfd4996cb3dc -> 
  custom:container-muxer-webm: aa71ff27fc2769a1b78a27578f13a17b -> 
  custom:container-demuxer-webm: 4f35f7cbe854078d1ac9338744f61a02 -> 
  custom:video-encoder-webm-vp8: eb34c28f22e8b96e1ab97ce403110664 -> 
  custom:audio-encoder-webm-vorbis: bf7c407c2cedff20999df2af8eb42d56 -> 
  custom:framework-win-MediaFoundation: 216162199b28c13a410421893ffa2e32 -> 
  custom:container-demuxer-ogg: 62fdf1f143b41e24485cea50d1cbac27 -> 
  custom:video-decoder-webm-vp8: 9c59270c3fd7afecdb556c50c9e8de78 -> 
  custom:audio-decoder-ogg-vorbis: bf7c407c2cedff20999df2af8eb42d56 -> 
========================================================================
Received Import Request.
  Time since last request: 7004690.307323 seconds.
  path: Assets/Nature_pixel_art_assets/Nature_tiles_01/nature_environment_01_1.asset
  artifactKey: Guid(f89e0e4d00dd9ff4a82ac37553eb9157) Importer(815301076,1909f56bfc062723c751e8b465ee728b)
Start importing Assets/Nature_pixel_art_assets/Nature_tiles_01/nature_environment_01_1.asset using Guid(f89e0e4d00dd9ff4a82ac37553eb9157) Importer(815301076,1909f56bfc062723c751e8b465ee728b)  -> (artifact id: '00e5faef11c2d35e0de16da75b961b31') in 0.098168 seconds 
========================================================================
Received Import Request.
  Time since last request: 0.000048 seconds.
  path: Assets/Nature_pixel_art_assets/Nature_tiles_01/nature_environment_01_30.asset
  artifactKey: Guid(1df98482c90f16e40a8a843a60acf2d0) Importer(815301076,1909f56bfc062723c751e8b465ee728b)
Start importing Assets/Nature_pixel_art_assets/Nature_tiles_01/nature_environment_01_30.asset using Guid(1df98482c90f16e40a8a843a60acf2d0) Importer(815301076,1909f56bfc062723c751e8b465ee728b)  -> (artifact id: 'd515557de29b243a3ac9bd200e76fbbf') in 0.013148 seconds 
========================================================================
Received Import Request.
  Time since last request: 0.000039 seconds.
  path: Assets/Nature_pixel_art_assets/Nature_tiles_01/nature_environment_01_24.asset
  artifactKey: Guid(f580e8ca563a1424b9277f875e0d2f80) Importer(815301076,1909f56bfc062723c751e8b465ee728b)
Start importing Assets/Nature_pixel_art_assets/Nature_tiles_01/nature_environment_01_24.asset using Guid(f580e8ca563a1424b9277f875e0d2f80) Importer(815301076,1909f56bfc062723c751e8b465ee728b)  -> (artifact id: 'd4547cde44d6acc682bda6d3130439de') in 0.011971 seconds 
========================================================================
Received Import Request.
  Time since last request: 0.000029 seconds.
  path: Assets/Nature_pixel_art_assets/Nature_tiles_01/nature_environment_01_2.asset
  artifactKey: Guid(9ea4d1f38d1648348aac4c7be6c6fdad) Importer(815301076,1909f56bfc062723c751e8b465ee728b)
Start importing Assets/Nature_pixel_art_assets/Nature_tiles_01/nature_environment_01_2.asset using Guid(9ea4d1f38d1648348aac4c7be6c6fdad) Importer(815301076,1909f56bfc062723c751e8b465ee728b)  -> (artifact id: '528d5ba1b32b6da304802f16e57fcbc3') in 0.011557 seconds 
========================================================================
Received Import Request.
  Time since last request: 0.000028 seconds.
  path: Assets/Nature_pixel_art_assets/Nature_tiles_01/nature_environment_01_31.asset
  artifactKey: Guid(4a52573e169b6a6448cac353b784bcf8) Importer(815301076,1909f56bfc062723c751e8b465ee728b)
Start importing Assets/Nature_pixel_art_assets/Nature_tiles_01/nature_environment_01_31.asset using Guid(4a52573e169b6a6448cac353b784bcf8) Importer(815301076,1909f56bfc062723c751e8b465ee728b)  -> (artifact id: '5a7656e253dcc46e657dc8b36bc705b7') in 0.013126 seconds 
========================================================================
Received Import Request.
  Time since last request: 0.000026 seconds.
  path: Assets/Nature_pixel_art_assets/Nature_tiles_01/nature_environment_01_22.asset
  artifactKey: Guid(4c2297356eeba364aa3866935a512bba) Importer(815301076,1909f56bfc062723c751e8b465ee728b)
Start importing Assets/Nature_pixel_art_assets/Nature_tiles_01/nature_environment_01_22.asset using Guid(4c2297356eeba364aa3866935a512bba) Importer(815301076,1909f56bfc062723c751e8b465ee728b)  -> (artifact id: 'ed8b4748a99097078e02b48a54a2f70b') in 0.032439 seconds 
========================================================================
Received Import Request.
  Time since last request: 0.000039 seconds.
  path: Assets/Nature_pixel_art_assets/Nature_tiles_01/nature_environment_01_18.asset
  artifactKey: Guid(9250ce762feee7641bc2af386078e025) Importer(815301076,1909f56bfc062723c751e8b465ee728b)
Start importing Assets/Nature_pixel_art_assets/Nature_tiles_01/nature_environment_01_18.asset using Guid(9250ce762feee7641bc2af386078e025) Importer(815301076,1909f56bfc062723c751e8b465ee728b)  -> (artifact id: '832c1961fe7b3340b9c0fbfc08c77bb8') in 0.010515 seconds 
========================================================================
Received Import Request.
  Time since last request: 0.000019 seconds.
  path: Assets/Nature_pixel_art_assets/Nature_tiles_01/nature_environment_01_23.asset
  artifactKey: Guid(90daa546f7822124ebece44e698a9db9) Importer(815301076,1909f56bfc062723c751e8b465ee728b)
Start importing Assets/Nature_pixel_art_assets/Nature_tiles_01/nature_environment_01_23.asset using Guid(90daa546f7822124ebece44e698a9db9) Importer(815301076,1909f56bfc062723c751e8b465ee728b)  -> (artifact id: '78e8f7c4071e2f29e3cbdf7e267be9b6') in 0.009211 seconds 
========================================================================
Received Import Request.
  Time since last request: 0.000022 seconds.
  path: Assets/Nature_pixel_art_assets/Nature_tiles_01/nature_environment_01_25.asset
  artifactKey: Guid(de00cdaa350b69543a117109c5573263) Importer(815301076,1909f56bfc062723c751e8b465ee728b)
Start importing Assets/Nature_pixel_art_assets/Nature_tiles_01/nature_environment_01_25.asset using Guid(de00cdaa350b69543a117109c5573263) Importer(815301076,1909f56bfc062723c751e8b465ee728b)  -> (artifact id: 'ee1fb480511cea5c3a1681f4150b0fef') in 0.010415 seconds 
========================================================================
Received Import Request.
  Time since last request: 0.000024 seconds.
  path: Assets/Nature_pixel_art_assets/Nature_tiles_01/nature_environment_01_8.asset
  artifactKey: Guid(1c4046e470f8fe04fb25cbdc443ffb7a) Importer(815301076,1909f56bfc062723c751e8b465ee728b)
Start importing Assets/Nature_pixel_art_assets/Nature_tiles_01/nature_environment_01_8.asset using Guid(1c4046e470f8fe04fb25cbdc443ffb7a) Importer(815301076,1909f56bfc062723c751e8b465ee728b)  -> (artifact id: '3255afd6abcc890536f21c0ce1c7f838') in 0.009702 seconds 
========================================================================
Received Import Request.
  Time since last request: 0.000033 seconds.
  path: Assets/Nature_pixel_art_assets/Nature_tiles_01/nature_environment_01_12.asset
  artifactKey: Guid(cd92046eee408ce4786ccb1434fa72db) Importer(815301076,1909f56bfc062723c751e8b465ee728b)
Start importing Assets/Nature_pixel_art_assets/Nature_tiles_01/nature_environment_01_12.asset using Guid(cd92046eee408ce4786ccb1434fa72db) Importer(815301076,1909f56bfc062723c751e8b465ee728b)  -> (artifact id: '9fea3904073172d88f907ccb5a484904') in 0.010341 seconds 
========================================================================
Received Import Request.
  Time since last request: 0.000029 seconds.
  path: Assets/Nature_pixel_art_assets/Nature_tiles_01/nature_environment_01_32.asset
  artifactKey: Guid(f04b36ab1cd152143a34db0860bd5eb4) Importer(815301076,1909f56bfc062723c751e8b465ee728b)
Start importing Assets/Nature_pixel_art_assets/Nature_tiles_01/nature_environment_01_32.asset using Guid(f04b36ab1cd152143a34db0860bd5eb4) Importer(815301076,1909f56bfc062723c751e8b465ee728b)  -> (artifact id: '633f04bd27eeed98e90caffab675e52f') in 0.011576 seconds 
========================================================================
Received Import Request.
  Time since last request: 0.000029 seconds.
  path: Assets/Nature_pixel_art_assets/Nature_tiles_01/nature_environment_01_20.asset
  artifactKey: Guid(7b5a2d31a0ae1ce4883928e9d5aa6eb2) Importer(815301076,1909f56bfc062723c751e8b465ee728b)
Start importing Assets/Nature_pixel_art_assets/Nature_tiles_01/nature_environment_01_20.asset using Guid(7b5a2d31a0ae1ce4883928e9d5aa6eb2) Importer(815301076,1909f56bfc062723c751e8b465ee728b)  -> (artifact id: 'e849fd9000cd8a225da8b6622b08a0d9') in 0.012393 seconds 
========================================================================
Received Import Request.
  Time since last request: 0.000023 seconds.
  path: Assets/Nature_pixel_art_assets/Nature_tiles_01/nature_environment_01_15.asset
  artifactKey: Guid(d0485154e49df3946b8c2c9b28b2b580) Importer(815301076,1909f56bfc062723c751e8b465ee728b)
Start importing Assets/Nature_pixel_art_assets/Nature_tiles_01/nature_environment_01_15.asset using Guid(d0485154e49df3946b8c2c9b28b2b580) Importer(815301076,1909f56bfc062723c751e8b465ee728b)  -> (artifact id: '492c21b96e894cf922051656a27affef') in 0.011752 seconds 
========================================================================
Received Import Request.
  Time since last request: 0.000034 seconds.
  path: Assets/Nature_pixel_art_assets/Nature_tiles_01/nature_environment_01_27.asset
  artifactKey: Guid(1188a738561c64a4b841a0999be173b0) Importer(815301076,1909f56bfc062723c751e8b465ee728b)
Start importing Assets/Nature_pixel_art_assets/Nature_tiles_01/nature_environment_01_27.asset using Guid(1188a738561c64a4b841a0999be173b0) Importer(815301076,1909f56bfc062723c751e8b465ee728b)  -> (artifact id: '8e5d414cb65a74b4ead94e8922f1c37e') in 0.012291 seconds 
========================================================================
Received Import Request.
  Time since last request: 0.000046 seconds.
  path: Assets/Nature_pixel_art_assets/Nature_tiles_01/nature_environment_01_5.asset
  artifactKey: Guid(1f87f1348aa25d64eb87728054a5a7cb) Importer(815301076,1909f56bfc062723c751e8b465ee728b)
Start importing Assets/Nature_pixel_art_assets/Nature_tiles_01/nature_environment_01_5.asset using Guid(1f87f1348aa25d64eb87728054a5a7cb) Importer(815301076,1909f56bfc062723c751e8b465ee728b)  -> (artifact id: '46c410e481bcd437a48d690791539abf') in 0.012908 seconds 
Editor requested this worker to shutdown with reason: Scaling down because of idle timeout
AssetImportWorker is now disconnected from the server
Process exiting
Exiting without the bug reporter. Application will terminate with return code 0