Using pre-set license
Built from '2021.3/staging' branch; Version is '2021.3.18f1 (3129e69bc0c7) revision 3221990'; Using compiler version '192829333'; Build Type 'Release'
OS: 'Windows 10  (10.0.19043) 64bit Professional' Language: 'ru' Physical Memory: 15741 MB
BatchMode: 1, IsHumanControllingUs: 0, StartBugReporterOnCrash: 0, Is64bit: 1, IsPro: 1

COMMAND LINE ARGUMENTS:
E:\Unity Editor\2021.3.18f1\Editor\Unity.exe
-adb2
-batchMode
-noUpm
-name
AssetImportWorker14
-projectPath
D:/Unity_Project/lab3
-logFile
Logs/AssetImportWorker14.log
-srvPort
62266
Successfully changed project path to: D:/Unity_Project/lab3
D:/Unity_Project/lab3
[UnityMemory] Configuration Parameters - Can be set up in boot.config
    "memorysetup-bucket-allocator-granularity=16"
    "memorysetup-bucket-allocator-bucket-count=8"
    "memorysetup-bucket-allocator-block-size=33554432"
    "memorysetup-bucket-allocator-block-count=8"
    "memorysetup-main-allocator-block-size=16777216"
    "memorysetup-thread-allocator-block-size=16777216"
    "memorysetup-gfx-main-allocator-block-size=16777216"
    "memorysetup-gfx-thread-allocator-block-size=16777216"
    "memorysetup-cache-allocator-block-size=4194304"
    "memorysetup-typetree-allocator-block-size=2097152"
    "memorysetup-profiler-bucket-allocator-granularity=16"
    "memorysetup-profiler-bucket-allocator-bucket-count=8"
    "memorysetup-profiler-bucket-allocator-block-size=33554432"
    "memorysetup-profiler-bucket-allocator-block-count=8"
    "memorysetup-profiler-allocator-block-size=16777216"
    "memorysetup-profiler-editor-allocator-block-size=1048576"
    "memorysetup-temp-allocator-size-main=16777216"
    "memorysetup-job-temp-allocator-block-size=2097152"
    "memorysetup-job-temp-allocator-block-size-background=1048576"
    "memorysetup-job-temp-allocator-reduction-small-platforms=262144"
    "memorysetup-temp-allocator-size-background-worker=32768"
    "memorysetup-temp-allocator-size-job-worker=262144"
    "memorysetup-temp-allocator-size-preload-manager=33554432"
    "memorysetup-temp-allocator-size-nav-mesh-worker=65536"
    "memorysetup-temp-allocator-size-audio-worker=65536"
    "memorysetup-temp-allocator-size-cloud-worker=32768"
    "memorysetup-temp-allocator-size-gi-baking-worker=262144"
    "memorysetup-temp-allocator-size-gfx=262144"
Player connection [27688] Host "[IP] 192.168.3.108 [Port] 0 [Flags] 2 [Guid] 3115547649 [EditorId] 3115547649 [Version] 1048832 [Id] WindowsEditor(7,DESKTOP-GELIKMQ) [Debug] 1 [PackageName] WindowsEditor [ProjectName] Editor" joined multi-casting on [225.0.0.222:54997]...

Player connection [27688] Host "[IP] 192.168.3.108 [Port] 0 [Flags] 2 [Guid] 3115547649 [EditorId] 3115547649 [Version] 1048832 [Id] WindowsEditor(7,DESKTOP-GELIKMQ) [Debug] 1 [PackageName] WindowsEditor [ProjectName] Editor" joined alternative multi-casting on [225.0.0.222:34997]...

Refreshing native plugins compatible for Editor in 99.60 ms, found 4 plugins.
Preloading 0 native plugins for Editor in 0.00 ms.
Initialize engine version: 2021.3.18f1 (3129e69bc0c7)
[Subsystems] Discovering subsystems at path E:/Unity Editor/2021.3.18f1/Editor/Data/Resources/UnitySubsystems
[Subsystems] Discovering subsystems at path D:/Unity_Project/lab3/Assets
GfxDevice: creating device client; threaded=0; jobified=0
Direct3D:
    Version:  Direct3D 11.0 [level 11.1]
    Renderer: NVIDIA GeForce GTX 1660 Ti (ID=0x2191)
    Vendor:   NVIDIA
    VRAM:     5991 MB
    Driver:   30.0.15.1295
Initialize mono
Mono path[0] = 'E:/Unity Editor/2021.3.18f1/Editor/Data/Managed'
Mono path[1] = 'E:/Unity Editor/2021.3.18f1/Editor/Data/MonoBleedingEdge/lib/mono/unityjit-win32'
Mono config path = 'E:/Unity Editor/2021.3.18f1/Editor/Data/MonoBleedingEdge/etc'
Using monoOptions --debugger-agent=transport=dt_socket,embedding=1,server=y,suspend=n,address=127.0.0.1:56892
Begin MonoManager ReloadAssembly
Registering precompiled unity dll's ...
Register platform support module: E:/Unity Editor/2021.3.18f1/Editor/Data/PlaybackEngines/WebGLSupport/UnityEditor.WebGL.Extensions.dll
Register platform support module: E:/Unity Editor/2021.3.18f1/Editor/Data/PlaybackEngines/WindowsStandaloneSupport/UnityEditor.WindowsStandalone.Extensions.dll
Registered in 0.002517 seconds.
Native extension for WindowsStandalone target not found
Native extension for WebGL target not found
Refreshing native plugins compatible for Editor in 88.39 ms, found 4 plugins.
Preloading 0 native plugins for Editor in 0.00 ms.
Mono: successfully reloaded assembly
- Completed reload, in  0.604 seconds
Domain Reload Profiling:
	ReloadAssembly (604ms)
		BeginReloadAssembly (62ms)
			ExecutionOrderSort (0ms)
			DisableScriptedObjects (0ms)
			BackupInstance (0ms)
			ReleaseScriptingObjects (0ms)
			CreateAndSetChildDomain (1ms)
		EndReloadAssembly (446ms)
			LoadAssemblies (62ms)
			RebuildTransferFunctionScriptingTraits (0ms)
			SetupTypeCache (102ms)
			ReleaseScriptCaches (0ms)
			RebuildScriptCaches (27ms)
			SetupLoadedEditorAssemblies (274ms)
				LogAssemblyErrors (0ms)
				InitializePlatformSupportModulesInManaged (7ms)
				SetLoadedEditorAssemblies (0ms)
				RefreshPlugins (88ms)
				BeforeProcessingInitializeOnLoad (1ms)
				ProcessInitializeOnLoadAttributes (133ms)
				ProcessInitializeOnLoadMethodAttributes (44ms)
				AfterProcessingInitializeOnLoad (0ms)
				EditorAssembliesLoaded (0ms)
			ExecutionOrderSort2 (0ms)
			AwakeInstancesAfterBackupRestoration (0ms)
Platform modules already initialized, skipping
Registering precompiled user dll's ...
Registered in 0.005347 seconds.
Begin MonoManager ReloadAssembly
Symbol file LoadedFromMemory doesn't match image D:\Unity_Project\lab3\Library\PackageCache\com.unity.visualscripting@1.8.0\Editor\VisualScripting.Core\Dependencies\YamlDotNet\Unity.VisualScripting.YamlDotNet.dll
Symbol file LoadedFromMemory doesn't match image D:\Unity_Project\lab3\Library\PackageCache\com.unity.visualscripting@1.8.0\Editor\VisualScripting.Core\Dependencies\DotNetZip\Unity.VisualScripting.IonicZip.dll
Native extension for WindowsStandalone target not found
Native extension for WebGL target not found
Refreshing native plugins compatible for Editor in 110.16 ms, found 4 plugins.
Preloading 0 native plugins for Editor in 0.00 ms.
Mono: successfully reloaded assembly
- Completed reload, in  1.096 seconds
Domain Reload Profiling:
	ReloadAssembly (1097ms)
		BeginReloadAssembly (99ms)
			ExecutionOrderSort (0ms)
			DisableScriptedObjects (6ms)
			BackupInstance (0ms)
			ReleaseScriptingObjects (0ms)
			CreateAndSetChildDomain (18ms)
		EndReloadAssembly (881ms)
			LoadAssemblies (79ms)
			RebuildTransferFunctionScriptingTraits (0ms)
			SetupTypeCache (215ms)
			ReleaseScriptCaches (1ms)
			RebuildScriptCaches (50ms)
			SetupLoadedEditorAssemblies (494ms)
				LogAssemblyErrors (0ms)
				InitializePlatformSupportModulesInManaged (4ms)
				SetLoadedEditorAssemblies (0ms)
				RefreshPlugins (110ms)
				BeforeProcessingInitializeOnLoad (104ms)
				ProcessInitializeOnLoadAttributes (231ms)
				ProcessInitializeOnLoadMethodAttributes (41ms)
				AfterProcessingInitializeOnLoad (4ms)
				EditorAssembliesLoaded (0ms)
			ExecutionOrderSort2 (0ms)
			AwakeInstancesAfterBackupRestoration (11ms)
Platform modules already initialized, skipping
========================================================================
Worker process is ready to serve import requests
Launched and connected shader compiler UnityShaderCompiler.exe after 0.04 seconds
Refreshing native plugins compatible for Editor in 0.81 ms, found 4 plugins.
Preloading 0 native plugins for Editor in 0.00 ms.
Unloading 3735 Unused Serialized files (Serialized files now loaded: 0)
Unloading 41 unused Assets / (229.3 KB). Loaded Objects now: 4189.
Memory consumption went from 142.8 MB to 142.6 MB.
Total: 3.250600 ms (FindLiveObjects: 0.352200 ms CreateObjectMapping: 0.108200 ms MarkObjects: 2.621100 ms  DeleteObjects: 0.167500 ms)

AssetImportParameters requested are different than current active one (requested -> active):
  custom:video-decoder-ogg-theora: a1e56fd34408186e4bbccfd4996cb3dc -> 
  custom:container-muxer-webm: aa71ff27fc2769a1b78a27578f13a17b -> 
  custom:container-demuxer-webm: 4f35f7cbe854078d1ac9338744f61a02 -> 
  custom:video-encoder-webm-vp8: eb34c28f22e8b96e1ab97ce403110664 -> 
  custom:audio-encoder-webm-vorbis: bf7c407c2cedff20999df2af8eb42d56 -> 
  custom:framework-win-MediaFoundation: 216162199b28c13a410421893ffa2e32 -> 
  custom:container-demuxer-ogg: 62fdf1f143b41e24485cea50d1cbac27 -> 
  custom:video-decoder-webm-vp8: 9c59270c3fd7afecdb556c50c9e8de78 -> 
  custom:audio-decoder-ogg-vorbis: bf7c407c2cedff20999df2af8eb42d56 -> 
========================================================================
Received Import Request.
  Time since last request: 7009728.042710 seconds.
  path: Assets/2D Free Platformer Char/2D Free Wolf/Sprites/Attack1/Wolf-Attack1_03.png
  artifactKey: Guid(13d916e9999a7a8468a225917ba7b144) Importer(815301076,1909f56bfc062723c751e8b465ee728b)
Start importing Assets/2D Free Platformer Char/2D Free Wolf/Sprites/Attack1/Wolf-Attack1_03.png using Guid(13d916e9999a7a8468a225917ba7b144) Importer(815301076,1909f56bfc062723c751e8b465ee728b)  -> (artifact id: 'a28e8f26b17c86a218731de3c8bad7b6') in 0.138507 seconds 
========================================================================
Received Import Request.
  Time since last request: 0.000039 seconds.
  path: Assets/2D Free Platformer Char/2D Free Wolf/Sprites/Attack1/Wolf-Attack1_04.png
  artifactKey: Guid(de36363c2332dbf4192b5239e7373368) Importer(815301076,1909f56bfc062723c751e8b465ee728b)
Start importing Assets/2D Free Platformer Char/2D Free Wolf/Sprites/Attack1/Wolf-Attack1_04.png using Guid(de36363c2332dbf4192b5239e7373368) Importer(815301076,1909f56bfc062723c751e8b465ee728b)  -> (artifact id: '46179cc4b2386f75960c5aa7d982271b') in 0.019636 seconds 
========================================================================
Received Import Request.
  Time since last request: 41.956772 seconds.
  path: Assets/2D Free Platformer Char/2D Free Wolf/Sprites/4Attack/Wolf-4Attack_3.png
  artifactKey: Guid(42b8136cd84014e43bb9f1d4d061d6b8) Importer(815301076,1909f56bfc062723c751e8b465ee728b)
Start importing Assets/2D Free Platformer Char/2D Free Wolf/Sprites/4Attack/Wolf-4Attack_3.png using Guid(42b8136cd84014e43bb9f1d4d061d6b8) Importer(815301076,1909f56bfc062723c751e8b465ee728b)  -> (artifact id: 'cdb50f4611c7d0f89cf810de7573f93a') in 0.031392 seconds 
========================================================================
Received Import Request.
  Time since last request: 0.000022 seconds.
  path: Assets/2D Free Platformer Char/2D Free Wolf/Sprites/4Attack/Wolf-4Attack_5.png
  artifactKey: Guid(3661cd1a5f8f1f9438727809f228d573) Importer(815301076,1909f56bfc062723c751e8b465ee728b)
Start importing Assets/2D Free Platformer Char/2D Free Wolf/Sprites/4Attack/Wolf-4Attack_5.png using Guid(3661cd1a5f8f1f9438727809f228d573) Importer(815301076,1909f56bfc062723c751e8b465ee728b)  -> (artifact id: '6b9fb6be2bf8497d97e2d6ac8df07c09') in 0.050101 seconds 
========================================================================
Received Import Request.
  Time since last request: 31.806812 seconds.
  path: Assets/2D Free Platformer Char/2D Free Wolf/Sprites/Kick/Wolf-Kick_3.png
  artifactKey: Guid(9db0ab7e9dfd7f04f8d8c5617d83fdda) Importer(815301076,1909f56bfc062723c751e8b465ee728b)
Start importing Assets/2D Free Platformer Char/2D Free Wolf/Sprites/Kick/Wolf-Kick_3.png using Guid(9db0ab7e9dfd7f04f8d8c5617d83fdda) Importer(815301076,1909f56bfc062723c751e8b465ee728b)  -> (artifact id: 'fe8de09df20b4ef50f3a3b57560281ee') in 0.020789 seconds 
========================================================================
Received Import Request.
  Time since last request: 0.000023 seconds.
  path: Assets/2D Free Platformer Char/2D Free Wolf/Sprites/Kick/Wolf-Kick_6.png
  artifactKey: Guid(a542818fb7cb6ff4f8125d1422c09532) Importer(815301076,1909f56bfc062723c751e8b465ee728b)
Start importing Assets/2D Free Platformer Char/2D Free Wolf/Sprites/Kick/Wolf-Kick_6.png using Guid(a542818fb7cb6ff4f8125d1422c09532) Importer(815301076,1909f56bfc062723c751e8b465ee728b)  -> (artifact id: 'ec09b2da5dd02600d6cb9438652c4e98') in 0.037918 seconds 
========================================================================
Received Import Request.
  Time since last request: 11.066332 seconds.
  path: Assets/2D Free Platformer Char/2D Free Wolf/Sprites/Jump/Wolf-Jump_3.png
  artifactKey: Guid(a1b2b3cddf594b844b7548f574e416c7) Importer(815301076,1909f56bfc062723c751e8b465ee728b)
Start importing Assets/2D Free Platformer Char/2D Free Wolf/Sprites/Jump/Wolf-Jump_3.png using Guid(a1b2b3cddf594b844b7548f574e416c7) Importer(815301076,1909f56bfc062723c751e8b465ee728b)  -> (artifact id: '82f5a9addc5f0cb3c8a673641181b64e') in 0.023038 seconds 
========================================================================
Received Import Request.
  Time since last request: 0.000024 seconds.
  path: Assets/2D Free Platformer Char/2D Free Wolf/Sprites/Jump/Wolf-Jump_7.png
  artifactKey: Guid(dca280abe3fb40a4fb51e69864595105) Importer(815301076,1909f56bfc062723c751e8b465ee728b)
Start importing Assets/2D Free Platformer Char/2D Free Wolf/Sprites/Jump/Wolf-Jump_7.png using Guid(dca280abe3fb40a4fb51e69864595105) Importer(815301076,1909f56bfc062723c751e8b465ee728b)  -> (artifact id: 'cc09c5b2e0be1bbcb191feccdd85bbb3') in 0.055357 seconds 
========================================================================
Received Import Request.
  Time since last request: 22.930722 seconds.
  path: Assets/2D Free Platformer Char/2D Free Wolf/Sprites/Landing/Wolf-Landing_3.png
  artifactKey: Guid(4c8bd5bbc38a1224e9f460ee57bf4855) Importer(815301076,1909f56bfc062723c751e8b465ee728b)
Start importing Assets/2D Free Platformer Char/2D Free Wolf/Sprites/Landing/Wolf-Landing_3.png using Guid(4c8bd5bbc38a1224e9f460ee57bf4855) Importer(815301076,1909f56bfc062723c751e8b465ee728b)  -> (artifact id: 'ea4eb9651b6ffa5449ce7f49794f55e4') in 0.028953 seconds 
========================================================================
Received Import Request.
  Time since last request: 0.000024 seconds.
  path: Assets/2D Free Platformer Char/2D Free Wolf/Sprites/Landing/Wolf-Landing_5.png
  artifactKey: Guid(0a9c00f54895df149ae0d1503f5c459d) Importer(815301076,1909f56bfc062723c751e8b465ee728b)
Start importing Assets/2D Free Platformer Char/2D Free Wolf/Sprites/Landing/Wolf-Landing_5.png using Guid(0a9c00f54895df149ae0d1503f5c459d) Importer(815301076,1909f56bfc062723c751e8b465ee728b)  -> (artifact id: '8a61907612742dc2955e2c68edba8ea1') in 0.044711 seconds 
Editor requested this worker to shutdown with reason: Scaling down because of idle timeout
AssetImportWorker is now disconnected from the server
Process exiting
Exiting without the bug reporter. Application will terminate with return code 0