Using pre-set license
Built from '2021.3/staging' branch; Version is '2021.3.18f1 (3129e69bc0c7) revision 3221990'; Using compiler version '192829333'; Build Type 'Release'
OS: 'Windows 10  (10.0.19043) 64bit Professional' Language: 'ru' Physical Memory: 15741 MB
BatchMode: 1, IsHumanControllingUs: 0, StartBugReporterOnCrash: 0, Is64bit: 1, IsPro: 1

COMMAND LINE ARGUMENTS:
E:\Unity Editor\2021.3.18f1\Editor\Unity.exe
-adb2
-batchMode
-noUpm
-name
AssetImportWorker9
-projectPath
D:/Unity_Project/lab3
-logFile
Logs/AssetImportWorker9.log
-srvPort
62266
Successfully changed project path to: D:/Unity_Project/lab3
D:/Unity_Project/lab3
[UnityMemory] Configuration Parameters - Can be set up in boot.config
    "memorysetup-bucket-allocator-granularity=16"
    "memorysetup-bucket-allocator-bucket-count=8"
    "memorysetup-bucket-allocator-block-size=33554432"
    "memorysetup-bucket-allocator-block-count=8"
    "memorysetup-main-allocator-block-size=16777216"
    "memorysetup-thread-allocator-block-size=16777216"
    "memorysetup-gfx-main-allocator-block-size=16777216"
    "memorysetup-gfx-thread-allocator-block-size=16777216"
    "memorysetup-cache-allocator-block-size=4194304"
    "memorysetup-typetree-allocator-block-size=2097152"
    "memorysetup-profiler-bucket-allocator-granularity=16"
    "memorysetup-profiler-bucket-allocator-bucket-count=8"
    "memorysetup-profiler-bucket-allocator-block-size=33554432"
    "memorysetup-profiler-bucket-allocator-block-count=8"
    "memorysetup-profiler-allocator-block-size=16777216"
    "memorysetup-profiler-editor-allocator-block-size=1048576"
    "memorysetup-temp-allocator-size-main=16777216"
    "memorysetup-job-temp-allocator-block-size=2097152"
    "memorysetup-job-temp-allocator-block-size-background=1048576"
    "memorysetup-job-temp-allocator-reduction-small-platforms=262144"
    "memorysetup-temp-allocator-size-background-worker=32768"
    "memorysetup-temp-allocator-size-job-worker=262144"
    "memorysetup-temp-allocator-size-preload-manager=33554432"
    "memorysetup-temp-allocator-size-nav-mesh-worker=65536"
    "memorysetup-temp-allocator-size-audio-worker=65536"
    "memorysetup-temp-allocator-size-cloud-worker=32768"
    "memorysetup-temp-allocator-size-gi-baking-worker=262144"
    "memorysetup-temp-allocator-size-gfx=262144"
Player connection [21588] Host "[IP] 192.168.3.108 [Port] 0 [Flags] 2 [Guid] 184828312 [EditorId] 184828312 [Version] 1048832 [Id] WindowsEditor(7,DESKTOP-GELIKMQ) [Debug] 1 [PackageName] WindowsEditor [ProjectName] Editor" joined multi-casting on [225.0.0.222:54997]...

Player connection [21588] Host "[IP] 192.168.3.108 [Port] 0 [Flags] 2 [Guid] 184828312 [EditorId] 184828312 [Version] 1048832 [Id] WindowsEditor(7,DESKTOP-GELIKMQ) [Debug] 1 [PackageName] WindowsEditor [ProjectName] Editor" joined alternative multi-casting on [225.0.0.222:34997]...

Refreshing native plugins compatible for Editor in 102.59 ms, found 4 plugins.
Preloading 0 native plugins for Editor in 0.00 ms.
Initialize engine version: 2021.3.18f1 (3129e69bc0c7)
[Subsystems] Discovering subsystems at path E:/Unity Editor/2021.3.18f1/Editor/Data/Resources/UnitySubsystems
[Subsystems] Discovering subsystems at path D:/Unity_Project/lab3/Assets
GfxDevice: creating device client; threaded=0; jobified=0
Direct3D:
    Version:  Direct3D 11.0 [level 11.1]
    Renderer: NVIDIA GeForce GTX 1660 Ti (ID=0x2191)
    Vendor:   NVIDIA
    VRAM:     5991 MB
    Driver:   30.0.15.1295
Initialize mono
Mono path[0] = 'E:/Unity Editor/2021.3.18f1/Editor/Data/Managed'
Mono path[1] = 'E:/Unity Editor/2021.3.18f1/Editor/Data/MonoBleedingEdge/lib/mono/unityjit-win32'
Mono config path = 'E:/Unity Editor/2021.3.18f1/Editor/Data/MonoBleedingEdge/etc'
Using monoOptions --debugger-agent=transport=dt_socket,embedding=1,server=y,suspend=n,address=127.0.0.1:56304
Begin MonoManager ReloadAssembly
Registering precompiled unity dll's ...
Register platform support module: E:/Unity Editor/2021.3.18f1/Editor/Data/PlaybackEngines/WebGLSupport/UnityEditor.WebGL.Extensions.dll
Register platform support module: E:/Unity Editor/2021.3.18f1/Editor/Data/PlaybackEngines/WindowsStandaloneSupport/UnityEditor.WindowsStandalone.Extensions.dll
Registered in 0.002883 seconds.
Native extension for WindowsStandalone target not found
Native extension for WebGL target not found
Refreshing native plugins compatible for Editor in 92.54 ms, found 4 plugins.
Preloading 0 native plugins for Editor in 0.00 ms.
Mono: successfully reloaded assembly
- Completed reload, in  0.602 seconds
Domain Reload Profiling:
	ReloadAssembly (603ms)
		BeginReloadAssembly (63ms)
			ExecutionOrderSort (0ms)
			DisableScriptedObjects (0ms)
			BackupInstance (0ms)
			ReleaseScriptingObjects (0ms)
			CreateAndSetChildDomain (1ms)
		EndReloadAssembly (446ms)
			LoadAssemblies (62ms)
			RebuildTransferFunctionScriptingTraits (0ms)
			SetupTypeCache (99ms)
			ReleaseScriptCaches (0ms)
			RebuildScriptCaches (26ms)
			SetupLoadedEditorAssemblies (277ms)
				LogAssemblyErrors (0ms)
				InitializePlatformSupportModulesInManaged (7ms)
				SetLoadedEditorAssemblies (0ms)
				RefreshPlugins (93ms)
				BeforeProcessingInitializeOnLoad (1ms)
				ProcessInitializeOnLoadAttributes (129ms)
				ProcessInitializeOnLoadMethodAttributes (46ms)
				AfterProcessingInitializeOnLoad (0ms)
				EditorAssembliesLoaded (0ms)
			ExecutionOrderSort2 (0ms)
			AwakeInstancesAfterBackupRestoration (0ms)
Platform modules already initialized, skipping
Registering precompiled user dll's ...
Registered in 0.005841 seconds.
Begin MonoManager ReloadAssembly
Symbol file LoadedFromMemory doesn't match image D:\Unity_Project\lab3\Library\PackageCache\com.unity.visualscripting@1.8.0\Editor\VisualScripting.Core\Dependencies\YamlDotNet\Unity.VisualScripting.YamlDotNet.dll
Symbol file LoadedFromMemory doesn't match image D:\Unity_Project\lab3\Library\PackageCache\com.unity.visualscripting@1.8.0\Editor\VisualScripting.Core\Dependencies\DotNetZip\Unity.VisualScripting.IonicZip.dll
Native extension for WindowsStandalone target not found
Native extension for WebGL target not found
Refreshing native plugins compatible for Editor in 89.06 ms, found 4 plugins.
Preloading 0 native plugins for Editor in 0.00 ms.
Mono: successfully reloaded assembly
- Completed reload, in  1.147 seconds
Domain Reload Profiling:
	ReloadAssembly (1147ms)
		BeginReloadAssembly (116ms)
			ExecutionOrderSort (0ms)
			DisableScriptedObjects (5ms)
			BackupInstance (0ms)
			ReleaseScriptingObjects (0ms)
			CreateAndSetChildDomain (20ms)
		EndReloadAssembly (905ms)
			LoadAssemblies (100ms)
			RebuildTransferFunctionScriptingTraits (0ms)
			SetupTypeCache (239ms)
			ReleaseScriptCaches (1ms)
			RebuildScriptCaches (72ms)
			SetupLoadedEditorAssemblies (442ms)
				LogAssemblyErrors (0ms)
				InitializePlatformSupportModulesInManaged (4ms)
				SetLoadedEditorAssemblies (0ms)
				RefreshPlugins (89ms)
				BeforeProcessingInitializeOnLoad (87ms)
				ProcessInitializeOnLoadAttributes (222ms)
				ProcessInitializeOnLoadMethodAttributes (37ms)
				AfterProcessingInitializeOnLoad (2ms)
				EditorAssembliesLoaded (0ms)
			ExecutionOrderSort2 (0ms)
			AwakeInstancesAfterBackupRestoration (7ms)
Platform modules already initialized, skipping
========================================================================
Worker process is ready to serve import requests
Launched and connected shader compiler UnityShaderCompiler.exe after 0.06 seconds
Refreshing native plugins compatible for Editor in 0.68 ms, found 4 plugins.
Preloading 0 native plugins for Editor in 0.00 ms.
Unloading 3735 Unused Serialized files (Serialized files now loaded: 0)
Unloading 41 unused Assets / (229.3 KB). Loaded Objects now: 4189.
Memory consumption went from 142.8 MB to 142.6 MB.
Total: 4.075200 ms (FindLiveObjects: 0.373800 ms CreateObjectMapping: 0.184300 ms MarkObjects: 3.346100 ms  DeleteObjects: 0.169700 ms)

AssetImportParameters requested are different than current active one (requested -> active):
  custom:video-decoder-ogg-theora: a1e56fd34408186e4bbccfd4996cb3dc -> 
  custom:container-muxer-webm: aa71ff27fc2769a1b78a27578f13a17b -> 
  custom:container-demuxer-webm: 4f35f7cbe854078d1ac9338744f61a02 -> 
  custom:video-encoder-webm-vp8: eb34c28f22e8b96e1ab97ce403110664 -> 
  custom:audio-encoder-webm-vorbis: bf7c407c2cedff20999df2af8eb42d56 -> 
  custom:framework-win-MediaFoundation: 216162199b28c13a410421893ffa2e32 -> 
  custom:container-demuxer-ogg: 62fdf1f143b41e24485cea50d1cbac27 -> 
  custom:video-decoder-webm-vp8: 9c59270c3fd7afecdb556c50c9e8de78 -> 
  custom:audio-decoder-ogg-vorbis: bf7c407c2cedff20999df2af8eb42d56 -> 
========================================================================
Received Import Request.
  Time since last request: 7008974.099253 seconds.
  path: Assets/2D Free Platformer Char/2D Free Wolf/Sprites/Idle1/Wolf-Idle1_12.png
  artifactKey: Guid(ce4f0b7ead580f1439cb23f7d727c516) Importer(815301076,1909f56bfc062723c751e8b465ee728b)
Start importing Assets/2D Free Platformer Char/2D Free Wolf/Sprites/Idle1/Wolf-Idle1_12.png using Guid(ce4f0b7ead580f1439cb23f7d727c516) Importer(815301076,1909f56bfc062723c751e8b465ee728b)  -> (artifact id: '16365e503604044bbc968e2aa3342ace') in 0.117617 seconds 
========================================================================
Received Import Request.
  Time since last request: 0.000029 seconds.
  path: Assets/2D Free Platformer Char/2D Free Wolf/Sprites/Idle1/Wolf-Idle1_15.png
  artifactKey: Guid(6279eeceffc974a4b8043ca25f39dab0) Importer(815301076,1909f56bfc062723c751e8b465ee728b)
Start importing Assets/2D Free Platformer Char/2D Free Wolf/Sprites/Idle1/Wolf-Idle1_15.png using Guid(6279eeceffc974a4b8043ca25f39dab0) Importer(815301076,1909f56bfc062723c751e8b465ee728b)  -> (artifact id: '0888e1387f7acfe824bfe3e2506543f2') in 0.023864 seconds 
========================================================================
Received Import Request.
  Time since last request: 0.000048 seconds.
  path: Assets/2D Free Platformer Char/2D Free Wolf/Sprites/Idle1/Wolf-Idle1_23.png
  artifactKey: Guid(b05e612ab0e9b8f4f9b318ea0a6e084e) Importer(815301076,1909f56bfc062723c751e8b465ee728b)
Start importing Assets/2D Free Platformer Char/2D Free Wolf/Sprites/Idle1/Wolf-Idle1_23.png using Guid(b05e612ab0e9b8f4f9b318ea0a6e084e) Importer(815301076,1909f56bfc062723c751e8b465ee728b)  -> (artifact id: '2f32d64450813d3b5556f9e81b8ec48d') in 0.016559 seconds 
========================================================================
Received Import Request.
  Time since last request: 0.000019 seconds.
  path: Assets/2D Free Platformer Char/2D Free Wolf/Sprites/Idle1/Wolf-Idle1_17.png
  artifactKey: Guid(1eb3a7f873310f94f8623a0daba4a96f) Importer(815301076,1909f56bfc062723c751e8b465ee728b)
Start importing Assets/2D Free Platformer Char/2D Free Wolf/Sprites/Idle1/Wolf-Idle1_17.png using Guid(1eb3a7f873310f94f8623a0daba4a96f) Importer(815301076,1909f56bfc062723c751e8b465ee728b)  -> (artifact id: '65865f000058d402e98188dc5f46899d') in 0.014991 seconds 
========================================================================
Received Import Request.
  Time since last request: 0.000017 seconds.
  path: Assets/2D Free Platformer Char/2D Free Wolf/Sprites/Idle1/Wolf-Idle1_26.png
  artifactKey: Guid(a1f3766ea8208a84ebdffa502ba5d717) Importer(815301076,1909f56bfc062723c751e8b465ee728b)
Start importing Assets/2D Free Platformer Char/2D Free Wolf/Sprites/Idle1/Wolf-Idle1_26.png using Guid(a1f3766ea8208a84ebdffa502ba5d717) Importer(815301076,1909f56bfc062723c751e8b465ee728b)  -> (artifact id: '300916bed7282d30a8a3a4389bd1a057') in 0.014774 seconds 
========================================================================
Received Import Request.
  Time since last request: 0.000020 seconds.
  path: Assets/2D Free Platformer Char/2D Free Wolf/Sprites/Idle1/Wolf-Idle1_21.png
  artifactKey: Guid(c7d9f040bbb1d8f4f834897cedca7283) Importer(815301076,1909f56bfc062723c751e8b465ee728b)
Start importing Assets/2D Free Platformer Char/2D Free Wolf/Sprites/Idle1/Wolf-Idle1_21.png using Guid(c7d9f040bbb1d8f4f834897cedca7283) Importer(815301076,1909f56bfc062723c751e8b465ee728b)  -> (artifact id: '2f3680a14f898a4a56faa7fc0c048411') in 0.015886 seconds 
========================================================================
Received Import Request.
  Time since last request: 0.000017 seconds.
  path: Assets/2D Free Platformer Char/2D Free Wolf/Sprites/Idle1/Wolf-Idle1_32.png
  artifactKey: Guid(9dbfe96460238ec4a9dee3362638d84b) Importer(815301076,1909f56bfc062723c751e8b465ee728b)
Start importing Assets/2D Free Platformer Char/2D Free Wolf/Sprites/Idle1/Wolf-Idle1_32.png using Guid(9dbfe96460238ec4a9dee3362638d84b) Importer(815301076,1909f56bfc062723c751e8b465ee728b)  -> (artifact id: '04e61d2a09aa0b95e7d5c6a6ea4027a2') in 0.015116 seconds 
========================================================================
Received Import Request.
  Time since last request: 0.000019 seconds.
  path: Assets/2D Free Platformer Char/2D Free Wolf/Sprites/Idle1/Wolf-Idle1_18.png
  artifactKey: Guid(3136213349406264a9ec7302a8bd5535) Importer(815301076,1909f56bfc062723c751e8b465ee728b)
Start importing Assets/2D Free Platformer Char/2D Free Wolf/Sprites/Idle1/Wolf-Idle1_18.png using Guid(3136213349406264a9ec7302a8bd5535) Importer(815301076,1909f56bfc062723c751e8b465ee728b)  -> (artifact id: 'd66311c3b2a022d2f1aa761e0b248e3b') in 0.017933 seconds 
========================================================================
Received Import Request.
  Time since last request: 0.000027 seconds.
  path: Assets/2D Free Platformer Char/2D Free Wolf/Sprites/Idle1/Wolf-Idle1_13.png
  artifactKey: Guid(c80a201c3a3f604419907184b5025226) Importer(815301076,1909f56bfc062723c751e8b465ee728b)
Start importing Assets/2D Free Platformer Char/2D Free Wolf/Sprites/Idle1/Wolf-Idle1_13.png using Guid(c80a201c3a3f604419907184b5025226) Importer(815301076,1909f56bfc062723c751e8b465ee728b)  -> (artifact id: 'bc38fbd5827e5404c6382ac50b48a869') in 0.015477 seconds 
========================================================================
Received Import Request.
  Time since last request: 0.000021 seconds.
  path: Assets/2D Free Platformer Char/2D Free Wolf/Sprites/Idle1/Wolf-Idle1_22.png
  artifactKey: Guid(2d7d0d29341e3dc4780fbdacaec4f9e6) Importer(815301076,1909f56bfc062723c751e8b465ee728b)
Start importing Assets/2D Free Platformer Char/2D Free Wolf/Sprites/Idle1/Wolf-Idle1_22.png using Guid(2d7d0d29341e3dc4780fbdacaec4f9e6) Importer(815301076,1909f56bfc062723c751e8b465ee728b)  -> (artifact id: '3ecabcad99f02cb522234b47b56fc946') in 0.016894 seconds 
========================================================================
Received Import Request.
  Time since last request: 0.000026 seconds.
  path: Assets/2D Free Platformer Char/2D Free Wolf/Sprites/Idle1/Wolf-Idle1_30.png
  artifactKey: Guid(6c8f66cc0d377f745b9cf0a17aa10da8) Importer(815301076,1909f56bfc062723c751e8b465ee728b)
Start importing Assets/2D Free Platformer Char/2D Free Wolf/Sprites/Idle1/Wolf-Idle1_30.png using Guid(6c8f66cc0d377f745b9cf0a17aa10da8) Importer(815301076,1909f56bfc062723c751e8b465ee728b)  -> (artifact id: '7e8f3ae5ed63982378d2d79aaa5df58c') in 0.017328 seconds 
========================================================================
Received Import Request.
  Time since last request: 0.000025 seconds.
  path: Assets/2D Free Platformer Char/2D Free Wolf/Sprites/Idle1/Wolf-Idle1_19.png
  artifactKey: Guid(bc659a10fe4e86e4b822c165be0a45fa) Importer(815301076,1909f56bfc062723c751e8b465ee728b)
Start importing Assets/2D Free Platformer Char/2D Free Wolf/Sprites/Idle1/Wolf-Idle1_19.png using Guid(bc659a10fe4e86e4b822c165be0a45fa) Importer(815301076,1909f56bfc062723c751e8b465ee728b)  -> (artifact id: '5226e51361c06599ef255daa33ac1d5f') in 0.017231 seconds 
========================================================================
Received Import Request.
  Time since last request: 0.418020 seconds.
  path: Assets/2D Free Platformer Char/2D Free Wolf/Sprites/Idle1/Wolf-Idle1_01.png
  artifactKey: Guid(82f5600467dff9f4b8370a24b3a300c6) Importer(815301076,1909f56bfc062723c751e8b465ee728b)
Start importing Assets/2D Free Platformer Char/2D Free Wolf/Sprites/Idle1/Wolf-Idle1_01.png using Guid(82f5600467dff9f4b8370a24b3a300c6) Importer(815301076,1909f56bfc062723c751e8b465ee728b)  -> (artifact id: '1b2421ded885e79676b4329858581894') in 0.017554 seconds 
========================================================================
Received Import Request.
  Time since last request: 0.000019 seconds.
  path: Assets/2D Free Platformer Char/2D Free Wolf/Sprites/Idle1/Wolf-Idle1_10.png
  artifactKey: Guid(cc140c6c055924942b3d92ddc7d6748f) Importer(815301076,1909f56bfc062723c751e8b465ee728b)
Start importing Assets/2D Free Platformer Char/2D Free Wolf/Sprites/Idle1/Wolf-Idle1_10.png using Guid(cc140c6c055924942b3d92ddc7d6748f) Importer(815301076,1909f56bfc062723c751e8b465ee728b)  -> (artifact id: '071c394ccb973b431210fd57333833d7') in 0.022144 seconds 
========================================================================
Received Import Request.
  Time since last request: 0.000028 seconds.
  path: Assets/2D Free Platformer Char/2D Free Wolf/Sprites/Idle1/Wolf-Idle1_04.png
  artifactKey: Guid(a55a9ca40879f9e47a1b9589f3b4d3e8) Importer(815301076,1909f56bfc062723c751e8b465ee728b)
Start importing Assets/2D Free Platformer Char/2D Free Wolf/Sprites/Idle1/Wolf-Idle1_04.png using Guid(a55a9ca40879f9e47a1b9589f3b4d3e8) Importer(815301076,1909f56bfc062723c751e8b465ee728b)  -> (artifact id: 'ddeb4b4d6731c9353aeedb17a37c0c85') in 0.021930 seconds 
========================================================================
Received Import Request.
  Time since last request: 0.000024 seconds.
  path: Assets/2D Free Platformer Char/2D Free Wolf/Sprites/Idle1/Wolf-Idle1_07.png
  artifactKey: Guid(75f4fdc2504dfdc4394d36998ae2481e) Importer(815301076,1909f56bfc062723c751e8b465ee728b)
Start importing Assets/2D Free Platformer Char/2D Free Wolf/Sprites/Idle1/Wolf-Idle1_07.png using Guid(75f4fdc2504dfdc4394d36998ae2481e) Importer(815301076,1909f56bfc062723c751e8b465ee728b)  -> (artifact id: 'a31c41e7fd66d08bdb2a05d6130fadc0') in 0.021256 seconds 
========================================================================
Received Import Request.
  Time since last request: 0.000021 seconds.
  path: Assets/2D Free Platformer Char/2D Free Wolf/Sprites/Idle1/Wolf-Idle1_03.png
  artifactKey: Guid(f83a009e599fed64fafde38df0e805db) Importer(815301076,1909f56bfc062723c751e8b465ee728b)
Start importing Assets/2D Free Platformer Char/2D Free Wolf/Sprites/Idle1/Wolf-Idle1_03.png using Guid(f83a009e599fed64fafde38df0e805db) Importer(815301076,1909f56bfc062723c751e8b465ee728b)  -> (artifact id: 'dcfc4791443667041c7f0cb889474e2a') in 0.015638 seconds 
========================================================================
Received Import Request.
  Time since last request: 0.000018 seconds.
  path: Assets/2D Free Platformer Char/2D Free Wolf/Sprites/Idle1/Wolf-Idle1_02.png
  artifactKey: Guid(fbbd0b86118cc8144a8430bc3dcc6857) Importer(815301076,1909f56bfc062723c751e8b465ee728b)
Start importing Assets/2D Free Platformer Char/2D Free Wolf/Sprites/Idle1/Wolf-Idle1_02.png using Guid(fbbd0b86118cc8144a8430bc3dcc6857) Importer(815301076,1909f56bfc062723c751e8b465ee728b)  -> (artifact id: '54c8aaa38afb6aaeea0b8e8335e6fed5') in 0.013081 seconds 
Editor requested this worker to shutdown with reason: Scaling down because of idle timeout
AssetImportWorker is now disconnected from the server
Process exiting
Exiting without the bug reporter. Application will terminate with return code 0