Using pre-set license
Built from '2021.3/staging' branch; Version is '2021.3.18f1 (3129e69bc0c7) revision 3221990'; Using compiler version '192829333'; Build Type 'Release'
OS: 'Windows 10  (10.0.19043) 64bit Professional' Language: 'ru' Physical Memory: 15741 MB
BatchMode: 1, IsHumanControllingUs: 0, StartBugReporterOnCrash: 0, Is64bit: 1, IsPro: 1

COMMAND LINE ARGUMENTS:
E:\Unity Editor\2021.3.18f1\Editor\Unity.exe
-adb2
-batchMode
-noUpm
-name
AssetImportWorker5
-projectPath
D:/Unity_Project/lab3
-logFile
Logs/AssetImportWorker5.log
-srvPort
62266
Successfully changed project path to: D:/Unity_Project/lab3
D:/Unity_Project/lab3
[UnityMemory] Configuration Parameters - Can be set up in boot.config
    "memorysetup-bucket-allocator-granularity=16"
    "memorysetup-bucket-allocator-bucket-count=8"
    "memorysetup-bucket-allocator-block-size=33554432"
    "memorysetup-bucket-allocator-block-count=8"
    "memorysetup-main-allocator-block-size=16777216"
    "memorysetup-thread-allocator-block-size=16777216"
    "memorysetup-gfx-main-allocator-block-size=16777216"
    "memorysetup-gfx-thread-allocator-block-size=16777216"
    "memorysetup-cache-allocator-block-size=4194304"
    "memorysetup-typetree-allocator-block-size=2097152"
    "memorysetup-profiler-bucket-allocator-granularity=16"
    "memorysetup-profiler-bucket-allocator-bucket-count=8"
    "memorysetup-profiler-bucket-allocator-block-size=33554432"
    "memorysetup-profiler-bucket-allocator-block-count=8"
    "memorysetup-profiler-allocator-block-size=16777216"
    "memorysetup-profiler-editor-allocator-block-size=1048576"
    "memorysetup-temp-allocator-size-main=16777216"
    "memorysetup-job-temp-allocator-block-size=2097152"
    "memorysetup-job-temp-allocator-block-size-background=1048576"
    "memorysetup-job-temp-allocator-reduction-small-platforms=262144"
    "memorysetup-temp-allocator-size-background-worker=32768"
    "memorysetup-temp-allocator-size-job-worker=262144"
    "memorysetup-temp-allocator-size-preload-manager=33554432"
    "memorysetup-temp-allocator-size-nav-mesh-worker=65536"
    "memorysetup-temp-allocator-size-audio-worker=65536"
    "memorysetup-temp-allocator-size-cloud-worker=32768"
    "memorysetup-temp-allocator-size-gi-baking-worker=262144"
    "memorysetup-temp-allocator-size-gfx=262144"
Player connection [33816] Host "[IP] 192.168.3.108 [Port] 0 [Flags] 2 [Guid] 968259373 [EditorId] 968259373 [Version] 1048832 [Id] WindowsEditor(7,DESKTOP-GELIKMQ) [Debug] 1 [PackageName] WindowsEditor [ProjectName] Editor" joined multi-casting on [225.0.0.222:54997]...

Player connection [33816] Host "[IP] 192.168.3.108 [Port] 0 [Flags] 2 [Guid] 968259373 [EditorId] 968259373 [Version] 1048832 [Id] WindowsEditor(7,DESKTOP-GELIKMQ) [Debug] 1 [PackageName] WindowsEditor [ProjectName] Editor" joined alternative multi-casting on [225.0.0.222:34997]...

Refreshing native plugins compatible for Editor in 90.64 ms, found 4 plugins.
Preloading 0 native plugins for Editor in 0.00 ms.
Initialize engine version: 2021.3.18f1 (3129e69bc0c7)
[Subsystems] Discovering subsystems at path E:/Unity Editor/2021.3.18f1/Editor/Data/Resources/UnitySubsystems
[Subsystems] Discovering subsystems at path D:/Unity_Project/lab3/Assets
GfxDevice: creating device client; threaded=0; jobified=0
Direct3D:
    Version:  Direct3D 11.0 [level 11.1]
    Renderer: NVIDIA GeForce GTX 1660 Ti (ID=0x2191)
    Vendor:   NVIDIA
    VRAM:     5991 MB
    Driver:   30.0.15.1295
Initialize mono
Mono path[0] = 'E:/Unity Editor/2021.3.18f1/Editor/Data/Managed'
Mono path[1] = 'E:/Unity Editor/2021.3.18f1/Editor/Data/MonoBleedingEdge/lib/mono/unityjit-win32'
Mono config path = 'E:/Unity Editor/2021.3.18f1/Editor/Data/MonoBleedingEdge/etc'
Using monoOptions --debugger-agent=transport=dt_socket,embedding=1,server=y,suspend=n,address=127.0.0.1:56164
Begin MonoManager ReloadAssembly
Registering precompiled unity dll's ...
Register platform support module: E:/Unity Editor/2021.3.18f1/Editor/Data/PlaybackEngines/WebGLSupport/UnityEditor.WebGL.Extensions.dll
Register platform support module: E:/Unity Editor/2021.3.18f1/Editor/Data/PlaybackEngines/WindowsStandaloneSupport/UnityEditor.WindowsStandalone.Extensions.dll
Registered in 0.003386 seconds.
Native extension for WindowsStandalone target not found
Native extension for WebGL target not found
Refreshing native plugins compatible for Editor in 85.17 ms, found 4 plugins.
Preloading 0 native plugins for Editor in 0.00 ms.
Mono: successfully reloaded assembly
- Completed reload, in  0.677 seconds
Domain Reload Profiling:
	ReloadAssembly (677ms)
		BeginReloadAssembly (87ms)
			ExecutionOrderSort (0ms)
			DisableScriptedObjects (0ms)
			BackupInstance (0ms)
			ReleaseScriptingObjects (0ms)
			CreateAndSetChildDomain (1ms)
		EndReloadAssembly (485ms)
			LoadAssemblies (87ms)
			RebuildTransferFunctionScriptingTraits (0ms)
			SetupTypeCache (100ms)
			ReleaseScriptCaches (0ms)
			RebuildScriptCaches (26ms)
			SetupLoadedEditorAssemblies (314ms)
				LogAssemblyErrors (0ms)
				InitializePlatformSupportModulesInManaged (8ms)
				SetLoadedEditorAssemblies (0ms)
				RefreshPlugins (85ms)
				BeforeProcessingInitializeOnLoad (1ms)
				ProcessInitializeOnLoadAttributes (150ms)
				ProcessInitializeOnLoadMethodAttributes (69ms)
				AfterProcessingInitializeOnLoad (0ms)
				EditorAssembliesLoaded (0ms)
			ExecutionOrderSort2 (0ms)
			AwakeInstancesAfterBackupRestoration (0ms)
Platform modules already initialized, skipping
Registering precompiled user dll's ...
Registered in 0.006784 seconds.
Begin MonoManager ReloadAssembly
Symbol file LoadedFromMemory doesn't match image D:\Unity_Project\lab3\Library\PackageCache\com.unity.visualscripting@1.8.0\Editor\VisualScripting.Core\Dependencies\YamlDotNet\Unity.VisualScripting.YamlDotNet.dll
Symbol file LoadedFromMemory doesn't match image D:\Unity_Project\lab3\Library\PackageCache\com.unity.visualscripting@1.8.0\Editor\VisualScripting.Core\Dependencies\DotNetZip\Unity.VisualScripting.IonicZip.dll
Native extension for WindowsStandalone target not found
Native extension for WebGL target not found
Refreshing native plugins compatible for Editor in 104.34 ms, found 4 plugins.
Preloading 0 native plugins for Editor in 0.00 ms.
Mono: successfully reloaded assembly
- Completed reload, in  1.068 seconds
Domain Reload Profiling:
	ReloadAssembly (1069ms)
		BeginReloadAssembly (103ms)
			ExecutionOrderSort (0ms)
			DisableScriptedObjects (6ms)
			BackupInstance (0ms)
			ReleaseScriptingObjects (0ms)
			CreateAndSetChildDomain (18ms)
		EndReloadAssembly (864ms)
			LoadAssemblies (103ms)
			RebuildTransferFunctionScriptingTraits (0ms)
			SetupTypeCache (217ms)
			ReleaseScriptCaches (1ms)
			RebuildScriptCaches (51ms)
			SetupLoadedEditorAssemblies (457ms)
				LogAssemblyErrors (0ms)
				InitializePlatformSupportModulesInManaged (4ms)
				SetLoadedEditorAssemblies (0ms)
				RefreshPlugins (104ms)
				BeforeProcessingInitializeOnLoad (97ms)
				ProcessInitializeOnLoadAttributes (211ms)
				ProcessInitializeOnLoadMethodAttributes (36ms)
				AfterProcessingInitializeOnLoad (4ms)
				EditorAssembliesLoaded (0ms)
			ExecutionOrderSort2 (0ms)
			AwakeInstancesAfterBackupRestoration (6ms)
Platform modules already initialized, skipping
========================================================================
Worker process is ready to serve import requests
Launched and connected shader compiler UnityShaderCompiler.exe after 0.04 seconds
Refreshing native plugins compatible for Editor in 0.75 ms, found 4 plugins.
Preloading 0 native plugins for Editor in 0.00 ms.
Unloading 3733 Unused Serialized files (Serialized files now loaded: 0)
Unloading 41 unused Assets / (229.2 KB). Loaded Objects now: 4187.
Memory consumption went from 142.6 MB to 142.4 MB.
Total: 3.027900 ms (FindLiveObjects: 0.295000 ms CreateObjectMapping: 0.094600 ms MarkObjects: 2.480500 ms  DeleteObjects: 0.156500 ms)

AssetImportParameters requested are different than current active one (requested -> active):
  custom:video-decoder-ogg-theora: a1e56fd34408186e4bbccfd4996cb3dc -> 
  custom:container-muxer-webm: aa71ff27fc2769a1b78a27578f13a17b -> 
  custom:container-demuxer-webm: 4f35f7cbe854078d1ac9338744f61a02 -> 
  custom:video-encoder-webm-vp8: eb34c28f22e8b96e1ab97ce403110664 -> 
  custom:audio-encoder-webm-vorbis: bf7c407c2cedff20999df2af8eb42d56 -> 
  custom:framework-win-MediaFoundation: 216162199b28c13a410421893ffa2e32 -> 
  custom:container-demuxer-ogg: 62fdf1f143b41e24485cea50d1cbac27 -> 
  custom:video-decoder-webm-vp8: 9c59270c3fd7afecdb556c50c9e8de78 -> 
  custom:audio-decoder-ogg-vorbis: bf7c407c2cedff20999df2af8eb42d56 -> 
========================================================================
Received Prepare
Registering precompiled user dll's ...
Registered in 0.005491 seconds.
Begin MonoManager ReloadAssembly
Symbol file LoadedFromMemory doesn't match image D:\Unity_Project\lab3\Library\PackageCache\com.unity.visualscripting@1.8.0\Editor\VisualScripting.Core\Dependencies\YamlDotNet\Unity.VisualScripting.YamlDotNet.dll
Symbol file LoadedFromMemory doesn't match image D:\Unity_Project\lab3\Library\PackageCache\com.unity.visualscripting@1.8.0\Editor\VisualScripting.Core\Dependencies\DotNetZip\Unity.VisualScripting.IonicZip.dll
Native extension for WindowsStandalone target not found
Native extension for WebGL target not found
Refreshing native plugins compatible for Editor in 0.71 ms, found 4 plugins.
Preloading 0 native plugins for Editor in 0.00 ms.
Mono: successfully reloaded assembly
- Completed reload, in  0.887 seconds
Domain Reload Profiling:
	ReloadAssembly (888ms)
		BeginReloadAssembly (111ms)
			ExecutionOrderSort (0ms)
			DisableScriptedObjects (8ms)
			BackupInstance (0ms)
			ReleaseScriptingObjects (0ms)
			CreateAndSetChildDomain (31ms)
		EndReloadAssembly (692ms)
			LoadAssemblies (74ms)
			RebuildTransferFunctionScriptingTraits (0ms)
			SetupTypeCache (225ms)
			ReleaseScriptCaches (1ms)
			RebuildScriptCaches (41ms)
			SetupLoadedEditorAssemblies (306ms)
				LogAssemblyErrors (0ms)
				InitializePlatformSupportModulesInManaged (12ms)
				SetLoadedEditorAssemblies (0ms)
				RefreshPlugins (1ms)
				BeforeProcessingInitializeOnLoad (65ms)
				ProcessInitializeOnLoadAttributes (194ms)
				ProcessInitializeOnLoadMethodAttributes (31ms)
				AfterProcessingInitializeOnLoad (2ms)
				EditorAssembliesLoaded (0ms)
			ExecutionOrderSort2 (0ms)
			AwakeInstancesAfterBackupRestoration (9ms)
Platform modules already initialized, skipping
Refreshing native plugins compatible for Editor in 2.13 ms, found 4 plugins.
Preloading 0 native plugins for Editor in 0.00 ms.
Unloading 3728 Unused Serialized files (Serialized files now loaded: 0)
Unloading 28 unused Assets / (195.6 KB). Loaded Objects now: 4190.
Memory consumption went from 142.5 MB to 142.3 MB.
Total: 3.018600 ms (FindLiveObjects: 0.309600 ms CreateObjectMapping: 0.096700 ms MarkObjects: 2.470100 ms  DeleteObjects: 0.141100 ms)

AssetImportParameters requested are different than current active one (requested -> active):
  custom:video-decoder-ogg-theora: a1e56fd34408186e4bbccfd4996cb3dc -> 
  custom:container-muxer-webm: aa71ff27fc2769a1b78a27578f13a17b -> 
  custom:container-demuxer-webm: 4f35f7cbe854078d1ac9338744f61a02 -> 
  custom:video-encoder-webm-vp8: eb34c28f22e8b96e1ab97ce403110664 -> 
  custom:audio-encoder-webm-vorbis: bf7c407c2cedff20999df2af8eb42d56 -> 
  custom:framework-win-MediaFoundation: 216162199b28c13a410421893ffa2e32 -> 
  custom:container-demuxer-ogg: 62fdf1f143b41e24485cea50d1cbac27 -> 
  custom:video-decoder-webm-vp8: 9c59270c3fd7afecdb556c50c9e8de78 -> 
  custom:audio-decoder-ogg-vorbis: bf7c407c2cedff20999df2af8eb42d56 -> 
========================================================================
Received Import Request.
  Time since last request: 7006637.689015 seconds.
  path: Assets/PlatformerSet1/New Palette.prefab
  artifactKey: Guid(58cf16f040fb67844bcb3bda57945d55) Importer(815301076,1909f56bfc062723c751e8b465ee728b)
Start importing Assets/PlatformerSet1/New Palette.prefab using Guid(58cf16f040fb67844bcb3bda57945d55) Importer(815301076,1909f56bfc062723c751e8b465ee728b)  -> (artifact id: '0d78a972af14d9c9aed30d355c8bd840') in 0.115652 seconds 
========================================================================
Received Import Request.
  Time since last request: 39.800610 seconds.
  path: Assets/PlatformerSet1/main_lev_build_1.asset
  artifactKey: Guid(87ca2049f0909594384d2de2e88d41c0) Importer(815301076,1909f56bfc062723c751e8b465ee728b)
Start importing Assets/PlatformerSet1/main_lev_build_1.asset using Guid(87ca2049f0909594384d2de2e88d41c0) Importer(815301076,1909f56bfc062723c751e8b465ee728b)  -> (artifact id: '20a44cdfee0f2560b1478ad36993e886') in 0.021466 seconds 
========================================================================
Received Import Request.
  Time since last request: 0.000033 seconds.
  path: Assets/PlatformerSet1/main_lev_build_12.asset
  artifactKey: Guid(9de3dbba6d071f24d9ce0331c612f990) Importer(815301076,1909f56bfc062723c751e8b465ee728b)
Start importing Assets/PlatformerSet1/main_lev_build_12.asset using Guid(9de3dbba6d071f24d9ce0331c612f990) Importer(815301076,1909f56bfc062723c751e8b465ee728b)  -> (artifact id: 'f952c81fd1f6902f7ca1ec87e47246ca') in 0.016172 seconds 
========================================================================
Received Import Request.
  Time since last request: 0.000035 seconds.
  path: Assets/PlatformerSet1/main_lev_build_46.asset
  artifactKey: Guid(e054642d226a6f945afd07001ad4c67b) Importer(815301076,1909f56bfc062723c751e8b465ee728b)
Start importing Assets/PlatformerSet1/main_lev_build_46.asset using Guid(e054642d226a6f945afd07001ad4c67b) Importer(815301076,1909f56bfc062723c751e8b465ee728b)  -> (artifact id: 'e327af4b02d3dd18a9b01f89a5e73280') in 0.014916 seconds 
========================================================================
Received Import Request.
  Time since last request: 0.000030 seconds.
  path: Assets/PlatformerSet1/main_lev_build_25.asset
  artifactKey: Guid(ab74ee44950bd2f4099412357bc80e9d) Importer(815301076,1909f56bfc062723c751e8b465ee728b)
Start importing Assets/PlatformerSet1/main_lev_build_25.asset using Guid(ab74ee44950bd2f4099412357bc80e9d) Importer(815301076,1909f56bfc062723c751e8b465ee728b)  -> (artifact id: '8eaf06e38ea62c5b82b741328711e89b') in 0.017739 seconds 
========================================================================
Received Import Request.
  Time since last request: 0.000028 seconds.
  path: Assets/PlatformerSet1/main_lev_build_9.asset
  artifactKey: Guid(491cbbb15125e3b4e93df7eb0f7ffa8b) Importer(815301076,1909f56bfc062723c751e8b465ee728b)
Start importing Assets/PlatformerSet1/main_lev_build_9.asset using Guid(491cbbb15125e3b4e93df7eb0f7ffa8b) Importer(815301076,1909f56bfc062723c751e8b465ee728b)  -> (artifact id: '105d27b4e339d1b78b98eeaa3eeb405e') in 0.014208 seconds 
========================================================================
Received Import Request.
  Time since last request: 0.000028 seconds.
  path: Assets/PlatformerSet1/main_lev_build_6.asset
  artifactKey: Guid(dff6db1f96851bb4cad565e18209602e) Importer(815301076,1909f56bfc062723c751e8b465ee728b)
Start importing Assets/PlatformerSet1/main_lev_build_6.asset using Guid(dff6db1f96851bb4cad565e18209602e) Importer(815301076,1909f56bfc062723c751e8b465ee728b)  -> (artifact id: '52f8deeac3d7d32d4516bbd7b656684b') in 0.012763 seconds 
========================================================================
Received Import Request.
  Time since last request: 0.000035 seconds.
  path: Assets/PlatformerSet1/main_lev_build_38.asset
  artifactKey: Guid(c1266028d593d06479f7881ec70100ec) Importer(815301076,1909f56bfc062723c751e8b465ee728b)
Start importing Assets/PlatformerSet1/main_lev_build_38.asset using Guid(c1266028d593d06479f7881ec70100ec) Importer(815301076,1909f56bfc062723c751e8b465ee728b)  -> (artifact id: 'd1ae0206502fe492371092f5250607e5') in 0.020835 seconds 
========================================================================
Received Import Request.
  Time since last request: 0.000033 seconds.
  path: Assets/PlatformerSet1/main_lev_build_11.asset
  artifactKey: Guid(b85c251a5ef3cb5439c731052a5d8c92) Importer(815301076,1909f56bfc062723c751e8b465ee728b)
Start importing Assets/PlatformerSet1/main_lev_build_11.asset using Guid(b85c251a5ef3cb5439c731052a5d8c92) Importer(815301076,1909f56bfc062723c751e8b465ee728b)  -> (artifact id: 'af3c1eff2436e4da8e9b30bd455524d8') in 0.018830 seconds 
========================================================================
Received Import Request.
  Time since last request: 0.000030 seconds.
  path: Assets/PlatformerSet1/main_lev_build_4.asset
  artifactKey: Guid(2a0d73da6c7294746a47124ff3d1aff6) Importer(815301076,1909f56bfc062723c751e8b465ee728b)
Start importing Assets/PlatformerSet1/main_lev_build_4.asset using Guid(2a0d73da6c7294746a47124ff3d1aff6) Importer(815301076,1909f56bfc062723c751e8b465ee728b)  -> (artifact id: 'c4a100927a5d5b339317cdabd1e74b30') in 0.020481 seconds 
========================================================================
Received Import Request.
  Time since last request: 0.000028 seconds.
  path: Assets/PlatformerSet1/main_lev_build_8.asset
  artifactKey: Guid(4c5c4fc363ece9346a64845c125f5db5) Importer(815301076,1909f56bfc062723c751e8b465ee728b)
Start importing Assets/PlatformerSet1/main_lev_build_8.asset using Guid(4c5c4fc363ece9346a64845c125f5db5) Importer(815301076,1909f56bfc062723c751e8b465ee728b)  -> (artifact id: '913128b7305d08c2570a1b2a478a813f') in 0.028639 seconds 
========================================================================
Received Import Request.
  Time since last request: 0.000020 seconds.
  path: Assets/PlatformerSet1/main_lev_build_34.asset
  artifactKey: Guid(85f1b57e44f94314c93272c5bea97003) Importer(815301076,1909f56bfc062723c751e8b465ee728b)
Start importing Assets/PlatformerSet1/main_lev_build_34.asset using Guid(85f1b57e44f94314c93272c5bea97003) Importer(815301076,1909f56bfc062723c751e8b465ee728b)  -> (artifact id: '0bc5b082a8aa0b21ad4cdd1b644204fc') in 0.040040 seconds 
========================================================================
Received Import Request.
  Time since last request: 0.000028 seconds.
  path: Assets/PlatformerSet1/main_lev_build_17.asset
  artifactKey: Guid(6113ed66c0de8104ca0dc7aa30610f3d) Importer(815301076,1909f56bfc062723c751e8b465ee728b)
Start importing Assets/PlatformerSet1/main_lev_build_17.asset using Guid(6113ed66c0de8104ca0dc7aa30610f3d) Importer(815301076,1909f56bfc062723c751e8b465ee728b)  -> (artifact id: '9c9fce01b6fd171d918f94dca41eaa96') in 0.011820 seconds 
========================================================================
Received Import Request.
  Time since last request: 0.000029 seconds.
  path: Assets/PlatformerSet1/main_lev_build_32.asset
  artifactKey: Guid(d972b4f6e7f40ae4d98214526ca7b397) Importer(815301076,1909f56bfc062723c751e8b465ee728b)
Start importing Assets/PlatformerSet1/main_lev_build_32.asset using Guid(d972b4f6e7f40ae4d98214526ca7b397) Importer(815301076,1909f56bfc062723c751e8b465ee728b)  -> (artifact id: '72868b442358ef8985ea92951ac07a77') in 0.012110 seconds 
========================================================================
Received Import Request.
  Time since last request: 0.000026 seconds.
  path: Assets/PlatformerSet1/main_lev_build_10.asset
  artifactKey: Guid(ac8c90e3694a38648990846d09a534da) Importer(815301076,1909f56bfc062723c751e8b465ee728b)
Start importing Assets/PlatformerSet1/main_lev_build_10.asset using Guid(ac8c90e3694a38648990846d09a534da) Importer(815301076,1909f56bfc062723c751e8b465ee728b)  -> (artifact id: '8122793acfa3547ef547eeb22bad0bff') in 0.012092 seconds 
========================================================================
Received Import Request.
  Time since last request: 0.000028 seconds.
  path: Assets/PlatformerSet1/main_lev_build_41.asset
  artifactKey: Guid(1e06ce7dfd032e244b0b9fee5e2dc73f) Importer(815301076,1909f56bfc062723c751e8b465ee728b)
Start importing Assets/PlatformerSet1/main_lev_build_41.asset using Guid(1e06ce7dfd032e244b0b9fee5e2dc73f) Importer(815301076,1909f56bfc062723c751e8b465ee728b)  -> (artifact id: 'c7d1597b81dfd41f2ed7171e5a27486e') in 0.010843 seconds 
========================================================================
Received Import Request.
  Time since last request: 0.000047 seconds.
  path: Assets/PlatformerSet1/main_lev_build_19.asset
  artifactKey: Guid(32dd7e1eb58c462449eb46c82de471bb) Importer(815301076,1909f56bfc062723c751e8b465ee728b)
Start importing Assets/PlatformerSet1/main_lev_build_19.asset using Guid(32dd7e1eb58c462449eb46c82de471bb) Importer(815301076,1909f56bfc062723c751e8b465ee728b)  -> (artifact id: '8be1a9c7e8447c86c05a848d28a58bc9') in 0.012105 seconds 
========================================================================
Received Import Request.
  Time since last request: 0.000021 seconds.
  path: Assets/PlatformerSet1/main_lev_build_28.asset
  artifactKey: Guid(ac018456e6ec82346876a5b4b11f49b4) Importer(815301076,1909f56bfc062723c751e8b465ee728b)
Start importing Assets/PlatformerSet1/main_lev_build_28.asset using Guid(ac018456e6ec82346876a5b4b11f49b4) Importer(815301076,1909f56bfc062723c751e8b465ee728b)  -> (artifact id: '26ac874f8d6704fdc0350bfe5623802b') in 0.013238 seconds 
========================================================================
Received Import Request.
  Time since last request: 0.000024 seconds.
  path: Assets/PlatformerSet1/main_lev_build_15.asset
  artifactKey: Guid(6a92e33d00f76bd418225ecdcc93bf55) Importer(815301076,1909f56bfc062723c751e8b465ee728b)
Start importing Assets/PlatformerSet1/main_lev_build_15.asset using Guid(6a92e33d00f76bd418225ecdcc93bf55) Importer(815301076,1909f56bfc062723c751e8b465ee728b)  -> (artifact id: '746c12ed146d662a35a8afb68a95846b') in 0.012622 seconds 
========================================================================
Received Import Request.
  Time since last request: 0.000030 seconds.
  path: Assets/PlatformerSet1/main_lev_build_14.asset
  artifactKey: Guid(b6c5d9511cf981f46a1b419b57a4c772) Importer(815301076,1909f56bfc062723c751e8b465ee728b)
Start importing Assets/PlatformerSet1/main_lev_build_14.asset using Guid(b6c5d9511cf981f46a1b419b57a4c772) Importer(815301076,1909f56bfc062723c751e8b465ee728b)  -> (artifact id: 'e79c025cf91f0baf2e596dfb8125093b') in 0.012543 seconds 
========================================================================
Received Import Request.
  Time since last request: 0.000031 seconds.
  path: Assets/PlatformerSet1/main_lev_build_7.asset
  artifactKey: Guid(4ac906fb9f81232468c0b49e4b5c2998) Importer(815301076,1909f56bfc062723c751e8b465ee728b)
Start importing Assets/PlatformerSet1/main_lev_build_7.asset using Guid(4ac906fb9f81232468c0b49e4b5c2998) Importer(815301076,1909f56bfc062723c751e8b465ee728b)  -> (artifact id: 'aa0a4c062f241aaab1a94f30e734d9b0') in 0.012768 seconds 
========================================================================
Received Import Request.
  Time since last request: 0.000024 seconds.
  path: Assets/PlatformerSet1/main_lev_build_39.asset
  artifactKey: Guid(8f6a0e10bc103c24f9e1fea612d4b3ca) Importer(815301076,1909f56bfc062723c751e8b465ee728b)
Start importing Assets/PlatformerSet1/main_lev_build_39.asset using Guid(8f6a0e10bc103c24f9e1fea612d4b3ca) Importer(815301076,1909f56bfc062723c751e8b465ee728b)  -> (artifact id: '8d62d81a3114152a3afdfd1d50747a0a') in 0.014246 seconds 
========================================================================
Received Import Request.
  Time since last request: 0.000030 seconds.
  path: Assets/PlatformerSet1/main_lev_build_3.asset
  artifactKey: Guid(1451d47887ef1c940a9e5380aa86c5c8) Importer(815301076,1909f56bfc062723c751e8b465ee728b)
Start importing Assets/PlatformerSet1/main_lev_build_3.asset using Guid(1451d47887ef1c940a9e5380aa86c5c8) Importer(815301076,1909f56bfc062723c751e8b465ee728b)  -> (artifact id: '0e1283c9367b93b4b99e7a7f046dfa45') in 0.016769 seconds 
========================================================================
Received Import Request.
  Time since last request: 0.000029 seconds.
  path: Assets/PlatformerSet1/main_lev_build_21.asset
  artifactKey: Guid(01e20168ce371f643bf29d5fb4196dc2) Importer(815301076,1909f56bfc062723c751e8b465ee728b)
Start importing Assets/PlatformerSet1/main_lev_build_21.asset using Guid(01e20168ce371f643bf29d5fb4196dc2) Importer(815301076,1909f56bfc062723c751e8b465ee728b)  -> (artifact id: '01c20c78931b36fa753979acd41b3ec9') in 0.015749 seconds 
========================================================================
Received Import Request.
  Time since last request: 0.807949 seconds.
  path: Assets/PlatformerSet1/main_lev_build_49.asset
  artifactKey: Guid(018b3f5cc6442694db9e94cb35fedf9e) Importer(815301076,1909f56bfc062723c751e8b465ee728b)
Start importing Assets/PlatformerSet1/main_lev_build_49.asset using Guid(018b3f5cc6442694db9e94cb35fedf9e) Importer(815301076,1909f56bfc062723c751e8b465ee728b)  -> (artifact id: '86973e5fffb147685f208642696951e9') in 0.012316 seconds 
========================================================================
Received Import Request.
  Time since last request: 0.000021 seconds.
  path: Assets/PlatformerSet1/main_lev_build_55.asset
  artifactKey: Guid(c167feb61e81f3843848ae13f97180ff) Importer(815301076,1909f56bfc062723c751e8b465ee728b)
Start importing Assets/PlatformerSet1/main_lev_build_55.asset using Guid(c167feb61e81f3843848ae13f97180ff) Importer(815301076,1909f56bfc062723c751e8b465ee728b)  -> (artifact id: '5f80897b0f2128f1ddb61e8af3015637') in 0.013468 seconds 
========================================================================
Received Import Request.
  Time since last request: 0.000041 seconds.
  path: Assets/PlatformerSet1/main_lev_build_58.asset
  artifactKey: Guid(5b4f2b14c1454614f902adcb3e5903ad) Importer(815301076,1909f56bfc062723c751e8b465ee728b)
Start importing Assets/PlatformerSet1/main_lev_build_58.asset using Guid(5b4f2b14c1454614f902adcb3e5903ad) Importer(815301076,1909f56bfc062723c751e8b465ee728b)  -> (artifact id: '2924f8283f25fafb26750d64ea489b31') in 0.011728 seconds 
========================================================================
Received Import Request.
  Time since last request: 0.000026 seconds.
  path: Assets/PlatformerSet1/main_lev_build_50.asset
  artifactKey: Guid(19554e49f0cd7574cbeded47639dfda6) Importer(815301076,1909f56bfc062723c751e8b465ee728b)
Start importing Assets/PlatformerSet1/main_lev_build_50.asset using Guid(19554e49f0cd7574cbeded47639dfda6) Importer(815301076,1909f56bfc062723c751e8b465ee728b)  -> (artifact id: '0a7c0dfec5de4e35b830afbafacd9a07') in 0.012659 seconds 
========================================================================
Received Import Request.
  Time since last request: 0.000037 seconds.
  path: Assets/PlatformerSet1/main_lev_build_53.asset
  artifactKey: Guid(14bcb61b8c7a0424a9355c13ea4932ba) Importer(815301076,1909f56bfc062723c751e8b465ee728b)
Start importing Assets/PlatformerSet1/main_lev_build_53.asset using Guid(14bcb61b8c7a0424a9355c13ea4932ba) Importer(815301076,1909f56bfc062723c751e8b465ee728b)  -> (artifact id: 'fb40107594cb6d9452b6918e65d62f4f') in 0.012637 seconds 
========================================================================
Received Import Request.
  Time since last request: 0.000021 seconds.
  path: Assets/PlatformerSet1/main_lev_build_52.asset
  artifactKey: Guid(4a318d0de30cf2a4aaf3fd4addfdbfb8) Importer(815301076,1909f56bfc062723c751e8b465ee728b)
Start importing Assets/PlatformerSet1/main_lev_build_52.asset using Guid(4a318d0de30cf2a4aaf3fd4addfdbfb8) Importer(815301076,1909f56bfc062723c751e8b465ee728b)  -> (artifact id: 'f0ec7bc992ee9074e47cd7cdb0b8107b') in 0.012648 seconds 
Editor requested this worker to shutdown with reason: Scaling down because of idle timeout
AssetImportWorker is now disconnected from the server
Process exiting
Exiting without the bug reporter. Application will terminate with return code 0