Using pre-set license
Built from '2021.3/staging' branch; Version is '2021.3.18f1 (3129e69bc0c7) revision 3221990'; Using compiler version '192829333'; Build Type 'Release'
OS: 'Windows 10  (10.0.19043) 64bit Professional' Language: 'ru' Physical Memory: 15741 MB
BatchMode: 1, IsHumanControllingUs: 0, StartBugReporterOnCrash: 0, Is64bit: 1, IsPro: 1

COMMAND LINE ARGUMENTS:
E:\Unity Editor\2021.3.18f1\Editor\Unity.exe
-adb2
-batchMode
-noUpm
-name
AssetImportWorker9
-projectPath
D:/Unity_Project/lab6
-logFile
Logs/AssetImportWorker9.log
-srvPort
59095
Successfully changed project path to: D:/Unity_Project/lab6
D:/Unity_Project/lab6
[UnityMemory] Configuration Parameters - Can be set up in boot.config
    "memorysetup-bucket-allocator-granularity=16"
    "memorysetup-bucket-allocator-bucket-count=8"
    "memorysetup-bucket-allocator-block-size=33554432"
    "memorysetup-bucket-allocator-block-count=8"
    "memorysetup-main-allocator-block-size=16777216"
    "memorysetup-thread-allocator-block-size=16777216"
    "memorysetup-gfx-main-allocator-block-size=16777216"
    "memorysetup-gfx-thread-allocator-block-size=16777216"
    "memorysetup-cache-allocator-block-size=4194304"
    "memorysetup-typetree-allocator-block-size=2097152"
    "memorysetup-profiler-bucket-allocator-granularity=16"
    "memorysetup-profiler-bucket-allocator-bucket-count=8"
    "memorysetup-profiler-bucket-allocator-block-size=33554432"
    "memorysetup-profiler-bucket-allocator-block-count=8"
    "memorysetup-profiler-allocator-block-size=16777216"
    "memorysetup-profiler-editor-allocator-block-size=1048576"
    "memorysetup-temp-allocator-size-main=16777216"
    "memorysetup-job-temp-allocator-block-size=2097152"
    "memorysetup-job-temp-allocator-block-size-background=1048576"
    "memorysetup-job-temp-allocator-reduction-small-platforms=262144"
    "memorysetup-temp-allocator-size-background-worker=32768"
    "memorysetup-temp-allocator-size-job-worker=262144"
    "memorysetup-temp-allocator-size-preload-manager=33554432"
    "memorysetup-temp-allocator-size-nav-mesh-worker=65536"
    "memorysetup-temp-allocator-size-audio-worker=65536"
    "memorysetup-temp-allocator-size-cloud-worker=32768"
    "memorysetup-temp-allocator-size-gi-baking-worker=262144"
    "memorysetup-temp-allocator-size-gfx=262144"
Player connection [20404] Host "[IP] 192.168.3.108 [Port] 0 [Flags] 2 [Guid] 3778448945 [EditorId] 3778448945 [Version] 1048832 [Id] WindowsEditor(7,DESKTOP-GELIKMQ) [Debug] 1 [PackageName] WindowsEditor [ProjectName] Editor" joined multi-casting on [225.0.0.222:54997]...

Player connection [20404] Host "[IP] 192.168.3.108 [Port] 0 [Flags] 2 [Guid] 3778448945 [EditorId] 3778448945 [Version] 1048832 [Id] WindowsEditor(7,DESKTOP-GELIKMQ) [Debug] 1 [PackageName] WindowsEditor [ProjectName] Editor" joined alternative multi-casting on [225.0.0.222:34997]...

Refreshing native plugins compatible for Editor in 80.34 ms, found 3 plugins.
Preloading 0 native plugins for Editor in 0.00 ms.
Initialize engine version: 2021.3.18f1 (3129e69bc0c7)
[Subsystems] Discovering subsystems at path E:/Unity Editor/2021.3.18f1/Editor/Data/Resources/UnitySubsystems
[Subsystems] Discovering subsystems at path D:/Unity_Project/lab6/Assets
GfxDevice: creating device client; threaded=0; jobified=0
Direct3D:
    Version:  Direct3D 11.0 [level 11.1]
    Renderer: NVIDIA GeForce GTX 1660 Ti (ID=0x2191)
    Vendor:   NVIDIA
    VRAM:     5991 MB
    Driver:   30.0.15.1295
Initialize mono
Mono path[0] = 'E:/Unity Editor/2021.3.18f1/Editor/Data/Managed'
Mono path[1] = 'E:/Unity Editor/2021.3.18f1/Editor/Data/MonoBleedingEdge/lib/mono/unityjit-win32'
Mono config path = 'E:/Unity Editor/2021.3.18f1/Editor/Data/MonoBleedingEdge/etc'
Using monoOptions --debugger-agent=transport=dt_socket,embedding=1,server=y,suspend=n,address=127.0.0.1:56512
Begin MonoManager ReloadAssembly
Registering precompiled unity dll's ...
Register platform support module: E:/Unity Editor/2021.3.18f1/Editor/Data/PlaybackEngines/WebGLSupport/UnityEditor.WebGL.Extensions.dll
Register platform support module: E:/Unity Editor/2021.3.18f1/Editor/Data/PlaybackEngines/WindowsStandaloneSupport/UnityEditor.WindowsStandalone.Extensions.dll
Registered in 0.002470 seconds.
Native extension for WindowsStandalone target not found
Native extension for WebGL target not found
Refreshing native plugins compatible for Editor in 79.71 ms, found 3 plugins.
Preloading 0 native plugins for Editor in 0.00 ms.
Mono: successfully reloaded assembly
- Completed reload, in  0.583 seconds
Domain Reload Profiling:
	ReloadAssembly (584ms)
		BeginReloadAssembly (75ms)
			ExecutionOrderSort (0ms)
			DisableScriptedObjects (0ms)
			BackupInstance (0ms)
			ReleaseScriptingObjects (0ms)
			CreateAndSetChildDomain (1ms)
		EndReloadAssembly (416ms)
			LoadAssemblies (74ms)
			RebuildTransferFunctionScriptingTraits (0ms)
			SetupTypeCache (94ms)
			ReleaseScriptCaches (0ms)
			RebuildScriptCaches (25ms)
			SetupLoadedEditorAssemblies (255ms)
				LogAssemblyErrors (0ms)
				InitializePlatformSupportModulesInManaged (7ms)
				SetLoadedEditorAssemblies (0ms)
				RefreshPlugins (80ms)
				BeforeProcessingInitializeOnLoad (1ms)
				ProcessInitializeOnLoadAttributes (127ms)
				ProcessInitializeOnLoadMethodAttributes (40ms)
				AfterProcessingInitializeOnLoad (0ms)
				EditorAssembliesLoaded (0ms)
			ExecutionOrderSort2 (0ms)
			AwakeInstancesAfterBackupRestoration (0ms)
Platform modules already initialized, skipping
Registering precompiled user dll's ...
Registered in 0.004222 seconds.
Begin MonoManager ReloadAssembly
Symbol file LoadedFromMemory doesn't match image D:\Unity_Project\lab6\Library\PackageCache\com.unity.visualscripting@1.8.0\Editor\VisualScripting.Core\Dependencies\YamlDotNet\Unity.VisualScripting.YamlDotNet.dll
Symbol file LoadedFromMemory doesn't match image D:\Unity_Project\lab6\Library\PackageCache\com.unity.visualscripting@1.8.0\Editor\VisualScripting.Core\Dependencies\DotNetZip\Unity.VisualScripting.IonicZip.dll
Native extension for WindowsStandalone target not found
Native extension for WebGL target not found
Refreshing native plugins compatible for Editor in 0.66 ms, found 3 plugins.
Preloading 0 native plugins for Editor in 0.00 ms.
Mono: successfully reloaded assembly
- Completed reload, in  0.903 seconds
Domain Reload Profiling:
	ReloadAssembly (904ms)
		BeginReloadAssembly (95ms)
			ExecutionOrderSort (0ms)
			DisableScriptedObjects (5ms)
			BackupInstance (0ms)
			ReleaseScriptingObjects (0ms)
			CreateAndSetChildDomain (18ms)
		EndReloadAssembly (705ms)
			LoadAssemblies (75ms)
			RebuildTransferFunctionScriptingTraits (0ms)
			SetupTypeCache (244ms)
			ReleaseScriptCaches (1ms)
			RebuildScriptCaches (46ms)
			SetupLoadedEditorAssemblies (305ms)
				LogAssemblyErrors (0ms)
				InitializePlatformSupportModulesInManaged (5ms)
				SetLoadedEditorAssemblies (0ms)
				RefreshPlugins (1ms)
				BeforeProcessingInitializeOnLoad (70ms)
				ProcessInitializeOnLoadAttributes (208ms)
				ProcessInitializeOnLoadMethodAttributes (18ms)
				AfterProcessingInitializeOnLoad (2ms)
				EditorAssembliesLoaded (0ms)
			ExecutionOrderSort2 (0ms)
			AwakeInstancesAfterBackupRestoration (5ms)
Platform modules already initialized, skipping
========================================================================
Worker process is ready to serve import requests
Launched and connected shader compiler UnityShaderCompiler.exe after 0.04 seconds
Refreshing native plugins compatible for Editor in 0.53 ms, found 3 plugins.
Preloading 0 native plugins for Editor in 0.00 ms.
Unloading 3174 Unused Serialized files (Serialized files now loaded: 0)
Unloading 26 unused Assets / (469.5 KB). Loaded Objects now: 3655.
Memory consumption went from 140.6 MB to 140.2 MB.
Total: 4.115500 ms (FindLiveObjects: 0.375100 ms CreateObjectMapping: 0.176700 ms MarkObjects: 3.315300 ms  DeleteObjects: 0.246100 ms)

AssetImportParameters requested are different than current active one (requested -> active):
  custom:video-decoder-ogg-theora: a1e56fd34408186e4bbccfd4996cb3dc -> 
  custom:container-muxer-webm: aa71ff27fc2769a1b78a27578f13a17b -> 
  custom:container-demuxer-webm: 4f35f7cbe854078d1ac9338744f61a02 -> 
  custom:video-encoder-webm-vp8: eb34c28f22e8b96e1ab97ce403110664 -> 
  custom:audio-encoder-webm-vorbis: bf7c407c2cedff20999df2af8eb42d56 -> 
  custom:framework-win-MediaFoundation: 216162199b28c13a410421893ffa2e32 -> 
  custom:container-demuxer-ogg: 62fdf1f143b41e24485cea50d1cbac27 -> 
  custom:video-decoder-webm-vp8: 9c59270c3fd7afecdb556c50c9e8de78 -> 
  custom:audio-decoder-ogg-vorbis: bf7c407c2cedff20999df2af8eb42d56 -> 
========================================================================
Received Import Request.
  Time since last request: 109156.052027 seconds.
  path: Assets/Mini Nature Pack/Scenery Textures/Bush_1_NRM.tga
  artifactKey: Guid(3dbc1caa96dd12946a026c23f935e48d) Importer(815301076,1909f56bfc062723c751e8b465ee728b)
Start importing Assets/Mini Nature Pack/Scenery Textures/Bush_1_NRM.tga using Guid(3dbc1caa96dd12946a026c23f935e48d) Importer(815301076,1909f56bfc062723c751e8b465ee728b)  -> (artifact id: 'fef8330bbdb0aab794a470865e088cc2') in 0.094312 seconds 
========================================================================
Received Import Request.
  Time since last request: 4.131921 seconds.
  path: Packages/com.unity.timeline/Editor/StyleSheets/Images/Icons/d_TrackMuteButtonEnabled.png
  artifactKey: Guid(ac5017dfbeee42347b3b45ecc572674e) Importer(815301076,1909f56bfc062723c751e8b465ee728b)
Start importing Packages/com.unity.timeline/Editor/StyleSheets/Images/Icons/d_TrackMuteButtonEnabled.png using Guid(ac5017dfbeee42347b3b45ecc572674e) Importer(815301076,1909f56bfc062723c751e8b465ee728b)  -> (artifact id: '9eaadde6ed40423b737e49679df740b8') in 0.030713 seconds 
========================================================================
Received Import Request.
  Time since last request: 0.000032 seconds.
  path: Packages/com.unity.timeline/Editor/StyleSheets/Images/Icons/d_TrackRecordButtonDisabled@2x.png
  artifactKey: Guid(db15c78579dee4a4db85f392634c8ecc) Importer(815301076,1909f56bfc062723c751e8b465ee728b)
Start importing Packages/com.unity.timeline/Editor/StyleSheets/Images/Icons/d_TrackRecordButtonDisabled@2x.png using Guid(db15c78579dee4a4db85f392634c8ecc) Importer(815301076,1909f56bfc062723c751e8b465ee728b)  -> (artifact id: '92f8601f897669fffcf3381434530b40') in 0.020549 seconds 
========================================================================
Received Import Request.
  Time since last request: 0.000030 seconds.
  path: Packages/com.unity.timeline/Editor/StyleSheets/Images/Icons/d_TrackMuteButtonEnabled@2x.png
  artifactKey: Guid(e54e20c7a9730fe4c822d63228527ae4) Importer(815301076,1909f56bfc062723c751e8b465ee728b)
Start importing Packages/com.unity.timeline/Editor/StyleSheets/Images/Icons/d_TrackMuteButtonEnabled@2x.png using Guid(e54e20c7a9730fe4c822d63228527ae4) Importer(815301076,1909f56bfc062723c751e8b465ee728b)  -> (artifact id: '7fba7289c67cf6f6d6815aa19af3094b') in 0.028555 seconds 
========================================================================
Received Import Request.
  Time since last request: 0.000074 seconds.
  path: Assets/Mini Nature Pack/Textures/FD_Gravel_NM_2.bmp
  artifactKey: Guid(11637785df6e07e49889ebf1590b4d02) Importer(815301076,1909f56bfc062723c751e8b465ee728b)
Start importing Assets/Mini Nature Pack/Textures/FD_Gravel_NM_2.bmp using Guid(11637785df6e07e49889ebf1590b4d02) Importer(815301076,1909f56bfc062723c751e8b465ee728b)  -> (artifact id: '1b752893929d5bb1b528dafe24fb1993') in 0.042342 seconds 
========================================================================
Received Import Request.
  Time since last request: 0.000036 seconds.
  path: Assets/Mini Nature Pack/Textures/FD_Rock_NM_1.tif
  artifactKey: Guid(ce68d79e0d1c9ae448174be5dfbf7ecd) Importer(815301076,1909f56bfc062723c751e8b465ee728b)
Start importing Assets/Mini Nature Pack/Textures/FD_Rock_NM_1.tif using Guid(ce68d79e0d1c9ae448174be5dfbf7ecd) Importer(815301076,1909f56bfc062723c751e8b465ee728b)  -> (artifact id: '9e6324d4113d7c8842177c1fdeca386d') in 0.016344 seconds 
========================================================================
Received Import Request.
  Time since last request: 0.000026 seconds.
  path: Assets/Mini Nature Pack/Textures/FD_Rock_1.tif
  artifactKey: Guid(460ed41f76ff7da4fad032a3f280d9ad) Importer(815301076,1909f56bfc062723c751e8b465ee728b)
Start importing Assets/Mini Nature Pack/Textures/FD_Rock_1.tif using Guid(460ed41f76ff7da4fad032a3f280d9ad) Importer(815301076,1909f56bfc062723c751e8b465ee728b)  -> (artifact id: 'ebb3b50768cdb3998c1f02a519a94eec') in 0.014083 seconds 
========================================================================
Received Import Request.
  Time since last request: 0.000029 seconds.
  path: Assets/Mini Nature Pack/Models/Bush4_Textures/normal_specular.png
  artifactKey: Guid(99b4bcca7dcec7c4e809a037ac7d9c80) Importer(815301076,1909f56bfc062723c751e8b465ee728b)
Start importing Assets/Mini Nature Pack/Models/Bush4_Textures/normal_specular.png using Guid(99b4bcca7dcec7c4e809a037ac7d9c80) Importer(815301076,1909f56bfc062723c751e8b465ee728b)  -> (artifact id: '9a4f6e750e4b33618b7b3636479c10f8') in 0.013836 seconds 
========================================================================
Received Import Request.
  Time since last request: 0.000025 seconds.
  path: Assets/Mini Nature Pack/Models/Tree 6_Textures/normal_specular.png
  artifactKey: Guid(744e4a9443acb9c46bf6862ced711908) Importer(815301076,1909f56bfc062723c751e8b465ee728b)
Start importing Assets/Mini Nature Pack/Models/Tree 6_Textures/normal_specular.png using Guid(744e4a9443acb9c46bf6862ced711908) Importer(815301076,1909f56bfc062723c751e8b465ee728b)  -> (artifact id: '6db58fd638912acc94494dc91d48559f') in 0.011587 seconds 
========================================================================
Received Import Request.
  Time since last request: 0.000027 seconds.
  path: Assets/Mini Nature Pack/Models/Tree 9_Textures/normal_specular.png
  artifactKey: Guid(4dcd5f67accfeaa4294ccc3f118faf72) Importer(815301076,1909f56bfc062723c751e8b465ee728b)
Start importing Assets/Mini Nature Pack/Models/Tree 9_Textures/normal_specular.png using Guid(4dcd5f67accfeaa4294ccc3f118faf72) Importer(815301076,1909f56bfc062723c751e8b465ee728b)  -> (artifact id: '6ed499c422d83b1dbb4cd43902741728') in 0.013311 seconds 
========================================================================
Received Import Request.
  Time since last request: 0.000020 seconds.
  path: Assets/Mini Nature Pack/Models/Tree 3_Textures/normal_specular.png
  artifactKey: Guid(ecb2d6ec2065cc744a0cf435cc3b7f39) Importer(815301076,1909f56bfc062723c751e8b465ee728b)
Start importing Assets/Mini Nature Pack/Models/Tree 3_Textures/normal_specular.png using Guid(ecb2d6ec2065cc744a0cf435cc3b7f39) Importer(815301076,1909f56bfc062723c751e8b465ee728b)  -> (artifact id: '87bd8e5365bf65dbfdcec55ae2715fdd') in 0.013891 seconds 
========================================================================
Received Import Request.
  Time since last request: 0.000025 seconds.
  path: Assets/Mini Nature Pack/Models/Bush5_Textures/normal_specular.png
  artifactKey: Guid(c6a3afe4f61dcce439e1d63adc3a2955) Importer(815301076,1909f56bfc062723c751e8b465ee728b)
Start importing Assets/Mini Nature Pack/Models/Bush5_Textures/normal_specular.png using Guid(c6a3afe4f61dcce439e1d63adc3a2955) Importer(815301076,1909f56bfc062723c751e8b465ee728b)  -> (artifact id: '8e484695f130f4729e69293f17c472cf') in 0.012346 seconds 
========================================================================
Received Import Request.
  Time since last request: 0.000018 seconds.
  path: Assets/Mini Nature Pack/Models/Bush5_Textures/diffuse.png
  artifactKey: Guid(18460dd7d0f917748bdced18700be897) Importer(815301076,1909f56bfc062723c751e8b465ee728b)
Start importing Assets/Mini Nature Pack/Models/Bush5_Textures/diffuse.png using Guid(18460dd7d0f917748bdced18700be897) Importer(815301076,1909f56bfc062723c751e8b465ee728b)  -> (artifact id: '1c0b28c0a99d3aa24a61bdc88ce2fffa') in 0.014092 seconds 
========================================================================
Received Import Request.
  Time since last request: 0.000023 seconds.
  path: Assets/Mini Nature Pack/Textures/FD_Gravel_1.bmp
  artifactKey: Guid(77ec37f31a00e774fb24a62b5b2209d3) Importer(815301076,1909f56bfc062723c751e8b465ee728b)
Start importing Assets/Mini Nature Pack/Textures/FD_Gravel_1.bmp using Guid(77ec37f31a00e774fb24a62b5b2209d3) Importer(815301076,1909f56bfc062723c751e8b465ee728b)  -> (artifact id: '3b9c689b2eca1c80d90a9523c30818fd') in 0.013989 seconds 
========================================================================
Received Import Request.
  Time since last request: 0.000025 seconds.
  path: Assets/Mini Nature Pack/Textures/FD_Cliff_1.bmp
  artifactKey: Guid(c13090ee83d603c4b95976360b5e7cb7) Importer(815301076,1909f56bfc062723c751e8b465ee728b)
Start importing Assets/Mini Nature Pack/Textures/FD_Cliff_1.bmp using Guid(c13090ee83d603c4b95976360b5e7cb7) Importer(815301076,1909f56bfc062723c751e8b465ee728b)  -> (artifact id: 'd99625f9dabec7772b498b3b55397c2a') in 0.015723 seconds 
========================================================================
Received Import Request.
  Time since last request: 0.000032 seconds.
  path: Assets/Mini Nature Pack/Textures/FD_Grass_2.bmp
  artifactKey: Guid(075b72f1887bf554f96ff9b2b2a19409) Importer(815301076,1909f56bfc062723c751e8b465ee728b)
Start importing Assets/Mini Nature Pack/Textures/FD_Grass_2.bmp using Guid(075b72f1887bf554f96ff9b2b2a19409) Importer(815301076,1909f56bfc062723c751e8b465ee728b)  -> (artifact id: '135903d67c613c4912de8bc504a5d336') in 0.013701 seconds 
========================================================================
Received Import Request.
  Time since last request: 0.000031 seconds.
  path: Assets/Mini Nature Pack/Models/Tree 7_Textures/diffuse.png
  artifactKey: Guid(80c4fec9760bd784bb808c9f1b01bfd0) Importer(815301076,1909f56bfc062723c751e8b465ee728b)
Start importing Assets/Mini Nature Pack/Models/Tree 7_Textures/diffuse.png using Guid(80c4fec9760bd784bb808c9f1b01bfd0) Importer(815301076,1909f56bfc062723c751e8b465ee728b)  -> (artifact id: '2aeffc3ab52fac435ebdeddfcd63fcc8') in 0.013676 seconds 
========================================================================
Received Import Request.
  Time since last request: 0.000041 seconds.
  path: Packages/com.unity.timeline/Editor/StyleSheets/Images/Icons/d_TrackRecordButtonDisabled.png
  artifactKey: Guid(9c6daec86666cbb4b9e558b839a103db) Importer(815301076,1909f56bfc062723c751e8b465ee728b)
Start importing Packages/com.unity.timeline/Editor/StyleSheets/Images/Icons/d_TrackRecordButtonDisabled.png using Guid(9c6daec86666cbb4b9e558b839a103db) Importer(815301076,1909f56bfc062723c751e8b465ee728b)  -> (artifact id: 'c6e5617abc497a53b2000315682bfe28') in 0.016632 seconds 
========================================================================
Received Import Request.
  Time since last request: 0.000022 seconds.
  path: Assets/Mini Nature Pack/Textures/FD_Cliff_NM_1.bmp
  artifactKey: Guid(e7000a4412ef6124c9ffc03a2707d198) Importer(815301076,1909f56bfc062723c751e8b465ee728b)
Start importing Assets/Mini Nature Pack/Textures/FD_Cliff_NM_1.bmp using Guid(e7000a4412ef6124c9ffc03a2707d198) Importer(815301076,1909f56bfc062723c751e8b465ee728b)  -> (artifact id: '85dbf4a76fdaf8dfcc7b48853e9a8930') in 0.017853 seconds 
========================================================================
Received Import Request.
  Time since last request: 0.000035 seconds.
  path: Assets/Mini Nature Pack/Models/Tree 2_Textures/diffuse.png
  artifactKey: Guid(46be10e24f6fb6c4594208599ac5b9ab) Importer(815301076,1909f56bfc062723c751e8b465ee728b)
Start importing Assets/Mini Nature Pack/Models/Tree 2_Textures/diffuse.png using Guid(46be10e24f6fb6c4594208599ac5b9ab) Importer(815301076,1909f56bfc062723c751e8b465ee728b)  -> (artifact id: '4105974833393e41549bba24191657c1') in 0.012985 seconds 
========================================================================
Received Import Request.
  Time since last request: 0.000030 seconds.
  path: Assets/Mini Nature Pack/Textures/FD_Cliff_NM_2.bmp
  artifactKey: Guid(124d7e20fef99844f993229b26e194fc) Importer(815301076,1909f56bfc062723c751e8b465ee728b)
Start importing Assets/Mini Nature Pack/Textures/FD_Cliff_NM_2.bmp using Guid(124d7e20fef99844f993229b26e194fc) Importer(815301076,1909f56bfc062723c751e8b465ee728b)  -> (artifact id: 'da1de02de6cce9d077f2deddc41e5e7a') in 0.014975 seconds 
========================================================================
Received Import Request.
  Time since last request: 0.879245 seconds.
  path: Assets/Mini Nature Pack/Models/Tree 8_Textures/normal_specular.png
  artifactKey: Guid(5c344d0ccd250854199b493026bb7775) Importer(815301076,1909f56bfc062723c751e8b465ee728b)
Start importing Assets/Mini Nature Pack/Models/Tree 8_Textures/normal_specular.png using Guid(5c344d0ccd250854199b493026bb7775) Importer(815301076,1909f56bfc062723c751e8b465ee728b)  -> (artifact id: 'b841113314907358babbd1d81d1391cc') in 0.014898 seconds 
========================================================================
Received Import Request.
  Time since last request: 22.695601 seconds.
  path: Assets/Mini Nature Pack/Models/Tree 1_Textures/shadow.png
  artifactKey: Guid(00ad4bbdd084f8d408c28c64c02aeae0) Importer(815301076,1909f56bfc062723c751e8b465ee728b)
Start importing Assets/Mini Nature Pack/Models/Tree 1_Textures/shadow.png using Guid(00ad4bbdd084f8d408c28c64c02aeae0) Importer(815301076,1909f56bfc062723c751e8b465ee728b)  -> (artifact id: 'a06c5e1d7cbcf9c9e5e5a1d3294567c3') in 0.011110 seconds 
========================================================================
Received Import Request.
  Time since last request: 0.000027 seconds.
  path: Assets/Mini Nature Pack/Models/Tree 7_Textures/shadow.png
  artifactKey: Guid(c2bd7fd959d903f45a9ff4751b667fed) Importer(815301076,1909f56bfc062723c751e8b465ee728b)
Start importing Assets/Mini Nature Pack/Models/Tree 7_Textures/shadow.png using Guid(c2bd7fd959d903f45a9ff4751b667fed) Importer(815301076,1909f56bfc062723c751e8b465ee728b)  -> (artifact id: '3762f96f7585444e7cae63cb2cfe72a3') in 0.013558 seconds 
========================================================================
Received Import Request.
  Time since last request: 0.000036 seconds.
  path: Assets/Mini Nature Pack/Models/Tree 2_Textures/shadow.png
  artifactKey: Guid(f3529a69bbe09184db3cc69835aa7f69) Importer(815301076,1909f56bfc062723c751e8b465ee728b)
Start importing Assets/Mini Nature Pack/Models/Tree 2_Textures/shadow.png using Guid(f3529a69bbe09184db3cc69835aa7f69) Importer(815301076,1909f56bfc062723c751e8b465ee728b)  -> (artifact id: '5db852913a1ba237932ade9808ebc222') in 0.011041 seconds 
========================================================================
Received Import Request.
  Time since last request: 0.000026 seconds.
  path: Assets/Mini Nature Pack/Models/Tree 6_Textures/shadow.png
  artifactKey: Guid(7ce2e5a2154785845979f1367168a86f) Importer(815301076,1909f56bfc062723c751e8b465ee728b)
Start importing Assets/Mini Nature Pack/Models/Tree 6_Textures/shadow.png using Guid(7ce2e5a2154785845979f1367168a86f) Importer(815301076,1909f56bfc062723c751e8b465ee728b)  -> (artifact id: '6947cac51f7f3a34ad15f11c64182851') in 0.013370 seconds 
========================================================================
Received Import Request.
  Time since last request: 0.000024 seconds.
  path: Assets/NatureStarterKit2/Scene/SecondaryTerrain.asset
  artifactKey: Guid(7f570b916f436aa4c9d4676e57349fd4) Importer(815301076,1909f56bfc062723c751e8b465ee728b)
Start importing Assets/NatureStarterKit2/Scene/SecondaryTerrain.asset using Guid(7f570b916f436aa4c9d4676e57349fd4) Importer(815301076,1909f56bfc062723c751e8b465ee728b)  -> (artifact id: '3516d35d99c0f2c30d764b471b3cd9b0') in 0.073556 seconds 
========================================================================
Received Import Request.
  Time since last request: 0.038999 seconds.
  path: Assets/Mini Nature Pack/Models/Bush3_Textures/translucency_gloss.png
  artifactKey: Guid(9e088d5e5a8547447900adac86d020a6) Importer(815301076,1909f56bfc062723c751e8b465ee728b)
Start importing Assets/Mini Nature Pack/Models/Bush3_Textures/translucency_gloss.png using Guid(9e088d5e5a8547447900adac86d020a6) Importer(815301076,1909f56bfc062723c751e8b465ee728b)  -> (artifact id: '5511bcfe241a4e6a9a4f6983aa5b926a') in 0.015090 seconds 
========================================================================
Received Import Request.
  Time since last request: 0.000061 seconds.
  path: Assets/Mini Nature Pack/Scenery Textures/Tree_Bark_01.psd
  artifactKey: Guid(29601c04fea1d5f40a10e92824cfde0e) Importer(815301076,1909f56bfc062723c751e8b465ee728b)
Start importing Assets/Mini Nature Pack/Scenery Textures/Tree_Bark_01.psd using Guid(29601c04fea1d5f40a10e92824cfde0e) Importer(815301076,1909f56bfc062723c751e8b465ee728b)  -> (artifact id: '10ff32d6f780809995fcaf4551365286') in 0.015320 seconds 
========================================================================
Received Import Request.
  Time since last request: 0.000027 seconds.
  path: Assets/Mini Nature Pack/Scenery Textures/Tree_Bark_01_NORM.tga
  artifactKey: Guid(8ef773dafbb58434193322043b03d6d1) Importer(815301076,1909f56bfc062723c751e8b465ee728b)
Start importing Assets/Mini Nature Pack/Scenery Textures/Tree_Bark_01_NORM.tga using Guid(8ef773dafbb58434193322043b03d6d1) Importer(815301076,1909f56bfc062723c751e8b465ee728b)  -> (artifact id: 'a0197d78352fe49a946ccfe9715f843b') in 0.014021 seconds 
========================================================================
Received Import Request.
  Time since last request: 0.000031 seconds.
  path: Assets/Mini Nature Pack/Scenery Textures/Tree_Bark_02.psd
  artifactKey: Guid(05bfb5024bdeb7e4aa3ad3044aa54872) Importer(815301076,1909f56bfc062723c751e8b465ee728b)
Start importing Assets/Mini Nature Pack/Scenery Textures/Tree_Bark_02.psd using Guid(05bfb5024bdeb7e4aa3ad3044aa54872) Importer(815301076,1909f56bfc062723c751e8b465ee728b)  -> (artifact id: '65be83653976a3ebfb120b78558556e2') in 0.014218 seconds 
========================================================================
Received Import Request.
  Time since last request: 0.000029 seconds.
  path: Assets/Mini Nature Pack/Scenery Textures/Tree_Branch_4.psd
  artifactKey: Guid(16aab58eaec93a64da8d7f21ebb22dd0) Importer(815301076,1909f56bfc062723c751e8b465ee728b)
Start importing Assets/Mini Nature Pack/Scenery Textures/Tree_Branch_4.psd using Guid(16aab58eaec93a64da8d7f21ebb22dd0) Importer(815301076,1909f56bfc062723c751e8b465ee728b)  -> (artifact id: 'cec3805a739c3f72326cba4b5d88d0db') in 0.012190 seconds 
========================================================================
Received Import Request.
  Time since last request: 0.000027 seconds.
  path: Assets/Mini Nature Pack/Scenery Textures/Tree_Branch_2_NORM.tga
  artifactKey: Guid(72aad17bae6f9d14daaf0e33538f203c) Importer(815301076,1909f56bfc062723c751e8b465ee728b)
Start importing Assets/Mini Nature Pack/Scenery Textures/Tree_Branch_2_NORM.tga using Guid(72aad17bae6f9d14daaf0e33538f203c) Importer(815301076,1909f56bfc062723c751e8b465ee728b)  -> (artifact id: '97d67f40d05aff54146604afc67e8798') in 0.015633 seconds 
========================================================================
Received Import Request.
  Time since last request: 0.000023 seconds.
  path: Assets/Mini Nature Pack/Scenery Textures/Tree_Branch_3_NORM.tga
  artifactKey: Guid(6ac7e9a44eb34114094fa0f3f0e975cd) Importer(815301076,1909f56bfc062723c751e8b465ee728b)
Start importing Assets/Mini Nature Pack/Scenery Textures/Tree_Branch_3_NORM.tga using Guid(6ac7e9a44eb34114094fa0f3f0e975cd) Importer(815301076,1909f56bfc062723c751e8b465ee728b)  -> (artifact id: '07b7e6dc120faaa1355690ffeb679270') in 0.013722 seconds 
========================================================================
Received Import Request.
  Time since last request: 0.000027 seconds.
  path: Assets/Mini Nature Pack/Scenery Textures/Tree_Branch_4_SHADOW.psd
  artifactKey: Guid(2dfd552ff7ffdd04a96b1a377fff78b3) Importer(815301076,1909f56bfc062723c751e8b465ee728b)
Start importing Assets/Mini Nature Pack/Scenery Textures/Tree_Branch_4_SHADOW.psd using Guid(2dfd552ff7ffdd04a96b1a377fff78b3) Importer(815301076,1909f56bfc062723c751e8b465ee728b)  -> (artifact id: 'b07d2895aa7e894eff531304ebff9569') in 0.012250 seconds 
========================================================================
Received Import Request.
  Time since last request: 0.000027 seconds.
  path: Assets/Mini Nature Pack/Scenery Textures/Tree_Branch_1.psd
  artifactKey: Guid(00e2ae0dbf77b6f46bfcd75d4b12b35b) Importer(815301076,1909f56bfc062723c751e8b465ee728b)
Start importing Assets/Mini Nature Pack/Scenery Textures/Tree_Branch_1.psd using Guid(00e2ae0dbf77b6f46bfcd75d4b12b35b) Importer(815301076,1909f56bfc062723c751e8b465ee728b)  -> (artifact id: 'd3dfe8b9314f0994db177731d65a3787') in 0.018432 seconds 
========================================================================
Received Import Request.
  Time since last request: 0.000035 seconds.
  path: Assets/Mini Nature Pack/Scenery Textures/Tree_Branch_3.psd
  artifactKey: Guid(4f72fddc78037bc49b36b91495009743) Importer(815301076,1909f56bfc062723c751e8b465ee728b)
Start importing Assets/Mini Nature Pack/Scenery Textures/Tree_Branch_3.psd using Guid(4f72fddc78037bc49b36b91495009743) Importer(815301076,1909f56bfc062723c751e8b465ee728b)  -> (artifact id: '4dfef1af44cd02bff531a5ff906af469') in 0.016335 seconds 
========================================================================
Received Import Request.
  Time since last request: 0.000031 seconds.
  path: Assets/Mini Nature Pack/Scenery Textures/Tree_Branch_7_SPEC.tga
  artifactKey: Guid(222941a605d967340831bfcdcdefe0c1) Importer(815301076,1909f56bfc062723c751e8b465ee728b)
Start importing Assets/Mini Nature Pack/Scenery Textures/Tree_Branch_7_SPEC.tga using Guid(222941a605d967340831bfcdcdefe0c1) Importer(815301076,1909f56bfc062723c751e8b465ee728b)  -> (artifact id: '974b3b2cfddbf51eb017dc6fa94bcc6f') in 0.012853 seconds 
========================================================================
Received Import Request.
  Time since last request: 0.000049 seconds.
  path: Assets/Mini Nature Pack/Scenery Textures/Tree_Branch_6_SPEC.tga
  artifactKey: Guid(340185cbb2c86e648b35f9eb3cd85fbb) Importer(815301076,1909f56bfc062723c751e8b465ee728b)
Start importing Assets/Mini Nature Pack/Scenery Textures/Tree_Branch_6_SPEC.tga using Guid(340185cbb2c86e648b35f9eb3cd85fbb) Importer(815301076,1909f56bfc062723c751e8b465ee728b)  -> (artifact id: 'a733a45d5b261447aae02e130ffed6a2') in 0.014524 seconds 
========================================================================
Received Import Request.
  Time since last request: 0.000023 seconds.
  path: Assets/Mini Nature Pack/Scenery Textures/Tree_Branch_6_NORM.tga
  artifactKey: Guid(d151689ffa4c7ef4784b110f2c082b06) Importer(815301076,1909f56bfc062723c751e8b465ee728b)
Start importing Assets/Mini Nature Pack/Scenery Textures/Tree_Branch_6_NORM.tga using Guid(d151689ffa4c7ef4784b110f2c082b06) Importer(815301076,1909f56bfc062723c751e8b465ee728b)  -> (artifact id: '46bfcb82e519bd3ec8119636e6f92c58') in 0.015886 seconds 
Editor requested this worker to shutdown with reason: Scaling down because of idle timeout
AssetImportWorker is now disconnected from the server
Process exiting
Exiting without the bug reporter. Application will terminate with return code 0