Using pre-set license
Built from '2021.3/staging' branch; Version is '2021.3.18f1 (3129e69bc0c7) revision 3221990'; Using compiler version '192829333'; Build Type 'Release'
OS: 'Windows 10  (10.0.19043) 64bit Professional' Language: 'ru' Physical Memory: 15741 MB
BatchMode: 1, IsHumanControllingUs: 0, StartBugReporterOnCrash: 0, Is64bit: 1, IsPro: 1

COMMAND LINE ARGUMENTS:
E:\Unity Editor\2021.3.18f1\Editor\Unity.exe
-adb2
-batchMode
-noUpm
-name
AssetImportWorker1
-projectPath
D:/Unity_Project/lab2
-logFile
Logs/AssetImportWorker1.log
-srvPort
61968
Successfully changed project path to: D:/Unity_Project/lab2
D:/Unity_Project/lab2
[UnityMemory] Configuration Parameters - Can be set up in boot.config
    "memorysetup-bucket-allocator-granularity=16"
    "memorysetup-bucket-allocator-bucket-count=8"
    "memorysetup-bucket-allocator-block-size=33554432"
    "memorysetup-bucket-allocator-block-count=8"
    "memorysetup-main-allocator-block-size=16777216"
    "memorysetup-thread-allocator-block-size=16777216"
    "memorysetup-gfx-main-allocator-block-size=16777216"
    "memorysetup-gfx-thread-allocator-block-size=16777216"
    "memorysetup-cache-allocator-block-size=4194304"
    "memorysetup-typetree-allocator-block-size=2097152"
    "memorysetup-profiler-bucket-allocator-granularity=16"
    "memorysetup-profiler-bucket-allocator-bucket-count=8"
    "memorysetup-profiler-bucket-allocator-block-size=33554432"
    "memorysetup-profiler-bucket-allocator-block-count=8"
    "memorysetup-profiler-allocator-block-size=16777216"
    "memorysetup-profiler-editor-allocator-block-size=1048576"
    "memorysetup-temp-allocator-size-main=16777216"
    "memorysetup-job-temp-allocator-block-size=2097152"
    "memorysetup-job-temp-allocator-block-size-background=1048576"
    "memorysetup-job-temp-allocator-reduction-small-platforms=262144"
    "memorysetup-temp-allocator-size-background-worker=32768"
    "memorysetup-temp-allocator-size-job-worker=262144"
    "memorysetup-temp-allocator-size-preload-manager=33554432"
    "memorysetup-temp-allocator-size-nav-mesh-worker=65536"
    "memorysetup-temp-allocator-size-audio-worker=65536"
    "memorysetup-temp-allocator-size-cloud-worker=32768"
    "memorysetup-temp-allocator-size-gi-baking-worker=262144"
    "memorysetup-temp-allocator-size-gfx=262144"
Player connection [19472] Host "[IP] 192.168.3.108 [Port] 0 [Flags] 2 [Guid] 1338061939 [EditorId] 1338061939 [Version] 1048832 [Id] WindowsEditor(7,DESKTOP-GELIKMQ) [Debug] 1 [PackageName] WindowsEditor [ProjectName] Editor" joined multi-casting on [225.0.0.222:54997]...

Player connection [19472] Host "[IP] 192.168.3.108 [Port] 0 [Flags] 2 [Guid] 1338061939 [EditorId] 1338061939 [Version] 1048832 [Id] WindowsEditor(7,DESKTOP-GELIKMQ) [Debug] 1 [PackageName] WindowsEditor [ProjectName] Editor" joined alternative multi-casting on [225.0.0.222:34997]...

Refreshing native plugins compatible for Editor in 84.64 ms, found 4 plugins.
Preloading 0 native plugins for Editor in 0.00 ms.
Initialize engine version: 2021.3.18f1 (3129e69bc0c7)
[Subsystems] Discovering subsystems at path E:/Unity Editor/2021.3.18f1/Editor/Data/Resources/UnitySubsystems
[Subsystems] Discovering subsystems at path D:/Unity_Project/lab2/Assets
GfxDevice: creating device client; threaded=0; jobified=0
Direct3D:
    Version:  Direct3D 11.0 [level 11.1]
    Renderer: NVIDIA GeForce GTX 1660 Ti (ID=0x2191)
    Vendor:   NVIDIA
    VRAM:     5991 MB
    Driver:   30.0.15.1295
Initialize mono
Mono path[0] = 'E:/Unity Editor/2021.3.18f1/Editor/Data/Managed'
Mono path[1] = 'E:/Unity Editor/2021.3.18f1/Editor/Data/MonoBleedingEdge/lib/mono/unityjit-win32'
Mono config path = 'E:/Unity Editor/2021.3.18f1/Editor/Data/MonoBleedingEdge/etc'
Using monoOptions --debugger-agent=transport=dt_socket,embedding=1,server=y,suspend=n,address=127.0.0.1:56508
Begin MonoManager ReloadAssembly
Registering precompiled unity dll's ...
Register platform support module: E:/Unity Editor/2021.3.18f1/Editor/Data/PlaybackEngines/WebGLSupport/UnityEditor.WebGL.Extensions.dll
Register platform support module: E:/Unity Editor/2021.3.18f1/Editor/Data/PlaybackEngines/WindowsStandaloneSupport/UnityEditor.WindowsStandalone.Extensions.dll
Registered in 0.002273 seconds.
Native extension for WindowsStandalone target not found
Native extension for WebGL target not found
Refreshing native plugins compatible for Editor in 86.28 ms, found 4 plugins.
Preloading 0 native plugins for Editor in 0.00 ms.
Mono: successfully reloaded assembly
- Completed reload, in  0.594 seconds
Domain Reload Profiling:
	ReloadAssembly (595ms)
		BeginReloadAssembly (60ms)
			ExecutionOrderSort (0ms)
			DisableScriptedObjects (0ms)
			BackupInstance (0ms)
			ReleaseScriptingObjects (0ms)
			CreateAndSetChildDomain (1ms)
		EndReloadAssembly (443ms)
			LoadAssemblies (59ms)
			RebuildTransferFunctionScriptingTraits (0ms)
			SetupTypeCache (102ms)
			ReleaseScriptCaches (0ms)
			RebuildScriptCaches (29ms)
			SetupLoadedEditorAssemblies (268ms)
				LogAssemblyErrors (0ms)
				InitializePlatformSupportModulesInManaged (7ms)
				SetLoadedEditorAssemblies (0ms)
				RefreshPlugins (86ms)
				BeforeProcessingInitializeOnLoad (1ms)
				ProcessInitializeOnLoadAttributes (131ms)
				ProcessInitializeOnLoadMethodAttributes (42ms)
				AfterProcessingInitializeOnLoad (0ms)
				EditorAssembliesLoaded (0ms)
			ExecutionOrderSort2 (0ms)
			AwakeInstancesAfterBackupRestoration (0ms)
Platform modules already initialized, skipping
Registering precompiled user dll's ...
Registered in 0.005612 seconds.
Begin MonoManager ReloadAssembly
Symbol file LoadedFromMemory doesn't match image D:\Unity_Project\lab2\Library\PackageCache\com.unity.visualscripting@1.8.0\Editor\VisualScripting.Core\Dependencies\YamlDotNet\Unity.VisualScripting.YamlDotNet.dll
Symbol file LoadedFromMemory doesn't match image D:\Unity_Project\lab2\Library\PackageCache\com.unity.visualscripting@1.8.0\Editor\VisualScripting.Core\Dependencies\DotNetZip\Unity.VisualScripting.IonicZip.dll
Native extension for WindowsStandalone target not found
Native extension for WebGL target not found
Refreshing native plugins compatible for Editor in 101.53 ms, found 4 plugins.
Preloading 0 native plugins for Editor in 0.00 ms.
Mono: successfully reloaded assembly
- Completed reload, in  1.043 seconds
Domain Reload Profiling:
	ReloadAssembly (1044ms)
		BeginReloadAssembly (99ms)
			ExecutionOrderSort (0ms)
			DisableScriptedObjects (7ms)
			BackupInstance (0ms)
			ReleaseScriptingObjects (0ms)
			CreateAndSetChildDomain (20ms)
		EndReloadAssembly (840ms)
			LoadAssemblies (77ms)
			RebuildTransferFunctionScriptingTraits (0ms)
			SetupTypeCache (217ms)
			ReleaseScriptCaches (1ms)
			RebuildScriptCaches (52ms)
			SetupLoadedEditorAssemblies (452ms)
				LogAssemblyErrors (0ms)
				InitializePlatformSupportModulesInManaged (4ms)
				SetLoadedEditorAssemblies (0ms)
				RefreshPlugins (102ms)
				BeforeProcessingInitializeOnLoad (97ms)
				ProcessInitializeOnLoadAttributes (212ms)
				ProcessInitializeOnLoadMethodAttributes (35ms)
				AfterProcessingInitializeOnLoad (2ms)
				EditorAssembliesLoaded (0ms)
			ExecutionOrderSort2 (0ms)
			AwakeInstancesAfterBackupRestoration (5ms)
Platform modules already initialized, skipping
========================================================================
Worker process is ready to serve import requests
Launched and connected shader compiler UnityShaderCompiler.exe after 0.04 seconds
Refreshing native plugins compatible for Editor in 0.65 ms, found 4 plugins.
Preloading 0 native plugins for Editor in 0.00 ms.
Unloading 3733 Unused Serialized files (Serialized files now loaded: 0)
Unloading 41 unused Assets / (229.1 KB). Loaded Objects now: 4186.
Memory consumption went from 142.5 MB to 142.3 MB.
Total: 2.925400 ms (FindLiveObjects: 0.307100 ms CreateObjectMapping: 0.098000 ms MarkObjects: 2.361400 ms  DeleteObjects: 0.157300 ms)

AssetImportParameters requested are different than current active one (requested -> active):
  custom:video-decoder-ogg-theora: a1e56fd34408186e4bbccfd4996cb3dc -> 
  custom:container-muxer-webm: aa71ff27fc2769a1b78a27578f13a17b -> 
  custom:container-demuxer-webm: 4f35f7cbe854078d1ac9338744f61a02 -> 
  custom:video-encoder-webm-vp8: eb34c28f22e8b96e1ab97ce403110664 -> 
  custom:audio-encoder-webm-vorbis: bf7c407c2cedff20999df2af8eb42d56 -> 
  custom:framework-win-MediaFoundation: 216162199b28c13a410421893ffa2e32 -> 
  custom:container-demuxer-ogg: 62fdf1f143b41e24485cea50d1cbac27 -> 
  custom:video-decoder-webm-vp8: 9c59270c3fd7afecdb556c50c9e8de78 -> 
  custom:audio-decoder-ogg-vorbis: bf7c407c2cedff20999df2af8eb42d56 -> 
========================================================================
Received Import Request.
  Time since last request: 7002225.474806 seconds.
  path: Assets
  artifactKey: Guid(00000000000000001000000000000000) Importer(815301076,1909f56bfc062723c751e8b465ee728b)
Start importing Assets using Guid(00000000000000001000000000000000) Importer(815301076,1909f56bfc062723c751e8b465ee728b)  -> (artifact id: '79842766b460edbeab6a34051e857a80') in 0.010845 seconds 
========================================================================
Received Import Request.
  Time since last request: 744.344484 seconds.
  path: Assets/Sprites/Lab_2_Tileset _1.asset
  artifactKey: Guid(56162a7fdd57a1446aa228144f267776) Importer(815301076,1909f56bfc062723c751e8b465ee728b)
Start importing Assets/Sprites/Lab_2_Tileset _1.asset using Guid(56162a7fdd57a1446aa228144f267776) Importer(815301076,1909f56bfc062723c751e8b465ee728b)  -> (artifact id: 'a2e7bef18ab5566d51b8c7abb2eccae9') in 0.097284 seconds 
========================================================================
Received Import Request.
  Time since last request: 0.000043 seconds.
  path: Assets/Sprites/Lab_2_Tileset _23.asset
  artifactKey: Guid(1e83c7bd733a39f47a8090d701c06121) Importer(815301076,1909f56bfc062723c751e8b465ee728b)
Start importing Assets/Sprites/Lab_2_Tileset _23.asset using Guid(1e83c7bd733a39f47a8090d701c06121) Importer(815301076,1909f56bfc062723c751e8b465ee728b)  -> (artifact id: '4c3b1c30980aa66c8fb9f16a9c4c5066') in 0.022635 seconds 
========================================================================
Received Import Request.
  Time since last request: 0.000041 seconds.
  path: Assets/Sprites/Lab_2_Tileset _3.asset
  artifactKey: Guid(4d2b3ae1c3df276448c1528abfb7561d) Importer(815301076,1909f56bfc062723c751e8b465ee728b)
Start importing Assets/Sprites/Lab_2_Tileset _3.asset using Guid(4d2b3ae1c3df276448c1528abfb7561d) Importer(815301076,1909f56bfc062723c751e8b465ee728b)  -> (artifact id: '5f494ddc2310886e4a7028cb3830156f') in 0.011866 seconds 
========================================================================
Received Import Request.
  Time since last request: 0.000025 seconds.
  path: Assets/Sprites/Lab_2_Tileset _19.asset
  artifactKey: Guid(d77774b97c3d7f24d9c01cfd4d017caf) Importer(815301076,1909f56bfc062723c751e8b465ee728b)
Start importing Assets/Sprites/Lab_2_Tileset _19.asset using Guid(d77774b97c3d7f24d9c01cfd4d017caf) Importer(815301076,1909f56bfc062723c751e8b465ee728b)  -> (artifact id: '2ba1236c815ba7ec0795f940c40eb5cc') in 0.012452 seconds 
========================================================================
Received Import Request.
  Time since last request: 0.000026 seconds.
  path: Assets/Sprites/Lab_2_Tileset _21.asset
  artifactKey: Guid(3d865ba7f26f8e141aa287934105efcc) Importer(815301076,1909f56bfc062723c751e8b465ee728b)
Start importing Assets/Sprites/Lab_2_Tileset _21.asset using Guid(3d865ba7f26f8e141aa287934105efcc) Importer(815301076,1909f56bfc062723c751e8b465ee728b)  -> (artifact id: '1034dfe29a8bfb4e37dbf07856fcf587') in 0.054012 seconds 
========================================================================
Received Import Request.
  Time since last request: 0.000029 seconds.
  path: Assets/Sprites/Lab_2_Tileset _9.asset
  artifactKey: Guid(e9c54d9f7a8c64844967a730c119e9fe) Importer(815301076,1909f56bfc062723c751e8b465ee728b)
Start importing Assets/Sprites/Lab_2_Tileset _9.asset using Guid(e9c54d9f7a8c64844967a730c119e9fe) Importer(815301076,1909f56bfc062723c751e8b465ee728b)  -> (artifact id: '9776055228aab60be52896b983d9aa1a') in 0.016003 seconds 
========================================================================
Received Import Request.
  Time since last request: 0.000030 seconds.
  path: Assets/Sprites/Lab_2_Tileset _27.asset
  artifactKey: Guid(40548110fe2ea5c4d9aecc68655b40e7) Importer(815301076,1909f56bfc062723c751e8b465ee728b)
Start importing Assets/Sprites/Lab_2_Tileset _27.asset using Guid(40548110fe2ea5c4d9aecc68655b40e7) Importer(815301076,1909f56bfc062723c751e8b465ee728b)  -> (artifact id: '847ccd3dd802c5443f66de400e9c4479') in 0.016983 seconds 
========================================================================
Received Import Request.
  Time since last request: 0.000036 seconds.
  path: Assets/Sprites/Lab_2_Tileset _29.asset
  artifactKey: Guid(6c8ffc94ed0da3e4faafbd857bbdb8e5) Importer(815301076,1909f56bfc062723c751e8b465ee728b)
Start importing Assets/Sprites/Lab_2_Tileset _29.asset using Guid(6c8ffc94ed0da3e4faafbd857bbdb8e5) Importer(815301076,1909f56bfc062723c751e8b465ee728b)  -> (artifact id: 'fe077f843e893749aea1f71f0ecea651') in 0.021549 seconds 
========================================================================
Received Import Request.
  Time since last request: 0.000027 seconds.
  path: Assets/Sprites/Lab_2_Tileset _28.asset
  artifactKey: Guid(c1cdc3972a2880d45bf9025780628c74) Importer(815301076,1909f56bfc062723c751e8b465ee728b)
Start importing Assets/Sprites/Lab_2_Tileset _28.asset using Guid(c1cdc3972a2880d45bf9025780628c74) Importer(815301076,1909f56bfc062723c751e8b465ee728b)  -> (artifact id: '1f6323fba2729db7071fce80ce85ad1c') in 0.019249 seconds 
========================================================================
Received Import Request.
  Time since last request: 0.000042 seconds.
  path: Assets/Sprites/Lab_2_Tileset _6.asset
  artifactKey: Guid(42d8ece7bd81ad944ac52d6c5d65baab) Importer(815301076,1909f56bfc062723c751e8b465ee728b)
Start importing Assets/Sprites/Lab_2_Tileset _6.asset using Guid(42d8ece7bd81ad944ac52d6c5d65baab) Importer(815301076,1909f56bfc062723c751e8b465ee728b)  -> (artifact id: '2105b0c7f87eb697b7f73330d3769921') in 0.017755 seconds 
========================================================================
Received Import Request.
  Time since last request: 0.000042 seconds.
  path: Assets/Sprites/Lab_2_Tileset _8.asset
  artifactKey: Guid(b6ea92dbd137b5c4e8898e59ce9bd496) Importer(815301076,1909f56bfc062723c751e8b465ee728b)
Start importing Assets/Sprites/Lab_2_Tileset _8.asset using Guid(b6ea92dbd137b5c4e8898e59ce9bd496) Importer(815301076,1909f56bfc062723c751e8b465ee728b)  -> (artifact id: '195bfc774cedfc0a23a85de2fdebd8f0') in 0.013324 seconds 
========================================================================
Received Import Request.
  Time since last request: 0.000046 seconds.
  path: Assets/Sprites/Lab_2_Tileset _13.asset
  artifactKey: Guid(d7ac11d2329fa264f8000e1cb6284207) Importer(815301076,1909f56bfc062723c751e8b465ee728b)
Start importing Assets/Sprites/Lab_2_Tileset _13.asset using Guid(d7ac11d2329fa264f8000e1cb6284207) Importer(815301076,1909f56bfc062723c751e8b465ee728b)  -> (artifact id: 'be3aca52090566d788dc00adaf51b597') in 0.011309 seconds 
========================================================================
Received Import Request.
  Time since last request: 0.000033 seconds.
  path: Assets/Sprites/Lab_2_Tileset _16.asset
  artifactKey: Guid(63cf4bd3d148c3948a5b3088c8ca0a6e) Importer(815301076,1909f56bfc062723c751e8b465ee728b)
Start importing Assets/Sprites/Lab_2_Tileset _16.asset using Guid(63cf4bd3d148c3948a5b3088c8ca0a6e) Importer(815301076,1909f56bfc062723c751e8b465ee728b)  -> (artifact id: '17fc5ca83d669c61794cc0bd00be2edc') in 0.013125 seconds 
========================================================================
Received Import Request.
  Time since last request: 0.000029 seconds.
  path: Assets/Sprites/Lab_2_Tileset _20.asset
  artifactKey: Guid(8cc3e0d989829ae44b4084ccc4e4de23) Importer(815301076,1909f56bfc062723c751e8b465ee728b)
Start importing Assets/Sprites/Lab_2_Tileset _20.asset using Guid(8cc3e0d989829ae44b4084ccc4e4de23) Importer(815301076,1909f56bfc062723c751e8b465ee728b)  -> (artifact id: '7a5a567744987dd31c5cf4a8aaa7bdb0') in 0.010785 seconds 
========================================================================
Received Import Request.
  Time since last request: 0.000029 seconds.
  path: Assets/Sprites/New Palette.prefab
  artifactKey: Guid(37500e516acdf5f4a83548d6067c968f) Importer(815301076,1909f56bfc062723c751e8b465ee728b)
Start importing Assets/Sprites/New Palette.prefab using Guid(37500e516acdf5f4a83548d6067c968f) Importer(815301076,1909f56bfc062723c751e8b465ee728b)  -> (artifact id: '4a43fb611fe6df0fce6d785daf46161d') in 0.076427 seconds 
Editor requested this worker to shutdown with reason: Scaling down because of idle timeout
AssetImportWorker is now disconnected from the server
Process exiting
Exiting without the bug reporter. Application will terminate with return code 0