Using pre-set license
Built from '2021.3/staging' branch; Version is '2021.3.18f1 (3129e69bc0c7) revision 3221990'; Using compiler version '192829333'; Build Type 'Release'
OS: 'Windows 10  (10.0.19043) 64bit Professional' Language: 'ru' Physical Memory: 15741 MB
BatchMode: 1, IsHumanControllingUs: 0, StartBugReporterOnCrash: 0, Is64bit: 1, IsPro: 1

COMMAND LINE ARGUMENTS:
E:\Unity Editor\2021.3.18f1\Editor\Unity.exe
-adb2
-batchMode
-noUpm
-name
AssetImportWorker0
-projectPath
D:/Unity_Project/lab7
-logFile
Logs/AssetImportWorker0.log
-srvPort
56505
Successfully changed project path to: D:/Unity_Project/lab7
D:/Unity_Project/lab7
[UnityMemory] Configuration Parameters - Can be set up in boot.config
    "memorysetup-bucket-allocator-granularity=16"
    "memorysetup-bucket-allocator-bucket-count=8"
    "memorysetup-bucket-allocator-block-size=33554432"
    "memorysetup-bucket-allocator-block-count=8"
    "memorysetup-main-allocator-block-size=16777216"
    "memorysetup-thread-allocator-block-size=16777216"
    "memorysetup-gfx-main-allocator-block-size=16777216"
    "memorysetup-gfx-thread-allocator-block-size=16777216"
    "memorysetup-cache-allocator-block-size=4194304"
    "memorysetup-typetree-allocator-block-size=2097152"
    "memorysetup-profiler-bucket-allocator-granularity=16"
    "memorysetup-profiler-bucket-allocator-bucket-count=8"
    "memorysetup-profiler-bucket-allocator-block-size=33554432"
    "memorysetup-profiler-bucket-allocator-block-count=8"
    "memorysetup-profiler-allocator-block-size=16777216"
    "memorysetup-profiler-editor-allocator-block-size=1048576"
    "memorysetup-temp-allocator-size-main=16777216"
    "memorysetup-job-temp-allocator-block-size=2097152"
    "memorysetup-job-temp-allocator-block-size-background=1048576"
    "memorysetup-job-temp-allocator-reduction-small-platforms=262144"
    "memorysetup-temp-allocator-size-background-worker=32768"
    "memorysetup-temp-allocator-size-job-worker=262144"
    "memorysetup-temp-allocator-size-preload-manager=33554432"
    "memorysetup-temp-allocator-size-nav-mesh-worker=65536"
    "memorysetup-temp-allocator-size-audio-worker=65536"
    "memorysetup-temp-allocator-size-cloud-worker=32768"
    "memorysetup-temp-allocator-size-gi-baking-worker=262144"
    "memorysetup-temp-allocator-size-gfx=262144"
Player connection [23848] Host "[IP] 192.168.3.108 [Port] 0 [Flags] 2 [Guid] 3392140138 [EditorId] 3392140138 [Version] 1048832 [Id] WindowsEditor(7,DESKTOP-GELIKMQ) [Debug] 1 [PackageName] WindowsEditor [ProjectName] Editor" joined multi-casting on [225.0.0.222:54997]...

Player connection [23848] Host "[IP] 192.168.3.108 [Port] 0 [Flags] 2 [Guid] 3392140138 [EditorId] 3392140138 [Version] 1048832 [Id] WindowsEditor(7,DESKTOP-GELIKMQ) [Debug] 1 [PackageName] WindowsEditor [ProjectName] Editor" joined alternative multi-casting on [225.0.0.222:34997]...

Refreshing native plugins compatible for Editor in 70.29 ms, found 3 plugins.
Preloading 0 native plugins for Editor in 0.00 ms.
Initialize engine version: 2021.3.18f1 (3129e69bc0c7)
[Subsystems] Discovering subsystems at path E:/Unity Editor/2021.3.18f1/Editor/Data/Resources/UnitySubsystems
[Subsystems] Discovering subsystems at path D:/Unity_Project/lab7/Assets
GfxDevice: creating device client; threaded=0; jobified=0
Direct3D:
    Version:  Direct3D 11.0 [level 11.1]
    Renderer: NVIDIA GeForce GTX 1660 Ti (ID=0x2191)
    Vendor:   NVIDIA
    VRAM:     5991 MB
    Driver:   30.0.15.1295
Initialize mono
Mono path[0] = 'E:/Unity Editor/2021.3.18f1/Editor/Data/Managed'
Mono path[1] = 'E:/Unity Editor/2021.3.18f1/Editor/Data/MonoBleedingEdge/lib/mono/unityjit-win32'
Mono config path = 'E:/Unity Editor/2021.3.18f1/Editor/Data/MonoBleedingEdge/etc'
Using monoOptions --debugger-agent=transport=dt_socket,embedding=1,server=y,suspend=n,address=127.0.0.1:56672
Begin MonoManager ReloadAssembly
Registering precompiled unity dll's ...
Register platform support module: E:/Unity Editor/2021.3.18f1/Editor/Data/PlaybackEngines/WebGLSupport/UnityEditor.WebGL.Extensions.dll
Register platform support module: E:/Unity Editor/2021.3.18f1/Editor/Data/PlaybackEngines/WindowsStandaloneSupport/UnityEditor.WindowsStandalone.Extensions.dll
Registered in 0.178365 seconds.
Native extension for WindowsStandalone target not found
Native extension for WebGL target not found
Refreshing native plugins compatible for Editor in 70.61 ms, found 3 plugins.
Preloading 0 native plugins for Editor in 0.00 ms.
Mono: successfully reloaded assembly
- Completed reload, in  4.570 seconds
Domain Reload Profiling:
	ReloadAssembly (4571ms)
		BeginReloadAssembly (3275ms)
			ExecutionOrderSort (0ms)
			DisableScriptedObjects (0ms)
			BackupInstance (0ms)
			ReleaseScriptingObjects (0ms)
			CreateAndSetChildDomain (1ms)
		EndReloadAssembly (828ms)
			LoadAssemblies (3279ms)
			RebuildTransferFunctionScriptingTraits (0ms)
			SetupTypeCache (502ms)
			ReleaseScriptCaches (0ms)
			RebuildScriptCaches (24ms)
			SetupLoadedEditorAssemblies (256ms)
				LogAssemblyErrors (0ms)
				InitializePlatformSupportModulesInManaged (7ms)
				SetLoadedEditorAssemblies (0ms)
				RefreshPlugins (71ms)
				BeforeProcessingInitializeOnLoad (1ms)
				ProcessInitializeOnLoadAttributes (128ms)
				ProcessInitializeOnLoadMethodAttributes (49ms)
				AfterProcessingInitializeOnLoad (0ms)
				EditorAssembliesLoaded (0ms)
			ExecutionOrderSort2 (0ms)
			AwakeInstancesAfterBackupRestoration (0ms)
Platform modules already initialized, skipping
Registering precompiled user dll's ...
Registered in 0.004744 seconds.
Begin MonoManager ReloadAssembly
Symbol file LoadedFromMemory doesn't match image D:\Unity_Project\lab7\Library\PackageCache\com.unity.visualscripting@1.8.0\Editor\VisualScripting.Core\Dependencies\YamlDotNet\Unity.VisualScripting.YamlDotNet.dll
Symbol file LoadedFromMemory doesn't match image D:\Unity_Project\lab7\Library\PackageCache\com.unity.visualscripting@1.8.0\Editor\VisualScripting.Core\Dependencies\DotNetZip\Unity.VisualScripting.IonicZip.dll
Native extension for WindowsStandalone target not found
Native extension for WebGL target not found
Refreshing native plugins compatible for Editor in 0.42 ms, found 3 plugins.
Preloading 0 native plugins for Editor in 0.00 ms.
Mono: successfully reloaded assembly
- Completed reload, in  3.440 seconds
Domain Reload Profiling:
	ReloadAssembly (3441ms)
		BeginReloadAssembly (111ms)
			ExecutionOrderSort (0ms)
			DisableScriptedObjects (5ms)
			BackupInstance (0ms)
			ReleaseScriptingObjects (0ms)
			CreateAndSetChildDomain (21ms)
		EndReloadAssembly (3167ms)
			LoadAssemblies (2047ms)
			RebuildTransferFunctionScriptingTraits (0ms)
			SetupTypeCache (671ms)
			ReleaseScriptCaches (1ms)
			RebuildScriptCaches (50ms)
			SetupLoadedEditorAssemblies (358ms)
				LogAssemblyErrors (0ms)
				InitializePlatformSupportModulesInManaged (5ms)
				SetLoadedEditorAssemblies (0ms)
				RefreshPlugins (0ms)
				BeforeProcessingInitializeOnLoad (74ms)
				ProcessInitializeOnLoadAttributes (254ms)
				ProcessInitializeOnLoadMethodAttributes (22ms)
				AfterProcessingInitializeOnLoad (3ms)
				EditorAssembliesLoaded (0ms)
			ExecutionOrderSort2 (0ms)
			AwakeInstancesAfterBackupRestoration (7ms)
Platform modules already initialized, skipping
========================================================================
Worker process is ready to serve import requests
Launched and connected shader compiler UnityShaderCompiler.exe after 0.10 seconds
Refreshing native plugins compatible for Editor in 0.61 ms, found 3 plugins.
Preloading 0 native plugins for Editor in 0.00 ms.
Unloading 3048 Unused Serialized files (Serialized files now loaded: 0)
Unloading 24 unused Assets / (113.4 KB). Loaded Objects now: 3508.
Memory consumption went from 107.4 MB to 107.3 MB.
Total: 3.036800 ms (FindLiveObjects: 0.322200 ms CreateObjectMapping: 0.098900 ms MarkObjects: 2.516800 ms  DeleteObjects: 0.097600 ms)

AssetImportParameters requested are different than current active one (requested -> active):
  custom:video-decoder-ogg-theora: a1e56fd34408186e4bbccfd4996cb3dc -> 
  custom:container-muxer-webm: aa71ff27fc2769a1b78a27578f13a17b -> 
  custom:container-demuxer-webm: 4f35f7cbe854078d1ac9338744f61a02 -> 
  custom:video-encoder-webm-vp8: eb34c28f22e8b96e1ab97ce403110664 -> 
  custom:audio-encoder-webm-vorbis: bf7c407c2cedff20999df2af8eb42d56 -> 
  custom:framework-win-MediaFoundation: 216162199b28c13a410421893ffa2e32 -> 
  custom:container-demuxer-ogg: 62fdf1f143b41e24485cea50d1cbac27 -> 
  custom:video-decoder-webm-vp8: 9c59270c3fd7afecdb556c50c9e8de78 -> 
  custom:audio-decoder-ogg-vorbis: bf7c407c2cedff20999df2af8eb42d56 -> 
========================================================================
Received Import Request.
  Time since last request: 278836.025690 seconds.
  path: Assets/StudioNewPunch/SuitPack/SuitedMan
  artifactKey: Guid(74a21525fecf99d46b3d0f8fa967e636) Importer(815301076,1909f56bfc062723c751e8b465ee728b)
Start importing Assets/StudioNewPunch/SuitPack/SuitedMan using Guid(74a21525fecf99d46b3d0f8fa967e636) Importer(815301076,1909f56bfc062723c751e8b465ee728b)  -> (artifact id: 'e2b117f62b7687c96d931715beeb4d29') in 0.018399 seconds 
========================================================================
Received Import Request.
  Time since last request: 0.000056 seconds.
  path: Assets/StudioNewPunch/SuitPack/SuitedMan/Models
  artifactKey: Guid(6abdc3f05e0141743ad36babf3419e39) Importer(815301076,1909f56bfc062723c751e8b465ee728b)
Start importing Assets/StudioNewPunch/SuitPack/SuitedMan/Models using Guid(6abdc3f05e0141743ad36babf3419e39) Importer(815301076,1909f56bfc062723c751e8b465ee728b)  -> (artifact id: '16c51af39f7d3e492cecc98a1e627b08') in 0.009577 seconds 
========================================================================
Received Import Request.
  Time since last request: 0.000040 seconds.
  path: Assets/StudioNewPunch/SuitPack/SuitedMan/Models/BlueSuitFree01.fbx
  artifactKey: Guid(e6ab94ea3d7bfb840aa41680fa79570e) Importer(815301076,1909f56bfc062723c751e8b465ee728b)
Start importing Assets/StudioNewPunch/SuitPack/SuitedMan/Models/BlueSuitFree01.fbx using Guid(e6ab94ea3d7bfb840aa41680fa79570e) Importer(815301076,1909f56bfc062723c751e8b465ee728b)  -> (artifact id: 'f2582dc09e5f9985b036cd5ad6c1be07') in 0.622751 seconds 
========================================================================
Received Import Request.
  Time since last request: 220.189168 seconds.
  path: Assets/New Terrain.asset
  artifactKey: Guid(5679166200225d147895dd6a2d70dd34) Importer(815301076,1909f56bfc062723c751e8b465ee728b)
Start importing Assets/New Terrain.asset using Guid(5679166200225d147895dd6a2d70dd34) Importer(815301076,1909f56bfc062723c751e8b465ee728b)  -> (artifact id: 'eb1de888dcad140e014643f68ab4856b') in 0.023596 seconds 
========================================================================
Received Import Request.
  Time since last request: 0.343259 seconds.
  path: Assets
  artifactKey: Guid(00000000000000001000000000000000) Importer(815301076,1909f56bfc062723c751e8b465ee728b)
Start importing Assets using Guid(00000000000000001000000000000000) Importer(815301076,1909f56bfc062723c751e8b465ee728b)  -> (artifact id: '79842766b460edbeab6a34051e857a80') in 0.006461 seconds 
========================================================================
Received Import Request.
  Time since last request: 3.015947 seconds.
  path: Assets/Anim
  artifactKey: Guid(9e74a0fb90f9f4a4ca5ff89dd924edbb) Importer(815301076,1909f56bfc062723c751e8b465ee728b)
Start importing Assets/Anim using Guid(9e74a0fb90f9f4a4ca5ff89dd924edbb) Importer(815301076,1909f56bfc062723c751e8b465ee728b)  -> (artifact id: 'c3e4775ab0a461977453801eb657da2e') in 0.005917 seconds 
========================================================================
Received Import Request.
  Time since last request: 4.724280 seconds.
  path: Assets/Anim/Idle (1).fbx
  artifactKey: Guid(022f805a28d2aab44acb2de23a14a341) Importer(815301076,1909f56bfc062723c751e8b465ee728b)
Start importing Assets/Anim/Idle (1).fbx using Guid(022f805a28d2aab44acb2de23a14a341) Importer(815301076,1909f56bfc062723c751e8b465ee728b)  -> (artifact id: '4c786720a8a008005b643d1fd93991ea') in 0.009572 seconds 
========================================================================
Received Import Request.
  Time since last request: 21.072764 seconds.
  path: Assets/Anim/Idle (1).fbx
  artifactKey: Guid(022f805a28d2aab44acb2de23a14a341) Importer(815301076,1909f56bfc062723c751e8b465ee728b)
Start importing Assets/Anim/Idle (1).fbx using Guid(022f805a28d2aab44acb2de23a14a341) Importer(815301076,1909f56bfc062723c751e8b465ee728b)  -> (artifact id: '014bf051b88cc3f7550b29520ff40c1a') in 0.006590 seconds 
========================================================================
Received Import Request.
  Time since last request: 42.182907 seconds.
  path: Assets/Anim/Idle (2).fbx
  artifactKey: Guid(ed152ca02bcd902459d83d71b9f687ed) Importer(815301076,1909f56bfc062723c751e8b465ee728b)
Start importing Assets/Anim/Idle (2).fbx using Guid(ed152ca02bcd902459d83d71b9f687ed) Importer(815301076,1909f56bfc062723c751e8b465ee728b)  -> (artifact id: 'e5d2a309c3b1e4fced544710ebf46db9') in 0.104957 seconds 
========================================================================
Received Import Request.
  Time since last request: 7.373967 seconds.
  path: Assets/Anim/Idle (2).fbx
  artifactKey: Guid(ed152ca02bcd902459d83d71b9f687ed) Importer(815301076,1909f56bfc062723c751e8b465ee728b)
Start importing Assets/Anim/Idle (2).fbx using Guid(ed152ca02bcd902459d83d71b9f687ed) Importer(815301076,1909f56bfc062723c751e8b465ee728b)  -> (artifact id: '41efc7bac895cd5ed582670328942f30') in 0.093549 seconds 
========================================================================
Received Import Request.
  Time since last request: 101.247698 seconds.
  path: Assets/Anim/Idle (2).fbx
  artifactKey: Guid(ed152ca02bcd902459d83d71b9f687ed) Importer(815301076,1909f56bfc062723c751e8b465ee728b)
Start importing Assets/Anim/Idle (2).fbx using Guid(ed152ca02bcd902459d83d71b9f687ed) Importer(815301076,1909f56bfc062723c751e8b465ee728b)  -> (artifact id: '47de8b90a2ad7812944f8781ebf1b9d3') in 0.129940 seconds 
========================================================================
Received Import Request.
  Time since last request: 23.898088 seconds.
  path: Assets/Anim/Idle (2).fbx
  artifactKey: Guid(ed152ca02bcd902459d83d71b9f687ed) Importer(815301076,1909f56bfc062723c751e8b465ee728b)
Start importing Assets/Anim/Idle (2).fbx using Guid(ed152ca02bcd902459d83d71b9f687ed) Importer(815301076,1909f56bfc062723c751e8b465ee728b)  -> (artifact id: '47ee0b81110658af1abf358bba4e619e') in 0.111763 seconds 
========================================================================
Received Import Request.
  Time since last request: 11.231863 seconds.
  path: Assets/Anim/player.controller
  artifactKey: Guid(7909f73db6c2012418aca9208871b033) Importer(815301076,1909f56bfc062723c751e8b465ee728b)
Start importing Assets/Anim/player.controller using Guid(7909f73db6c2012418aca9208871b033) Importer(815301076,1909f56bfc062723c751e8b465ee728b)  -> (artifact id: '110805307fa17eceb29e1a8d70cce72a') in 0.008427 seconds 
========================================================================
Received Prepare
Registering precompiled user dll's ...
Registered in 0.003885 seconds.
Begin MonoManager ReloadAssembly
Symbol file LoadedFromMemory doesn't match image D:\Unity_Project\lab7\Library\PackageCache\com.unity.visualscripting@1.8.0\Editor\VisualScripting.Core\Dependencies\YamlDotNet\Unity.VisualScripting.YamlDotNet.dll
Symbol file LoadedFromMemory doesn't match image D:\Unity_Project\lab7\Library\PackageCache\com.unity.visualscripting@1.8.0\Editor\VisualScripting.Core\Dependencies\DotNetZip\Unity.VisualScripting.IonicZip.dll
Native extension for WindowsStandalone target not found
Native extension for WebGL target not found
Refreshing native plugins compatible for Editor in 0.57 ms, found 3 plugins.
Preloading 0 native plugins for Editor in 0.00 ms.
Mono: successfully reloaded assembly
- Completed reload, in  0.851 seconds
Domain Reload Profiling:
	ReloadAssembly (852ms)
		BeginReloadAssembly (110ms)
			ExecutionOrderSort (0ms)
			DisableScriptedObjects (3ms)
			BackupInstance (0ms)
			ReleaseScriptingObjects (0ms)
			CreateAndSetChildDomain (32ms)
		EndReloadAssembly (661ms)
			LoadAssemblies (73ms)
			RebuildTransferFunctionScriptingTraits (0ms)
			SetupTypeCache (244ms)
			ReleaseScriptCaches (1ms)
			RebuildScriptCaches (37ms)
			SetupLoadedEditorAssemblies (270ms)
				LogAssemblyErrors (0ms)
				InitializePlatformSupportModulesInManaged (16ms)
				SetLoadedEditorAssemblies (0ms)
				RefreshPlugins (1ms)
				BeforeProcessingInitializeOnLoad (55ms)
				ProcessInitializeOnLoadAttributes (179ms)
				ProcessInitializeOnLoadMethodAttributes (17ms)
				AfterProcessingInitializeOnLoad (2ms)
				EditorAssembliesLoaded (0ms)
			ExecutionOrderSort2 (0ms)
			AwakeInstancesAfterBackupRestoration (5ms)
Platform modules already initialized, skipping
Refreshing native plugins compatible for Editor in 1.79 ms, found 3 plugins.
Preloading 0 native plugins for Editor in 0.00 ms.
Unloading 3043 Unused Serialized files (Serialized files now loaded: 0)
Unloading 19 unused Assets / (0.6 MB). Loaded Objects now: 3557.
Memory consumption went from 125.6 MB to 125.0 MB.
Total: 3.361800 ms (FindLiveObjects: 0.365800 ms CreateObjectMapping: 0.083800 ms MarkObjects: 2.631500 ms  DeleteObjects: 0.278700 ms)

AssetImportParameters requested are different than current active one (requested -> active):
  custom:video-decoder-ogg-theora: a1e56fd34408186e4bbccfd4996cb3dc -> 
  custom:container-muxer-webm: aa71ff27fc2769a1b78a27578f13a17b -> 
  custom:container-demuxer-webm: 4f35f7cbe854078d1ac9338744f61a02 -> 
  custom:video-encoder-webm-vp8: eb34c28f22e8b96e1ab97ce403110664 -> 
  custom:audio-encoder-webm-vorbis: bf7c407c2cedff20999df2af8eb42d56 -> 
  custom:framework-win-MediaFoundation: 216162199b28c13a410421893ffa2e32 -> 
  custom:container-demuxer-ogg: 62fdf1f143b41e24485cea50d1cbac27 -> 
  custom:video-decoder-webm-vp8: 9c59270c3fd7afecdb556c50c9e8de78 -> 
  custom:audio-decoder-ogg-vorbis: bf7c407c2cedff20999df2af8eb42d56 -> 
========================================================================
Received Import Request.
  Time since last request: 211.257127 seconds.
  path: Assets/Anim/Walking Backward.fbx
  artifactKey: Guid(41ec41823a84c4d4ba78fa23d08a2491) Importer(815301076,1909f56bfc062723c751e8b465ee728b)
Start importing Assets/Anim/Walking Backward.fbx using Guid(41ec41823a84c4d4ba78fa23d08a2491) Importer(815301076,1909f56bfc062723c751e8b465ee728b)  -> (artifact id: '41984e9145d57b4fd67a16c0069dd2e1') in 0.127542 seconds 
========================================================================
Received Import Request.
  Time since last request: 4.254788 seconds.
  path: Assets/Anim/Walking Backward.fbx
  artifactKey: Guid(41ec41823a84c4d4ba78fa23d08a2491) Importer(815301076,1909f56bfc062723c751e8b465ee728b)
Start importing Assets/Anim/Walking Backward.fbx using Guid(41ec41823a84c4d4ba78fa23d08a2491) Importer(815301076,1909f56bfc062723c751e8b465ee728b)  -> (artifact id: 'db9bedda63e4f8e49717719ec18a5c7d') in 0.078689 seconds 
========================================================================
Received Import Request.
  Time since last request: 2.728238 seconds.
  path: Assets/Anim/Walking.fbx
  artifactKey: Guid(347166a8cb0f9d04b9db11fa995320a1) Importer(815301076,1909f56bfc062723c751e8b465ee728b)
Start importing Assets/Anim/Walking.fbx using Guid(347166a8cb0f9d04b9db11fa995320a1) Importer(815301076,1909f56bfc062723c751e8b465ee728b)  -> (artifact id: '73fe196f4ebaf0e6093f218faf2f73d5') in 0.112781 seconds 
========================================================================
Received Import Request.
  Time since last request: 30.564954 seconds.
  path: Assets/Anim/Walking Backward.fbx
  artifactKey: Guid(41ec41823a84c4d4ba78fa23d08a2491) Importer(815301076,1909f56bfc062723c751e8b465ee728b)
Start importing Assets/Anim/Walking Backward.fbx using Guid(41ec41823a84c4d4ba78fa23d08a2491) Importer(815301076,1909f56bfc062723c751e8b465ee728b)  -> (artifact id: 'a9887e5e78fd5a851e4f01820b0de071') in 0.105610 seconds 
========================================================================
Received Import Request.
  Time since last request: 525.645262 seconds.
  path: Assets/Anim/Walking Backward.fbx
  artifactKey: Guid(41ec41823a84c4d4ba78fa23d08a2491) Importer(815301076,1909f56bfc062723c751e8b465ee728b)
Start importing Assets/Anim/Walking Backward.fbx using Guid(41ec41823a84c4d4ba78fa23d08a2491) Importer(815301076,1909f56bfc062723c751e8b465ee728b)  -> (artifact id: 'cf9c3ad68124ef5ea08ffe2deeaf4a6b') in 0.098945 seconds 
========================================================================
Received Import Request.
  Time since last request: 28.906705 seconds.
  path: Assets/Anim/Walking.fbx
  artifactKey: Guid(347166a8cb0f9d04b9db11fa995320a1) Importer(815301076,1909f56bfc062723c751e8b465ee728b)
Start importing Assets/Anim/Walking.fbx using Guid(347166a8cb0f9d04b9db11fa995320a1) Importer(815301076,1909f56bfc062723c751e8b465ee728b)  -> (artifact id: '91b8a3946c3419d7235b754d0188804a') in 0.120045 seconds 
========================================================================
Received Import Request.
  Time since last request: 66.261327 seconds.
  path: Assets/Anim/Walking Backward.fbx
  artifactKey: Guid(41ec41823a84c4d4ba78fa23d08a2491) Importer(815301076,1909f56bfc062723c751e8b465ee728b)
Start importing Assets/Anim/Walking Backward.fbx using Guid(41ec41823a84c4d4ba78fa23d08a2491) Importer(815301076,1909f56bfc062723c751e8b465ee728b)  -> (artifact id: '1e13a0768a2c8523e7c1543377f86f31') in 0.090533 seconds 
========================================================================
Received Import Request.
  Time since last request: 5.389317 seconds.
  path: Assets/Anim/Walking.fbx
  artifactKey: Guid(347166a8cb0f9d04b9db11fa995320a1) Importer(815301076,1909f56bfc062723c751e8b465ee728b)
Start importing Assets/Anim/Walking.fbx using Guid(347166a8cb0f9d04b9db11fa995320a1) Importer(815301076,1909f56bfc062723c751e8b465ee728b)  -> (artifact id: '02090b58bef8dda630761186a3a2c93b') in 0.099086 seconds 
========================================================================
Received Import Request.
  Time since last request: 104.839213 seconds.
  path: Assets/Anim/Left Turn.fbx
  artifactKey: Guid(87ceb693cf8a3ce41ae9696457b8660f) Importer(815301076,1909f56bfc062723c751e8b465ee728b)
Start importing Assets/Anim/Left Turn.fbx using Guid(87ceb693cf8a3ce41ae9696457b8660f) Importer(815301076,1909f56bfc062723c751e8b465ee728b)  -> (artifact id: '21692ee481652cc0b6ca7719709f9dfe') in 0.113426 seconds 
========================================================================
Received Import Request.
  Time since last request: 11.379766 seconds.
  path: Assets/Anim/Right Turn.fbx
  artifactKey: Guid(3f27e0e4f7187f4408e12f0c24f64b44) Importer(815301076,1909f56bfc062723c751e8b465ee728b)
Start importing Assets/Anim/Right Turn.fbx using Guid(3f27e0e4f7187f4408e12f0c24f64b44) Importer(815301076,1909f56bfc062723c751e8b465ee728b)  -> (artifact id: 'f5f15412a7e9e2cbb19f148307a40489') in 0.106282 seconds 
========================================================================
Received Import Request.
  Time since last request: 7.197479 seconds.
  path: Assets/Anim/Left Turn.fbx
  artifactKey: Guid(87ceb693cf8a3ce41ae9696457b8660f) Importer(815301076,1909f56bfc062723c751e8b465ee728b)
Start importing Assets/Anim/Left Turn.fbx using Guid(87ceb693cf8a3ce41ae9696457b8660f) Importer(815301076,1909f56bfc062723c751e8b465ee728b)  -> (artifact id: '7f26c79e0288e151994e768de7a1738e') in 0.062984 seconds 
========================================================================
Received Import Request.
  Time since last request: 6.282875 seconds.
  path: Assets/Anim/Right Turn.fbx
  artifactKey: Guid(3f27e0e4f7187f4408e12f0c24f64b44) Importer(815301076,1909f56bfc062723c751e8b465ee728b)
Start importing Assets/Anim/Right Turn.fbx using Guid(3f27e0e4f7187f4408e12f0c24f64b44) Importer(815301076,1909f56bfc062723c751e8b465ee728b)  -> (artifact id: 'bb742a3dd9a5a5d2e3899d1f24ea6e38') in 0.120814 seconds 
========================================================================
Received Import Request.
  Time since last request: 4.570831 seconds.
  path: Assets/Anim/Right Turn.fbx
  artifactKey: Guid(3f27e0e4f7187f4408e12f0c24f64b44) Importer(815301076,1909f56bfc062723c751e8b465ee728b)
Start importing Assets/Anim/Right Turn.fbx using Guid(3f27e0e4f7187f4408e12f0c24f64b44) Importer(815301076,1909f56bfc062723c751e8b465ee728b)  -> (artifact id: '9689a39fb9cec9f8a2118d988b11d504') in 0.098007 seconds 
========================================================================
Received Import Request.
  Time since last request: 4.700398 seconds.
  path: Assets/Anim/Left Turn.fbx
  artifactKey: Guid(87ceb693cf8a3ce41ae9696457b8660f) Importer(815301076,1909f56bfc062723c751e8b465ee728b)
Start importing Assets/Anim/Left Turn.fbx using Guid(87ceb693cf8a3ce41ae9696457b8660f) Importer(815301076,1909f56bfc062723c751e8b465ee728b)  -> (artifact id: '58121244f06b8d28688294db25007400') in 0.117756 seconds 
========================================================================
Received Import Request.
  Time since last request: 4.360832 seconds.
  path: Assets/Anim/Left Turn.fbx
  artifactKey: Guid(87ceb693cf8a3ce41ae9696457b8660f) Importer(815301076,1909f56bfc062723c751e8b465ee728b)
Start importing Assets/Anim/Left Turn.fbx using Guid(87ceb693cf8a3ce41ae9696457b8660f) Importer(815301076,1909f56bfc062723c751e8b465ee728b)  -> (artifact id: '29fc4d4d743e69d5be5272feba703fb3') in 0.059108 seconds 
========================================================================
Received Import Request.
  Time since last request: 6.946835 seconds.
  path: Assets/Anim/Fast Run.fbx
  artifactKey: Guid(d31b8055c9e610544b192e4bf288b957) Importer(815301076,1909f56bfc062723c751e8b465ee728b)
Start importing Assets/Anim/Fast Run.fbx using Guid(d31b8055c9e610544b192e4bf288b957) Importer(815301076,1909f56bfc062723c751e8b465ee728b)  -> (artifact id: '69d803e9b7db0a3b883e2c1e9bc2bc64') in 0.100426 seconds 
========================================================================
Received Import Request.
  Time since last request: 6.766460 seconds.
  path: Assets/Anim/Fast Run.fbx
  artifactKey: Guid(d31b8055c9e610544b192e4bf288b957) Importer(815301076,1909f56bfc062723c751e8b465ee728b)
Start importing Assets/Anim/Fast Run.fbx using Guid(d31b8055c9e610544b192e4bf288b957) Importer(815301076,1909f56bfc062723c751e8b465ee728b)  -> (artifact id: '67bdfd89aadf9a9ffb1caa81bd434b8d') in 0.062598 seconds 
========================================================================
Received Import Request.
  Time since last request: 6.721317 seconds.
  path: Assets/Anim/Fast Run.fbx
  artifactKey: Guid(d31b8055c9e610544b192e4bf288b957) Importer(815301076,1909f56bfc062723c751e8b465ee728b)
Start importing Assets/Anim/Fast Run.fbx using Guid(d31b8055c9e610544b192e4bf288b957) Importer(815301076,1909f56bfc062723c751e8b465ee728b)  -> (artifact id: 'b03baaf5848cbddd8ce710f3465d37c7') in 0.097138 seconds 
========================================================================
Received Import Request.
  Time since last request: 54.972023 seconds.
  path: Assets/Anim/Right Turn.fbx
  artifactKey: Guid(3f27e0e4f7187f4408e12f0c24f64b44) Importer(815301076,1909f56bfc062723c751e8b465ee728b)
Start importing Assets/Anim/Right Turn.fbx using Guid(3f27e0e4f7187f4408e12f0c24f64b44) Importer(815301076,1909f56bfc062723c751e8b465ee728b)  -> (artifact id: 'b4eca4981c6ed2d11ffa5f5c638a55d7') in 0.082517 seconds 
========================================================================
Received Import Request.
  Time since last request: 20.453833 seconds.
  path: Assets/Anim/Walking Backward.fbx
  artifactKey: Guid(41ec41823a84c4d4ba78fa23d08a2491) Importer(815301076,1909f56bfc062723c751e8b465ee728b)
Start importing Assets/Anim/Walking Backward.fbx using Guid(41ec41823a84c4d4ba78fa23d08a2491) Importer(815301076,1909f56bfc062723c751e8b465ee728b)  -> (artifact id: 'bedee07766bc32c389bdb2dd0ce1c648') in 0.108146 seconds 
========================================================================
Received Import Request.
  Time since last request: 11.249147 seconds.
  path: Assets/Anim/Walking.fbx
  artifactKey: Guid(347166a8cb0f9d04b9db11fa995320a1) Importer(815301076,1909f56bfc062723c751e8b465ee728b)
Start importing Assets/Anim/Walking.fbx using Guid(347166a8cb0f9d04b9db11fa995320a1) Importer(815301076,1909f56bfc062723c751e8b465ee728b)  -> (artifact id: 'd838bc27dd87c635f42b33decd6be151') in 0.101267 seconds 
========================================================================
Received Import Request.
  Time since last request: 3.894749 seconds.
  path: Assets/Anim/Fast Run.fbx
  artifactKey: Guid(d31b8055c9e610544b192e4bf288b957) Importer(815301076,1909f56bfc062723c751e8b465ee728b)
Start importing Assets/Anim/Fast Run.fbx using Guid(d31b8055c9e610544b192e4bf288b957) Importer(815301076,1909f56bfc062723c751e8b465ee728b)  -> (artifact id: 'cb4c860a64fbbc1007ab052dc3200e99') in 0.093338 seconds 
========================================================================
Received Import Request.
  Time since last request: 379.729874 seconds.
  path: Assets/Anim/NewBehaviourScript.cs
  artifactKey: Guid(a3e0079798476834a883e46f70f0f2f4) Importer(815301076,1909f56bfc062723c751e8b465ee728b)
Start importing Assets/Anim/NewBehaviourScript.cs using Guid(a3e0079798476834a883e46f70f0f2f4) Importer(815301076,1909f56bfc062723c751e8b465ee728b)  -> (artifact id: 'b175382b8fad1d0a42516f06b030d08b') in 0.035777 seconds 
========================================================================
Received Prepare
Registering precompiled user dll's ...
Registered in 0.007269 seconds.
Begin MonoManager ReloadAssembly
Symbol file LoadedFromMemory doesn't match image D:\Unity_Project\lab7\Library\PackageCache\com.unity.visualscripting@1.8.0\Editor\VisualScripting.Core\Dependencies\YamlDotNet\Unity.VisualScripting.YamlDotNet.dll
Symbol file LoadedFromMemory doesn't match image D:\Unity_Project\lab7\Library\PackageCache\com.unity.visualscripting@1.8.0\Editor\VisualScripting.Core\Dependencies\DotNetZip\Unity.VisualScripting.IonicZip.dll
Native extension for WindowsStandalone target not found
Native extension for WebGL target not found
Refreshing native plugins compatible for Editor in 0.59 ms, found 3 plugins.
Preloading 0 native plugins for Editor in 0.00 ms.
Mono: successfully reloaded assembly
- Completed reload, in  1.039 seconds
Domain Reload Profiling:
	ReloadAssembly (1040ms)
		BeginReloadAssembly (190ms)
			ExecutionOrderSort (0ms)
			DisableScriptedObjects (7ms)
			BackupInstance (0ms)
			ReleaseScriptingObjects (0ms)
			CreateAndSetChildDomain (52ms)
		EndReloadAssembly (729ms)
			LoadAssemblies (118ms)
			RebuildTransferFunctionScriptingTraits (0ms)
			SetupTypeCache (280ms)
			ReleaseScriptCaches (1ms)
			RebuildScriptCaches (38ms)
			SetupLoadedEditorAssemblies (290ms)
				LogAssemblyErrors (0ms)
				InitializePlatformSupportModulesInManaged (13ms)
				SetLoadedEditorAssemblies (1ms)
				RefreshPlugins (1ms)
				BeforeProcessingInitializeOnLoad (53ms)
				ProcessInitializeOnLoadAttributes (202ms)
				ProcessInitializeOnLoadMethodAttributes (19ms)
				AfterProcessingInitializeOnLoad (2ms)
				EditorAssembliesLoaded (0ms)
			ExecutionOrderSort2 (0ms)
			AwakeInstancesAfterBackupRestoration (6ms)
Platform modules already initialized, skipping
Refreshing native plugins compatible for Editor in 1.84 ms, found 3 plugins.
Preloading 0 native plugins for Editor in 0.00 ms.
Unloading 3044 Unused Serialized files (Serialized files now loaded: 0)
Unloading 17 unused Assets / (79.8 KB). Loaded Objects now: 3561.
Memory consumption went from 125.3 MB to 125.2 MB.
Total: 3.099000 ms (FindLiveObjects: 0.311900 ms CreateObjectMapping: 0.079200 ms MarkObjects: 2.590500 ms  DeleteObjects: 0.116200 ms)

AssetImportParameters requested are different than current active one (requested -> active):
  custom:video-decoder-ogg-theora: a1e56fd34408186e4bbccfd4996cb3dc -> 
  custom:container-muxer-webm: aa71ff27fc2769a1b78a27578f13a17b -> 
  custom:container-demuxer-webm: 4f35f7cbe854078d1ac9338744f61a02 -> 
  custom:video-encoder-webm-vp8: eb34c28f22e8b96e1ab97ce403110664 -> 
  custom:audio-encoder-webm-vorbis: bf7c407c2cedff20999df2af8eb42d56 -> 
  custom:framework-win-MediaFoundation: 216162199b28c13a410421893ffa2e32 -> 
  custom:container-demuxer-ogg: 62fdf1f143b41e24485cea50d1cbac27 -> 
  custom:video-decoder-webm-vp8: 9c59270c3fd7afecdb556c50c9e8de78 -> 
  custom:audio-decoder-ogg-vorbis: bf7c407c2cedff20999df2af8eb42d56 -> 
========================================================================
Received Import Request.
  Time since last request: 926.946419 seconds.
  path: Assets/Anim/player.controller
  artifactKey: Guid(7909f73db6c2012418aca9208871b033) Importer(815301076,1909f56bfc062723c751e8b465ee728b)
Start importing Assets/Anim/player.controller using Guid(7909f73db6c2012418aca9208871b033) Importer(815301076,1909f56bfc062723c751e8b465ee728b)  -> (artifact id: '049a22e2537d1fe0f95ec122c8869877') in 0.020115 seconds 
========================================================================
Received Prepare
Registering precompiled user dll's ...
Registered in 0.003985 seconds.
Begin MonoManager ReloadAssembly
Symbol file LoadedFromMemory doesn't match image D:\Unity_Project\lab7\Library\PackageCache\com.unity.visualscripting@1.8.0\Editor\VisualScripting.Core\Dependencies\YamlDotNet\Unity.VisualScripting.YamlDotNet.dll
Symbol file LoadedFromMemory doesn't match image D:\Unity_Project\lab7\Library\PackageCache\com.unity.visualscripting@1.8.0\Editor\VisualScripting.Core\Dependencies\DotNetZip\Unity.VisualScripting.IonicZip.dll
Native extension for WindowsStandalone target not found
Native extension for WebGL target not found
Refreshing native plugins compatible for Editor in 0.53 ms, found 3 plugins.
Preloading 0 native plugins for Editor in 0.00 ms.
Mono: successfully reloaded assembly
- Completed reload, in  0.864 seconds
Domain Reload Profiling:
	ReloadAssembly (865ms)
		BeginReloadAssembly (119ms)
			ExecutionOrderSort (0ms)
			DisableScriptedObjects (5ms)
			BackupInstance (0ms)
			ReleaseScriptingObjects (0ms)
			CreateAndSetChildDomain (30ms)
		EndReloadAssembly (658ms)
			LoadAssemblies (78ms)
			RebuildTransferFunctionScriptingTraits (0ms)
			SetupTypeCache (249ms)
			ReleaseScriptCaches (1ms)
			RebuildScriptCaches (43ms)
			SetupLoadedEditorAssemblies (258ms)
				LogAssemblyErrors (0ms)
				InitializePlatformSupportModulesInManaged (11ms)
				SetLoadedEditorAssemblies (0ms)
				RefreshPlugins (1ms)
				BeforeProcessingInitializeOnLoad (52ms)
				ProcessInitializeOnLoadAttributes (175ms)
				ProcessInitializeOnLoadMethodAttributes (16ms)
				AfterProcessingInitializeOnLoad (2ms)
				EditorAssembliesLoaded (0ms)
			ExecutionOrderSort2 (0ms)
			AwakeInstancesAfterBackupRestoration (5ms)
Platform modules already initialized, skipping
Refreshing native plugins compatible for Editor in 1.70 ms, found 3 plugins.
Preloading 0 native plugins for Editor in 0.00 ms.
Unloading 3044 Unused Serialized files (Serialized files now loaded: 0)
Unloading 17 unused Assets / (79.8 KB). Loaded Objects now: 3564.
Memory consumption went from 125.3 MB to 125.3 MB.
Total: 2.616300 ms (FindLiveObjects: 0.244400 ms CreateObjectMapping: 0.103600 ms MarkObjects: 2.174700 ms  DeleteObjects: 0.092700 ms)

AssetImportParameters requested are different than current active one (requested -> active):
  custom:video-decoder-ogg-theora: a1e56fd34408186e4bbccfd4996cb3dc -> 
  custom:container-muxer-webm: aa71ff27fc2769a1b78a27578f13a17b -> 
  custom:container-demuxer-webm: 4f35f7cbe854078d1ac9338744f61a02 -> 
  custom:video-encoder-webm-vp8: eb34c28f22e8b96e1ab97ce403110664 -> 
  custom:audio-encoder-webm-vorbis: bf7c407c2cedff20999df2af8eb42d56 -> 
  custom:framework-win-MediaFoundation: 216162199b28c13a410421893ffa2e32 -> 
  custom:container-demuxer-ogg: 62fdf1f143b41e24485cea50d1cbac27 -> 
  custom:video-decoder-webm-vp8: 9c59270c3fd7afecdb556c50c9e8de78 -> 
  custom:audio-decoder-ogg-vorbis: bf7c407c2cedff20999df2af8eb42d56 -> 
========================================================================
Received Prepare
Registering precompiled user dll's ...
Registered in 0.003719 seconds.
Begin MonoManager ReloadAssembly
Symbol file LoadedFromMemory doesn't match image D:\Unity_Project\lab7\Library\PackageCache\com.unity.visualscripting@1.8.0\Editor\VisualScripting.Core\Dependencies\YamlDotNet\Unity.VisualScripting.YamlDotNet.dll
Symbol file LoadedFromMemory doesn't match image D:\Unity_Project\lab7\Library\PackageCache\com.unity.visualscripting@1.8.0\Editor\VisualScripting.Core\Dependencies\DotNetZip\Unity.VisualScripting.IonicZip.dll
Native extension for WindowsStandalone target not found
Native extension for WebGL target not found
Refreshing native plugins compatible for Editor in 0.55 ms, found 3 plugins.
Preloading 0 native plugins for Editor in 0.00 ms.
Mono: successfully reloaded assembly
- Completed reload, in  0.836 seconds
Domain Reload Profiling:
	ReloadAssembly (837ms)
		BeginReloadAssembly (114ms)
			ExecutionOrderSort (0ms)
			DisableScriptedObjects (5ms)
			BackupInstance (0ms)
			ReleaseScriptingObjects (0ms)
			CreateAndSetChildDomain (29ms)
		EndReloadAssembly (637ms)
			LoadAssemblies (73ms)
			RebuildTransferFunctionScriptingTraits (0ms)
			SetupTypeCache (234ms)
			ReleaseScriptCaches (1ms)
			RebuildScriptCaches (36ms)
			SetupLoadedEditorAssemblies (263ms)
				LogAssemblyErrors (0ms)
				InitializePlatformSupportModulesInManaged (11ms)
				SetLoadedEditorAssemblies (0ms)
				RefreshPlugins (1ms)
				BeforeProcessingInitializeOnLoad (51ms)
				ProcessInitializeOnLoadAttributes (179ms)
				ProcessInitializeOnLoadMethodAttributes (18ms)
				AfterProcessingInitializeOnLoad (3ms)
				EditorAssembliesLoaded (0ms)
			ExecutionOrderSort2 (0ms)
			AwakeInstancesAfterBackupRestoration (6ms)
Platform modules already initialized, skipping
Refreshing native plugins compatible for Editor in 1.52 ms, found 3 plugins.
Preloading 0 native plugins for Editor in 0.00 ms.
Unloading 3044 Unused Serialized files (Serialized files now loaded: 0)
Unloading 17 unused Assets / (79.8 KB). Loaded Objects now: 3567.
Memory consumption went from 125.4 MB to 125.3 MB.
Total: 2.852400 ms (FindLiveObjects: 0.256000 ms CreateObjectMapping: 0.076400 ms MarkObjects: 2.427400 ms  DeleteObjects: 0.091200 ms)

AssetImportParameters requested are different than current active one (requested -> active):
  custom:video-decoder-ogg-theora: a1e56fd34408186e4bbccfd4996cb3dc -> 
  custom:container-muxer-webm: aa71ff27fc2769a1b78a27578f13a17b -> 
  custom:container-demuxer-webm: 4f35f7cbe854078d1ac9338744f61a02 -> 
  custom:video-encoder-webm-vp8: eb34c28f22e8b96e1ab97ce403110664 -> 
  custom:audio-encoder-webm-vorbis: bf7c407c2cedff20999df2af8eb42d56 -> 
  custom:framework-win-MediaFoundation: 216162199b28c13a410421893ffa2e32 -> 
  custom:container-demuxer-ogg: 62fdf1f143b41e24485cea50d1cbac27 -> 
  custom:video-decoder-webm-vp8: 9c59270c3fd7afecdb556c50c9e8de78 -> 
  custom:audio-decoder-ogg-vorbis: bf7c407c2cedff20999df2af8eb42d56 -> 
========================================================================
Received Prepare
Registering precompiled user dll's ...
Registered in 0.004255 seconds.
Begin MonoManager ReloadAssembly
Symbol file LoadedFromMemory doesn't match image D:\Unity_Project\lab7\Library\PackageCache\com.unity.visualscripting@1.8.0\Editor\VisualScripting.Core\Dependencies\YamlDotNet\Unity.VisualScripting.YamlDotNet.dll
Symbol file LoadedFromMemory doesn't match image D:\Unity_Project\lab7\Library\PackageCache\com.unity.visualscripting@1.8.0\Editor\VisualScripting.Core\Dependencies\DotNetZip\Unity.VisualScripting.IonicZip.dll
Native extension for WindowsStandalone target not found
Native extension for WebGL target not found
Refreshing native plugins compatible for Editor in 0.58 ms, found 3 plugins.
Preloading 0 native plugins for Editor in 0.00 ms.
Mono: successfully reloaded assembly
- Completed reload, in  0.877 seconds
Domain Reload Profiling:
	ReloadAssembly (878ms)
		BeginReloadAssembly (122ms)
			ExecutionOrderSort (0ms)
			DisableScriptedObjects (5ms)
			BackupInstance (0ms)
			ReleaseScriptingObjects (0ms)
			CreateAndSetChildDomain (33ms)
		EndReloadAssembly (669ms)
			LoadAssemblies (76ms)
			RebuildTransferFunctionScriptingTraits (0ms)
			SetupTypeCache (242ms)
			ReleaseScriptCaches (1ms)
			RebuildScriptCaches (38ms)
			SetupLoadedEditorAssemblies (277ms)
				LogAssemblyErrors (0ms)
				InitializePlatformSupportModulesInManaged (11ms)
				SetLoadedEditorAssemblies (0ms)
				RefreshPlugins (1ms)
				BeforeProcessingInitializeOnLoad (52ms)
				ProcessInitializeOnLoadAttributes (193ms)
				ProcessInitializeOnLoadMethodAttributes (17ms)
				AfterProcessingInitializeOnLoad (2ms)
				EditorAssembliesLoaded (0ms)
			ExecutionOrderSort2 (0ms)
			AwakeInstancesAfterBackupRestoration (5ms)
Platform modules already initialized, skipping
Refreshing native plugins compatible for Editor in 1.41 ms, found 3 plugins.
Preloading 0 native plugins for Editor in 0.00 ms.
Unloading 3044 Unused Serialized files (Serialized files now loaded: 0)
Unloading 17 unused Assets / (79.9 KB). Loaded Objects now: 3570.
Memory consumption went from 125.4 MB to 125.3 MB.
Total: 2.685900 ms (FindLiveObjects: 0.343800 ms CreateObjectMapping: 0.132200 ms MarkObjects: 2.123500 ms  DeleteObjects: 0.085300 ms)

AssetImportParameters requested are different than current active one (requested -> active):
  custom:video-decoder-ogg-theora: a1e56fd34408186e4bbccfd4996cb3dc -> 
  custom:container-muxer-webm: aa71ff27fc2769a1b78a27578f13a17b -> 
  custom:container-demuxer-webm: 4f35f7cbe854078d1ac9338744f61a02 -> 
  custom:video-encoder-webm-vp8: eb34c28f22e8b96e1ab97ce403110664 -> 
  custom:audio-encoder-webm-vorbis: bf7c407c2cedff20999df2af8eb42d56 -> 
  custom:framework-win-MediaFoundation: 216162199b28c13a410421893ffa2e32 -> 
  custom:container-demuxer-ogg: 62fdf1f143b41e24485cea50d1cbac27 -> 
  custom:video-decoder-webm-vp8: 9c59270c3fd7afecdb556c50c9e8de78 -> 
  custom:audio-decoder-ogg-vorbis: bf7c407c2cedff20999df2af8eb42d56 -> 
========================================================================
Received Prepare
Registering precompiled user dll's ...
Registered in 0.004011 seconds.
Begin MonoManager ReloadAssembly
Symbol file LoadedFromMemory doesn't match image D:\Unity_Project\lab7\Library\PackageCache\com.unity.visualscripting@1.8.0\Editor\VisualScripting.Core\Dependencies\YamlDotNet\Unity.VisualScripting.YamlDotNet.dll
Symbol file LoadedFromMemory doesn't match image D:\Unity_Project\lab7\Library\PackageCache\com.unity.visualscripting@1.8.0\Editor\VisualScripting.Core\Dependencies\DotNetZip\Unity.VisualScripting.IonicZip.dll
Native extension for WindowsStandalone target not found
Native extension for WebGL target not found
Refreshing native plugins compatible for Editor in 0.55 ms, found 3 plugins.
Preloading 0 native plugins for Editor in 0.00 ms.
Mono: successfully reloaded assembly
- Completed reload, in  0.802 seconds
Domain Reload Profiling:
	ReloadAssembly (803ms)
		BeginReloadAssembly (115ms)
			ExecutionOrderSort (0ms)
			DisableScriptedObjects (5ms)
			BackupInstance (0ms)
			ReleaseScriptingObjects (0ms)
			CreateAndSetChildDomain (32ms)
		EndReloadAssembly (607ms)
			LoadAssemblies (70ms)
			RebuildTransferFunctionScriptingTraits (0ms)
			SetupTypeCache (216ms)
			ReleaseScriptCaches (1ms)
			RebuildScriptCaches (38ms)
			SetupLoadedEditorAssemblies (250ms)
				LogAssemblyErrors (0ms)
				InitializePlatformSupportModulesInManaged (11ms)
				SetLoadedEditorAssemblies (0ms)
				RefreshPlugins (1ms)
				BeforeProcessingInitializeOnLoad (50ms)
				ProcessInitializeOnLoadAttributes (171ms)
				ProcessInitializeOnLoadMethodAttributes (16ms)
				AfterProcessingInitializeOnLoad (2ms)
				EditorAssembliesLoaded (0ms)
			ExecutionOrderSort2 (0ms)
			AwakeInstancesAfterBackupRestoration (5ms)
Platform modules already initialized, skipping
Refreshing native plugins compatible for Editor in 1.47 ms, found 3 plugins.
Preloading 0 native plugins for Editor in 0.00 ms.
Unloading 3044 Unused Serialized files (Serialized files now loaded: 0)
Unloading 17 unused Assets / (79.8 KB). Loaded Objects now: 3573.
Memory consumption went from 125.4 MB to 125.3 MB.
Total: 2.737900 ms (FindLiveObjects: 0.344800 ms CreateObjectMapping: 0.131000 ms MarkObjects: 2.168300 ms  DeleteObjects: 0.092100 ms)

AssetImportParameters requested are different than current active one (requested -> active):
  custom:video-decoder-ogg-theora: a1e56fd34408186e4bbccfd4996cb3dc -> 
  custom:container-muxer-webm: aa71ff27fc2769a1b78a27578f13a17b -> 
  custom:container-demuxer-webm: 4f35f7cbe854078d1ac9338744f61a02 -> 
  custom:video-encoder-webm-vp8: eb34c28f22e8b96e1ab97ce403110664 -> 
  custom:audio-encoder-webm-vorbis: bf7c407c2cedff20999df2af8eb42d56 -> 
  custom:framework-win-MediaFoundation: 216162199b28c13a410421893ffa2e32 -> 
  custom:container-demuxer-ogg: 62fdf1f143b41e24485cea50d1cbac27 -> 
  custom:video-decoder-webm-vp8: 9c59270c3fd7afecdb556c50c9e8de78 -> 
  custom:audio-decoder-ogg-vorbis: bf7c407c2cedff20999df2af8eb42d56 -> 
========================================================================
Received Prepare
Registering precompiled user dll's ...
Registered in 0.004251 seconds.
Begin MonoManager ReloadAssembly
Symbol file LoadedFromMemory doesn't match image D:\Unity_Project\lab7\Library\PackageCache\com.unity.visualscripting@1.8.0\Editor\VisualScripting.Core\Dependencies\YamlDotNet\Unity.VisualScripting.YamlDotNet.dll
Symbol file LoadedFromMemory doesn't match image D:\Unity_Project\lab7\Library\PackageCache\com.unity.visualscripting@1.8.0\Editor\VisualScripting.Core\Dependencies\DotNetZip\Unity.VisualScripting.IonicZip.dll
Native extension for WindowsStandalone target not found
Native extension for WebGL target not found
Refreshing native plugins compatible for Editor in 0.59 ms, found 3 plugins.
Preloading 0 native plugins for Editor in 0.00 ms.
Mono: successfully reloaded assembly
- Completed reload, in  0.806 seconds
Domain Reload Profiling:
	ReloadAssembly (807ms)
		BeginReloadAssembly (108ms)
			ExecutionOrderSort (0ms)
			DisableScriptedObjects (5ms)
			BackupInstance (0ms)
			ReleaseScriptingObjects (0ms)
			CreateAndSetChildDomain (29ms)
		EndReloadAssembly (618ms)
			LoadAssemblies (67ms)
			RebuildTransferFunctionScriptingTraits (0ms)
			SetupTypeCache (221ms)
			ReleaseScriptCaches (1ms)
			RebuildScriptCaches (37ms)
			SetupLoadedEditorAssemblies (259ms)
				LogAssemblyErrors (0ms)
				InitializePlatformSupportModulesInManaged (11ms)
				SetLoadedEditorAssemblies (0ms)
				RefreshPlugins (1ms)
				BeforeProcessingInitializeOnLoad (52ms)
				ProcessInitializeOnLoadAttributes (172ms)
				ProcessInitializeOnLoadMethodAttributes (20ms)
				AfterProcessingInitializeOnLoad (2ms)
				EditorAssembliesLoaded (0ms)
			ExecutionOrderSort2 (0ms)
			AwakeInstancesAfterBackupRestoration (5ms)
Platform modules already initialized, skipping
Refreshing native plugins compatible for Editor in 1.56 ms, found 3 plugins.
Preloading 0 native plugins for Editor in 0.00 ms.
Unloading 3044 Unused Serialized files (Serialized files now loaded: 0)
Unloading 17 unused Assets / (79.8 KB). Loaded Objects now: 3576.
Memory consumption went from 125.4 MB to 125.3 MB.
Total: 2.851300 ms (FindLiveObjects: 0.257600 ms CreateObjectMapping: 0.142100 ms MarkObjects: 2.354900 ms  DeleteObjects: 0.095900 ms)

AssetImportParameters requested are different than current active one (requested -> active):
  custom:video-decoder-ogg-theora: a1e56fd34408186e4bbccfd4996cb3dc -> 
  custom:container-muxer-webm: aa71ff27fc2769a1b78a27578f13a17b -> 
  custom:container-demuxer-webm: 4f35f7cbe854078d1ac9338744f61a02 -> 
  custom:video-encoder-webm-vp8: eb34c28f22e8b96e1ab97ce403110664 -> 
  custom:audio-encoder-webm-vorbis: bf7c407c2cedff20999df2af8eb42d56 -> 
  custom:framework-win-MediaFoundation: 216162199b28c13a410421893ffa2e32 -> 
  custom:container-demuxer-ogg: 62fdf1f143b41e24485cea50d1cbac27 -> 
  custom:video-decoder-webm-vp8: 9c59270c3fd7afecdb556c50c9e8de78 -> 
  custom:audio-decoder-ogg-vorbis: bf7c407c2cedff20999df2af8eb42d56 -> 
========================================================================
Received Import Request.
  Time since last request: 244.378294 seconds.
  path: Assets/Anim/player.controller
  artifactKey: Guid(7909f73db6c2012418aca9208871b033) Importer(815301076,1909f56bfc062723c751e8b465ee728b)
Start importing Assets/Anim/player.controller using Guid(7909f73db6c2012418aca9208871b033) Importer(815301076,1909f56bfc062723c751e8b465ee728b)  -> (artifact id: 'fd1294caa92955dac46776f5d4ad2881') in 0.018597 seconds 
========================================================================
Received Import Request.
  Time since last request: 28.967368 seconds.
  path: Assets/Anim/player.controller
  artifactKey: Guid(7909f73db6c2012418aca9208871b033) Importer(815301076,1909f56bfc062723c751e8b465ee728b)
Start importing Assets/Anim/player.controller using Guid(7909f73db6c2012418aca9208871b033) Importer(815301076,1909f56bfc062723c751e8b465ee728b)  -> (artifact id: '97400eb255fddb6356384dd8783e6d35') in 0.006436 seconds 
========================================================================
Received Prepare
Registering precompiled user dll's ...
Registered in 0.003771 seconds.
Begin MonoManager ReloadAssembly
Symbol file LoadedFromMemory doesn't match image D:\Unity_Project\lab7\Library\PackageCache\com.unity.visualscripting@1.8.0\Editor\VisualScripting.Core\Dependencies\YamlDotNet\Unity.VisualScripting.YamlDotNet.dll
Symbol file LoadedFromMemory doesn't match image D:\Unity_Project\lab7\Library\PackageCache\com.unity.visualscripting@1.8.0\Editor\VisualScripting.Core\Dependencies\DotNetZip\Unity.VisualScripting.IonicZip.dll
Native extension for WindowsStandalone target not found
Native extension for WebGL target not found
Refreshing native plugins compatible for Editor in 0.68 ms, found 3 plugins.
Preloading 0 native plugins for Editor in 0.00 ms.
Mono: successfully reloaded assembly
- Completed reload, in  0.839 seconds
Domain Reload Profiling:
	ReloadAssembly (840ms)
		BeginReloadAssembly (109ms)
			ExecutionOrderSort (0ms)
			DisableScriptedObjects (5ms)
			BackupInstance (0ms)
			ReleaseScriptingObjects (0ms)
			CreateAndSetChildDomain (32ms)
		EndReloadAssembly (649ms)
			LoadAssemblies (68ms)
			RebuildTransferFunctionScriptingTraits (0ms)
			SetupTypeCache (244ms)
			ReleaseScriptCaches (1ms)
			RebuildScriptCaches (36ms)
			SetupLoadedEditorAssemblies (262ms)
				LogAssemblyErrors (0ms)
				InitializePlatformSupportModulesInManaged (11ms)
				SetLoadedEditorAssemblies (0ms)
				RefreshPlugins (1ms)
				BeforeProcessingInitializeOnLoad (50ms)
				ProcessInitializeOnLoadAttributes (179ms)
				ProcessInitializeOnLoadMethodAttributes (18ms)
				AfterProcessingInitializeOnLoad (3ms)
				EditorAssembliesLoaded (0ms)
			ExecutionOrderSort2 (0ms)
			AwakeInstancesAfterBackupRestoration (6ms)
Platform modules already initialized, skipping
Refreshing native plugins compatible for Editor in 1.92 ms, found 3 plugins.
Preloading 0 native plugins for Editor in 0.00 ms.
Unloading 3044 Unused Serialized files (Serialized files now loaded: 0)
Unloading 17 unused Assets / (79.9 KB). Loaded Objects now: 3579.
Memory consumption went from 125.4 MB to 125.3 MB.
Total: 2.770900 ms (FindLiveObjects: 0.317900 ms CreateObjectMapping: 0.143600 ms MarkObjects: 2.201300 ms  DeleteObjects: 0.106800 ms)

AssetImportParameters requested are different than current active one (requested -> active):
  custom:video-decoder-ogg-theora: a1e56fd34408186e4bbccfd4996cb3dc -> 
  custom:container-muxer-webm: aa71ff27fc2769a1b78a27578f13a17b -> 
  custom:container-demuxer-webm: 4f35f7cbe854078d1ac9338744f61a02 -> 
  custom:video-encoder-webm-vp8: eb34c28f22e8b96e1ab97ce403110664 -> 
  custom:audio-encoder-webm-vorbis: bf7c407c2cedff20999df2af8eb42d56 -> 
  custom:framework-win-MediaFoundation: 216162199b28c13a410421893ffa2e32 -> 
  custom:container-demuxer-ogg: 62fdf1f143b41e24485cea50d1cbac27 -> 
  custom:video-decoder-webm-vp8: 9c59270c3fd7afecdb556c50c9e8de78 -> 
  custom:audio-decoder-ogg-vorbis: bf7c407c2cedff20999df2af8eb42d56 -> 
========================================================================
Received Prepare
Registering precompiled user dll's ...
Registered in 0.003776 seconds.
Begin MonoManager ReloadAssembly
Symbol file LoadedFromMemory doesn't match image D:\Unity_Project\lab7\Library\PackageCache\com.unity.visualscripting@1.8.0\Editor\VisualScripting.Core\Dependencies\YamlDotNet\Unity.VisualScripting.YamlDotNet.dll
Symbol file LoadedFromMemory doesn't match image D:\Unity_Project\lab7\Library\PackageCache\com.unity.visualscripting@1.8.0\Editor\VisualScripting.Core\Dependencies\DotNetZip\Unity.VisualScripting.IonicZip.dll
Native extension for WindowsStandalone target not found
Native extension for WebGL target not found
Refreshing native plugins compatible for Editor in 0.65 ms, found 3 plugins.
Preloading 0 native plugins for Editor in 0.00 ms.
Mono: successfully reloaded assembly
- Completed reload, in  0.836 seconds
Domain Reload Profiling:
	ReloadAssembly (836ms)
		BeginReloadAssembly (110ms)
			ExecutionOrderSort (0ms)
			DisableScriptedObjects (5ms)
			BackupInstance (0ms)
			ReleaseScriptingObjects (0ms)
			CreateAndSetChildDomain (29ms)
		EndReloadAssembly (627ms)
			LoadAssemblies (71ms)
			RebuildTransferFunctionScriptingTraits (0ms)
			SetupTypeCache (231ms)
			ReleaseScriptCaches (1ms)
			RebuildScriptCaches (35ms)
			SetupLoadedEditorAssemblies (259ms)
				LogAssemblyErrors (0ms)
				InitializePlatformSupportModulesInManaged (11ms)
				SetLoadedEditorAssemblies (0ms)
				RefreshPlugins (1ms)
				BeforeProcessingInitializeOnLoad (53ms)
				ProcessInitializeOnLoadAttributes (175ms)
				ProcessInitializeOnLoadMethodAttributes (16ms)
				AfterProcessingInitializeOnLoad (2ms)
				EditorAssembliesLoaded (0ms)
			ExecutionOrderSort2 (0ms)
			AwakeInstancesAfterBackupRestoration (5ms)
Platform modules already initialized, skipping
Refreshing native plugins compatible for Editor in 1.56 ms, found 3 plugins.
Preloading 0 native plugins for Editor in 0.00 ms.
Unloading 3044 Unused Serialized files (Serialized files now loaded: 0)
Unloading 17 unused Assets / (79.8 KB). Loaded Objects now: 3582.
Memory consumption went from 125.4 MB to 125.4 MB.
Total: 2.786000 ms (FindLiveObjects: 0.278100 ms CreateObjectMapping: 0.103300 ms MarkObjects: 2.309600 ms  DeleteObjects: 0.093800 ms)

AssetImportParameters requested are different than current active one (requested -> active):
  custom:video-decoder-ogg-theora: a1e56fd34408186e4bbccfd4996cb3dc -> 
  custom:container-muxer-webm: aa71ff27fc2769a1b78a27578f13a17b -> 
  custom:container-demuxer-webm: 4f35f7cbe854078d1ac9338744f61a02 -> 
  custom:video-encoder-webm-vp8: eb34c28f22e8b96e1ab97ce403110664 -> 
  custom:audio-encoder-webm-vorbis: bf7c407c2cedff20999df2af8eb42d56 -> 
  custom:framework-win-MediaFoundation: 216162199b28c13a410421893ffa2e32 -> 
  custom:container-demuxer-ogg: 62fdf1f143b41e24485cea50d1cbac27 -> 
  custom:video-decoder-webm-vp8: 9c59270c3fd7afecdb556c50c9e8de78 -> 
  custom:audio-decoder-ogg-vorbis: bf7c407c2cedff20999df2af8eb42d56 -> 
========================================================================
Received Prepare
Registering precompiled user dll's ...
Registered in 0.004296 seconds.
Begin MonoManager ReloadAssembly
Symbol file LoadedFromMemory doesn't match image D:\Unity_Project\lab7\Library\PackageCache\com.unity.visualscripting@1.8.0\Editor\VisualScripting.Core\Dependencies\YamlDotNet\Unity.VisualScripting.YamlDotNet.dll
Symbol file LoadedFromMemory doesn't match image D:\Unity_Project\lab7\Library\PackageCache\com.unity.visualscripting@1.8.0\Editor\VisualScripting.Core\Dependencies\DotNetZip\Unity.VisualScripting.IonicZip.dll
Native extension for WindowsStandalone target not found
Native extension for WebGL target not found
Refreshing native plugins compatible for Editor in 0.55 ms, found 3 plugins.
Preloading 0 native plugins for Editor in 0.00 ms.
Mono: successfully reloaded assembly
- Completed reload, in  0.798 seconds
Domain Reload Profiling:
	ReloadAssembly (799ms)
		BeginReloadAssembly (118ms)
			ExecutionOrderSort (0ms)
			DisableScriptedObjects (7ms)
			BackupInstance (0ms)
			ReleaseScriptingObjects (0ms)
			CreateAndSetChildDomain (30ms)
		EndReloadAssembly (601ms)
			LoadAssemblies (70ms)
			RebuildTransferFunctionScriptingTraits (0ms)
			SetupTypeCache (217ms)
			ReleaseScriptCaches (1ms)
			RebuildScriptCaches (35ms)
			SetupLoadedEditorAssemblies (243ms)
				LogAssemblyErrors (0ms)
				InitializePlatformSupportModulesInManaged (11ms)
				SetLoadedEditorAssemblies (0ms)
				RefreshPlugins (1ms)
				BeforeProcessingInitializeOnLoad (49ms)
				ProcessInitializeOnLoadAttributes (163ms)
				ProcessInitializeOnLoadMethodAttributes (16ms)
				AfterProcessingInitializeOnLoad (2ms)
				EditorAssembliesLoaded (0ms)
			ExecutionOrderSort2 (0ms)
			AwakeInstancesAfterBackupRestoration (5ms)
Platform modules already initialized, skipping
Refreshing native plugins compatible for Editor in 1.56 ms, found 3 plugins.
Preloading 0 native plugins for Editor in 0.00 ms.
Unloading 3044 Unused Serialized files (Serialized files now loaded: 0)
Unloading 17 unused Assets / (79.9 KB). Loaded Objects now: 3585.
Memory consumption went from 125.4 MB to 125.4 MB.
Total: 4.261700 ms (FindLiveObjects: 0.405200 ms CreateObjectMapping: 0.195600 ms MarkObjects: 3.566600 ms  DeleteObjects: 0.092300 ms)

AssetImportParameters requested are different than current active one (requested -> active):
  custom:video-decoder-ogg-theora: a1e56fd34408186e4bbccfd4996cb3dc -> 
  custom:container-muxer-webm: aa71ff27fc2769a1b78a27578f13a17b -> 
  custom:container-demuxer-webm: 4f35f7cbe854078d1ac9338744f61a02 -> 
  custom:video-encoder-webm-vp8: eb34c28f22e8b96e1ab97ce403110664 -> 
  custom:audio-encoder-webm-vorbis: bf7c407c2cedff20999df2af8eb42d56 -> 
  custom:framework-win-MediaFoundation: 216162199b28c13a410421893ffa2e32 -> 
  custom:container-demuxer-ogg: 62fdf1f143b41e24485cea50d1cbac27 -> 
  custom:video-decoder-webm-vp8: 9c59270c3fd7afecdb556c50c9e8de78 -> 
  custom:audio-decoder-ogg-vorbis: bf7c407c2cedff20999df2af8eb42d56 -> 
========================================================================
Received Import Request.
  Time since last request: 213.874802 seconds.
  path: Assets/Anim/Fast Run.fbx
  artifactKey: Guid(d31b8055c9e610544b192e4bf288b957) Importer(815301076,1909f56bfc062723c751e8b465ee728b)
Start importing Assets/Anim/Fast Run.fbx using Guid(d31b8055c9e610544b192e4bf288b957) Importer(815301076,1909f56bfc062723c751e8b465ee728b)  -> (artifact id: '8fe537d8c16c1cb3790fb8787acdbf47') in 0.155941 seconds 
========================================================================
Received Import Request.
  Time since last request: 9.312914 seconds.
  path: Assets/Anim/Fast Run.fbx
  artifactKey: Guid(d31b8055c9e610544b192e4bf288b957) Importer(815301076,1909f56bfc062723c751e8b465ee728b)
Start importing Assets/Anim/Fast Run.fbx using Guid(d31b8055c9e610544b192e4bf288b957) Importer(815301076,1909f56bfc062723c751e8b465ee728b)  -> (artifact id: 'b39ee2bbbde7d9cb65c16c7958cab479') in 0.097905 seconds 
========================================================================
Received Import Request.
  Time since last request: 3.950866 seconds.
  path: Assets/Anim/Idle (2).fbx
  artifactKey: Guid(ed152ca02bcd902459d83d71b9f687ed) Importer(815301076,1909f56bfc062723c751e8b465ee728b)
Start importing Assets/Anim/Idle (2).fbx using Guid(ed152ca02bcd902459d83d71b9f687ed) Importer(815301076,1909f56bfc062723c751e8b465ee728b)  -> (artifact id: 'f347f623647178bb57d83065db5de085') in 0.134419 seconds 
========================================================================
Received Import Request.
  Time since last request: 2.420951 seconds.
  path: Assets/Anim/Right Turn.fbx
  artifactKey: Guid(3f27e0e4f7187f4408e12f0c24f64b44) Importer(815301076,1909f56bfc062723c751e8b465ee728b)
Start importing Assets/Anim/Right Turn.fbx using Guid(3f27e0e4f7187f4408e12f0c24f64b44) Importer(815301076,1909f56bfc062723c751e8b465ee728b)  -> (artifact id: '29acc4489c62111ca55a59436ce3679d') in 0.130934 seconds 
========================================================================
Received Import Request.
  Time since last request: 2.552830 seconds.
  path: Assets/Anim/Walking Backward.fbx
  artifactKey: Guid(41ec41823a84c4d4ba78fa23d08a2491) Importer(815301076,1909f56bfc062723c751e8b465ee728b)
Start importing Assets/Anim/Walking Backward.fbx using Guid(41ec41823a84c4d4ba78fa23d08a2491) Importer(815301076,1909f56bfc062723c751e8b465ee728b)  -> (artifact id: '878b0d23914a8a1fb2e843257ac85fa7') in 0.068056 seconds 
========================================================================
Received Import Request.
  Time since last request: 3.146875 seconds.
  path: Assets/Anim/Walking.fbx
  artifactKey: Guid(347166a8cb0f9d04b9db11fa995320a1) Importer(815301076,1909f56bfc062723c751e8b465ee728b)
Start importing Assets/Anim/Walking.fbx using Guid(347166a8cb0f9d04b9db11fa995320a1) Importer(815301076,1909f56bfc062723c751e8b465ee728b)  -> (artifact id: 'ba9e3c3aa945b1bbe6bc5a64c7aefd7b') in 0.068817 seconds 
